-- Using default output directory /home/tasnim/ns-allinone-3.41/ns-3.41/build
-- [33mProceeding without cmake-format[0m
-- find_external_library: SQLite3 was found.
-- GSL was found.
-- [33mdocs: doxygen documentation not enabled due to missing dependencies: doxygen dot dia[0m
-- Failed to locate sphinx-build executable (missing: SPHINX_EXECUTABLE) 
-- [33mdocs: sphinx documentation not enabled due to missing dependencies: Sphinx epstopdf pdflatex latexmk convert dvipng[0m
-- Precompiled headers were enabled
-- Processing src/antenna
-- Processing src/aodv
-- Processing src/applications
-- Processing src/bridge
-- Processing src/brite
-- [33mSkipping src/brite[0m
-- Processing src/buildings
-- Processing src/click
-- [33mSkipping src/click[0m
-- Processing src/config-store
-- Processing src/core
-- Boost Units have been found.
-- Processing src/csma
-- Processing src/csma-layout
-- Processing src/dsdv
-- Processing src/dsr
-- Processing src/energy
-- Processing src/fd-net-device
-- Checking for module 'libdpdk'
--   No package 'libdpdk' found
-- Processing src/flow-monitor
-- Processing src/internet
-- Processing src/internet-apps
-- Processing src/lr-wpan
-- Processing src/lte
-- Processing src/mesh
-- Processing src/mobility
-- Processing src/netanim
-- Processing src/network
-- Processing src/nix-vector-routing
-- Processing src/olsr
-- Processing src/openflow
-- [33mSkipping src/openflow[0m
-- Processing src/point-to-point
-- Processing src/point-to-point-layout
-- Processing src/propagation
-- Processing src/sixlowpan
-- Processing src/spectrum
-- Processing src/stats
-- Processing src/tap-bridge
-- Processing src/topology-read
-- Processing src/traffic-control
-- Processing src/uan
-- Processing src/virtual-net-device
-- Processing src/wifi
-- Processing src/wimax
-- ---- Summary of ns-3 settings:
Build profile                 : default
Build directory               : /home/tasnim/ns-allinone-3.41/ns-3.41/build
Build with runtime asserts    : [32mON[0m
Build with runtime logging    : [32mON[0m
Build version embedding       : OFF (not requested)
BRITE Integration             : [31mOFF (Missing headers: "Brite.h" and missing libraries: "brite")[0m
DES Metrics event collection  : OFF (not requested)
DPDK NetDevice                : OFF (not requested)
Emulation FdNetDevice         : [32mON[0m
Examples                      : OFF (not requested)
File descriptor NetDevice     : [32mON[0m
GNU Scientific Library (GSL)  : [32mON[0m
GtkConfigStore                : [32mON[0m
LibXml2 support               : [32mON[0m
MPI Support                   : OFF (not requested)
ns-3 Click Integration        : [31mOFF (Missing headers: "simclick.h" and missing libraries: "nsclick click")[0m
ns-3 OpenFlow Integration     : [31mOFF (Missing headers: "openflow.h" and missing libraries: "openflow")[0m
Netmap emulation FdNetDevice  : [31mOFF (missing dependency)[0m
PyViz visualizer              : [31mOFF (Python Bindings are disabled)[0m
Python Bindings               : OFF (not requested)
SQLite support                : [32mON[0m
Eigen3 support                : [32mON[0m
Tap Bridge                    : [32mON[0m
Tap FdNetDevice               : [32mON[0m
Tests                         : OFF (not requested)


Modules configured to be built:
antenna                   aodv                      applications              
bridge                    buildings                 config-store              
core                      csma                      csma-layout               
dsdv                      dsr                       energy                    
fd-net-device             flow-monitor              internet                  
internet-apps             lr-wpan                   lte                       
mesh                      mobility                  netanim                   
network                   nix-vector-routing        olsr                      
point-to-point            point-to-point-layout     propagation               
sixlowpan                 spectrum                  stats                     
tap-bridge                topology-read             traffic-control           
uan                       virtual-net-device        wifi                      
wimax                     

Modules that cannot be built:
brite                     click                     mpi                       
openflow                  test                      visualizer                



-- Configuring done
-- Generating done
-- Build files have been written to: /home/tasnim/ns-allinone-3.41/ns-3.41/cmake-cache
Warn about uninitialized values.
-- Using default output directory /home/tasnim/ns-allinone-3.41/ns-3.41/build
-- [33mProceeding without cmake-format[0m
-- find_external_library: SQLite3 was found.
-- GSL was found.
-- [33mdocs: doxygen documentation not enabled due to missing dependencies: doxygen dot dia[0m
-- Failed to locate sphinx-build executable (missing: SPHINX_EXECUTABLE) 
-- [33mdocs: sphinx documentation not enabled due to missing dependencies: Sphinx epstopdf pdflatex latexmk convert dvipng[0m
-- Precompiled headers were enabled
-- Processing src/antenna
-- Processing src/aodv
-- Processing src/applications
-- Processing src/bridge
-- Processing src/brite
-- [33mSkipping src/brite[0m
-- Processing src/buildings
-- Processing src/click
-- [33mSkipping src/click[0m
-- Processing src/config-store
-- Processing src/core
-- Boost Units have been found.
-- Processing src/csma
-- Processing src/csma-layout
-- Processing src/dsdv
-- Processing src/dsr
-- Processing src/energy
-- Processing src/fd-net-device
-- Checking for module 'libdpdk'
--   No package 'libdpdk' found
-- Processing src/flow-monitor
-- Processing src/internet
-- Processing src/internet-apps
-- Processing src/lr-wpan
-- Processing src/lte
-- Processing src/mesh
-- Processing src/mobility
-- Processing src/netanim
-- Processing src/network
-- Processing src/nix-vector-routing
-- Processing src/olsr
-- Processing src/openflow
-- [33mSkipping src/openflow[0m
-- Processing src/point-to-point
-- Processing src/point-to-point-layout
-- Processing src/propagation
-- Processing src/sixlowpan
-- Processing src/spectrum
-- Processing src/stats
-- Processing src/tap-bridge
-- Processing src/topology-read
-- Processing src/traffic-control
-- Processing src/uan
-- Processing src/virtual-net-device
-- Processing src/wifi
-- Processing src/wimax
-- ---- Summary of ns-3 settings:
Build profile                 : default
Build directory               : /home/tasnim/ns-allinone-3.41/ns-3.41/build
Build with runtime asserts    : [32mON[0m
Build with runtime logging    : [32mON[0m
Build version embedding       : OFF (not requested)
BRITE Integration             : [31mOFF (Missing headers: "Brite.h" and missing libraries: "brite")[0m
DES Metrics event collection  : OFF (not requested)
DPDK NetDevice                : OFF (not requested)
Emulation FdNetDevice         : [32mON[0m
Examples                      : OFF (not requested)
File descriptor NetDevice     : [32mON[0m
GNU Scientific Library (GSL)  : [32mON[0m
GtkConfigStore                : [32mON[0m
LibXml2 support               : [32mON[0m
MPI Support                   : OFF (not requested)
ns-3 Click Integration        : [31mOFF (Missing headers: "simclick.h" and missing libraries: "nsclick click")[0m
ns-3 OpenFlow Integration     : [31mOFF (Missing headers: "openflow.h" and missing libraries: "openflow")[0m
Netmap emulation FdNetDevice  : [31mOFF (missing dependency)[0m
PyViz visualizer              : [31mOFF (Python Bindings are disabled)[0m
Python Bindings               : OFF (not requested)
SQLite support                : [32mON[0m
Eigen3 support                : [32mON[0m
Tap Bridge                    : [32mON[0m
Tap FdNetDevice               : [32mON[0m
Tests                         : OFF (not requested)


Modules configured to be built:
antenna                   aodv                      applications              
bridge                    buildings                 config-store              
core                      csma                      csma-layout               
dsdv                      dsr                       energy                    
fd-net-device             flow-monitor              internet                  
internet-apps             lr-wpan                   lte                       
mesh                      mobility                  netanim                   
network                   nix-vector-routing        olsr                      
point-to-point            point-to-point-layout     propagation               
sixlowpan                 spectrum                  stats                     
tap-bridge                topology-read             traffic-control           
uan                       virtual-net-device        wifi                      
wimax                     

Modules that cannot be built:
brite                     click                     mpi                       
openflow                  test                      visualizer                



-- Configuring done
-- Generating done
-- Build files have been written to: /home/tasnim/ns-allinone-3.41/ns-3.41/cmake-cache
Finished executing the following commands:
/usr/bin/cmake -S /home/tasnim/ns-allinone-3.41/ns-3.41 -B /home/tasnim/ns-allinone-3.41/ns-3.41/cmake-cache --warn-uninitialized
[0/2] Re-checking globbed directories...
[1/2] Building CXX object scratch/CMakeFiles/scratch_sample_0040.dir/sample_0040.cc.o
FAILED: scratch/CMakeFiles/scratch_sample_0040.dir/sample_0040.cc.o 
/usr/bin/c++ -DEIGEN_MPL2_ONLY -DHAVE_BOOST -DHAVE_BOOST_UNITS -DHAVE_EIGEN3 -DHAVE_GSL -DHAVE_LIBXML2 -DHAVE_PACKET_H -DHAVE_SQLITE3 -DNS3_ASSERT_ENABLE -DNS3_BUILD_PROFILE_DEBUG -DNS3_LOG_ENABLE -DPROJECT_SOURCE_PATH=\"/home/tasnim/ns-allinone-3.41/ns-3.41\" -DRAW_SOCK_CREATOR=\"/home/tasnim/ns-allinone-3.41/ns-3.41/build/src/fd-net-device/ns3.41-raw-sock-creator-default\" -DTAP_DEV_CREATOR=\"/home/tasnim/ns-allinone-3.41/ns-3.41/build/src/fd-net-device/ns3.41-tap-device-creator-default\" -D__LINUX__ -I/home/tasnim/ns-allinone-3.41/ns-3.41/build/include -I/usr -I/usr/include/eigen3 -I/usr/include/freetype2 -I/usr/include/glib-2.0 -I/usr/lib/x86_64-linux-gnu/glib-2.0/include -I/usr/include/gdk-pixbuf-2.0 -I/usr/include/gtk-3.0 -I/usr/include/cairo -I/usr/include/pango-1.0 -I/usr/include/harfbuzz -I/usr/include/atk-1.0 -I/usr/include/libxml2 -O2 -g -DNDEBUG -fPIE   -fno-semantic-interposition -fdiagnostics-color=always -Wall -std=c++20 -Winvalid-pch -include /home/tasnim/ns-allinone-3.41/ns-3.41/cmake-cache/CMakeFiles/stdlib_pch_exec.dir/cmake_pch.hxx -MD -MT scratch/CMakeFiles/scratch_sample_0040.dir/sample_0040.cc.o -MF scratch/CMakeFiles/scratch_sample_0040.dir/sample_0040.cc.o.d -o scratch/CMakeFiles/scratch_sample_0040.dir/sample_0040.cc.o -c /home/tasnim/ns-allinone-3.41/ns-3.41/scratch/sample_0040.cc
/home/tasnim/ns-allinone-3.41/ns-3.41/scratch/sample_0040.cc: In function â€˜int main(int, char**)â€™:
/home/tasnim/ns-allinone-3.41/ns-3.41/scratch/sample_0040.cc:70:76: error: no matching function for call to â€˜ns3::StringValue::StringValue(ns3::TimeValue)â€™
   70 |     p2p.SetChannelAttribute("Delay", StringValue(TimeValue(MilliSeconds(2))));
      |                                                                            ^
In file included from /home/tasnim/ns-allinone-3.41/ns-3.41/build/include/ns3/attribute-helper.h:1,
                 from /home/tasnim/ns-allinone-3.41/ns-3.41/src/network/model/address.h:25,
                 from /home/tasnim/ns-allinone-3.41/ns-3.41/build/include/ns3/address.h:1,
                 from /home/tasnim/ns-allinone-3.41/ns-3.41/src/applications/helper/bulk-send-helper.h:25,
                 from /home/tasnim/ns-allinone-3.41/ns-3.41/build/include/ns3/bulk-send-helper.h:1,
                 from /home/tasnim/ns-allinone-3.41/ns-3.41/build/include/ns3/applications-module.h:6,
                 from /home/tasnim/ns-allinone-3.41/ns-3.41/scratch/sample_0040.cc:2:
/home/tasnim/ns-allinone-3.41/ns-3.41/src/core/model/string.h:56:47: note: candidate: â€˜ns3::StringValue::StringValue(const string&)â€™
   56 | ATTRIBUTE_VALUE_DEFINE_WITH_NAME(std::string, String);
      |                                               ^~~~~~
/home/tasnim/ns-allinone-3.41/ns-3.41/src/core/model/attribute-helper.h:208:9: note: in definition of macro â€˜ATTRIBUTE_VALUE_DEFINE_WITH_NAMEâ€™
  208 |         name##Value(const type& value);                                                            \
      |         ^~~~
/home/tasnim/ns-allinone-3.41/ns-3.41/src/core/model/attribute-helper.h:208:33: note:   no known conversion for argument 1 from â€˜ns3::TimeValueâ€™ to â€˜const string&â€™ {aka â€˜const std::__cxx11::basic_string<char>&â€™}
  208 |         name##Value(const type& value);                                                            \
      |                     ~~~~~~~~~~~~^~~~~
/home/tasnim/ns-allinone-3.41/ns-3.41/src/core/model/string.h:56:1: note: in expansion of macro â€˜ATTRIBUTE_VALUE_DEFINE_WITH_NAMEâ€™
   56 | ATTRIBUTE_VALUE_DEFINE_WITH_NAME(std::string, String);
      | ^~~~~~~~~~~~~~~~~~~~~~~~~~~~~~~~
/home/tasnim/ns-allinone-3.41/ns-3.41/src/core/model/string.h:56:47: note: candidate: â€˜ns3::StringValue::StringValue()â€™
   56 | ATTRIBUTE_VALUE_DEFINE_WITH_NAME(std::string, String);
      |                                               ^~~~~~
/home/tasnim/ns-allinone-3.41/ns-3.41/src/core/model/attribute-helper.h:207:9: note: in definition of macro â€˜ATTRIBUTE_VALUE_DEFINE_WITH_NAMEâ€™
  207 |         name##Value();                                                                             \
      |         ^~~~
/home/tasnim/ns-allinone-3.41/ns-3.41/src/core/model/string.h:56:47: note:   candidate expects 0 arguments, 1 provided
   56 | ATTRIBUTE_VALUE_DEFINE_WITH_NAME(std::string, String);
      |                                               ^~~~~~
/home/tasnim/ns-allinone-3.41/ns-3.41/src/core/model/attribute-helper.h:207:9: note: in definition of macro â€˜ATTRIBUTE_VALUE_DEFINE_WITH_NAMEâ€™
  207 |         name##Value();                                                                             \
      |         ^~~~
/home/tasnim/ns-allinone-3.41/ns-3.41/src/core/model/string.h:56:47: note: candidate: â€˜ns3::StringValue::StringValue(const ns3::StringValue&)â€™
   56 | ATTRIBUTE_VALUE_DEFINE_WITH_NAME(std::string, String);
      |                                               ^~~~~~
/home/tasnim/ns-allinone-3.41/ns-3.41/src/core/model/attribute-helper.h:204:11: note: in definition of macro â€˜ATTRIBUTE_VALUE_DEFINE_WITH_NAMEâ€™
  204 |     class name##Value : public AttributeValue                                                      \
      |           ^~~~
/home/tasnim/ns-allinone-3.41/ns-3.41/src/core/model/string.h:56:47: note:   no known conversion for argument 1 from â€˜ns3::TimeValueâ€™ to â€˜const ns3::StringValue&â€™
   56 | ATTRIBUTE_VALUE_DEFINE_WITH_NAME(std::string, String);
      |                                               ^~~~~~
/home/tasnim/ns-allinone-3.41/ns-3.41/src/core/model/attribute-helper.h:204:11: note: in definition of macro â€˜ATTRIBUTE_VALUE_DEFINE_WITH_NAMEâ€™
  204 |     class name##Value : public AttributeValue                                                      \
      |           ^~~~
/home/tasnim/ns-allinone-3.41/ns-3.41/src/core/model/string.h:56:47: note: candidate: â€˜ns3::StringValue::StringValue(ns3::StringValue&&)â€™
   56 | ATTRIBUTE_VALUE_DEFINE_WITH_NAME(std::string, String);
      |                                               ^~~~~~
/home/tasnim/ns-allinone-3.41/ns-3.41/src/core/model/attribute-helper.h:204:11: note: in definition of macro â€˜ATTRIBUTE_VALUE_DEFINE_WITH_NAMEâ€™
  204 |     class name##Value : public AttributeValue                                                      \
      |           ^~~~
/home/tasnim/ns-allinone-3.41/ns-3.41/src/core/model/string.h:56:47: note:   no known conversion for argument 1 from â€˜ns3::TimeValueâ€™ to â€˜ns3::StringValue&&â€™
   56 | ATTRIBUTE_VALUE_DEFINE_WITH_NAME(std::string, String);
      |                                               ^~~~~~
/home/tasnim/ns-allinone-3.41/ns-3.41/src/core/model/attribute-helper.h:204:11: note: in definition of macro â€˜ATTRIBUTE_VALUE_DEFINE_WITH_NAMEâ€™
  204 |     class name##Value : public AttributeValue                                                      \
      |           ^~~~
/home/tasnim/ns-allinone-3.41/ns-3.41/scratch/sample_0040.cc:77:78: error: no matching function for call to â€˜ns3::StringValue::StringValue(ns3::TimeValue)â€™
   77 |     p2p.SetChannelAttribute("Delay", StringValue(TimeValue(MilliSeconds(100))));
      |                                                                              ^
In file included from /home/tasnim/ns-allinone-3.41/ns-3.41/build/include/ns3/attribute-helper.h:1,
                 from /home/tasnim/ns-allinone-3.41/ns-3.41/src/network/model/address.h:25,
                 from /home/tasnim/ns-allinone-3.41/ns-3.41/build/include/ns3/address.h:1,
                 from /home/tasnim/ns-allinone-3.41/ns-3.41/src/applications/helper/bulk-send-helper.h:25,
                 from /home/tasnim/ns-allinone-3.41/ns-3.41/build/include/ns3/bulk-send-helper.h:1,
                 from /home/tasnim/ns-allinone-3.41/ns-3.41/build/include/ns3/applications-module.h:6,
                 from /home/tasnim/ns-allinone-3.41/ns-3.41/scratch/sample_0040.cc:2:
/home/tasnim/ns-allinone-3.41/ns-3.41/src/core/model/string.h:56:47: note: candidate: â€˜ns3::StringValue::StringValue(const string&)â€™
   56 | ATTRIBUTE_VALUE_DEFINE_WITH_NAME(std::string, String);
      |                                               ^~~~~~
/home/tasnim/ns-allinone-3.41/ns-3.41/src/core/model/attribute-helper.h:208:9: note: in definition of macro â€˜ATTRIBUTE_VALUE_DEFINE_WITH_NAMEâ€™
  208 |         name##Value(const type& value);                                                            \
      |         ^~~~
/home/tasnim/ns-allinone-3.41/ns-3.41/src/core/model/attribute-helper.h:208:33: note:   no known conversion for argument 1 from â€˜ns3::TimeValueâ€™ to â€˜const string&â€™ {aka â€˜const std::__cxx11::basic_string<char>&â€™}
  208 |         name##Value(const type& value);                                                            \
      |                     ~~~~~~~~~~~~^~~~~
/home/tasnim/ns-allinone-3.41/ns-3.41/src/core/model/string.h:56:1: note: in expansion of macro â€˜ATTRIBUTE_VALUE_DEFINE_WITH_NAMEâ€™
   56 | ATTRIBUTE_VALUE_DEFINE_WITH_NAME(std::string, String);
      | ^~~~~~~~~~~~~~~~~~~~~~~~~~~~~~~~
/home/tasnim/ns-allinone-3.41/ns-3.41/src/core/model/string.h:56:47: note: candidate: â€˜ns3::StringValue::StringValue()â€™
   56 | ATTRIBUTE_VALUE_DEFINE_WITH_NAME(std::string, String);
      |                                               ^~~~~~
/home/tasnim/ns-allinone-3.41/ns-3.41/src/core/model/attribute-helper.h:207:9: note: in definition of macro â€˜ATTRIBUTE_VALUE_DEFINE_WITH_NAMEâ€™
  207 |         name##Value();                                                                             \
      |         ^~~~
/home/tasnim/ns-allinone-3.41/ns-3.41/src/core/model/string.h:56:47: note:   candidate expects 0 arguments, 1 provided
   56 | ATTRIBUTE_VALUE_DEFINE_WITH_NAME(std::string, String);
      |                                               ^~~~~~
/home/tasnim/ns-allinone-3.41/ns-3.41/src/core/model/attribute-helper.h:207:9: note: in definition of macro â€˜ATTRIBUTE_VALUE_DEFINE_WITH_NAMEâ€™
  207 |         name##Value();                                                                             \
      |         ^~~~
/home/tasnim/ns-allinone-3.41/ns-3.41/src/core/model/string.h:56:47: note: candidate: â€˜ns3::StringValue::StringValue(const ns3::StringValue&)â€™
   56 | ATTRIBUTE_VALUE_DEFINE_WITH_NAME(std::string, String);
      |                                               ^~~~~~
/home/tasnim/ns-allinone-3.41/ns-3.41/src/core/model/attribute-helper.h:204:11: note: in definition of macro â€˜ATTRIBUTE_VALUE_DEFINE_WITH_NAMEâ€™
  204 |     class name##Value : public AttributeValue                                                      \
      |           ^~~~
/home/tasnim/ns-allinone-3.41/ns-3.41/src/core/model/string.h:56:47: note:   no known conversion for argument 1 from â€˜ns3::TimeValueâ€™ to â€˜const ns3::StringValue&â€™
   56 | ATTRIBUTE_VALUE_DEFINE_WITH_NAME(std::string, String);
      |                                               ^~~~~~
/home/tasnim/ns-allinone-3.41/ns-3.41/src/core/model/attribute-helper.h:204:11: note: in definition of macro â€˜ATTRIBUTE_VALUE_DEFINE_WITH_NAMEâ€™
  204 |     class name##Value : public AttributeValue                                                      \
      |           ^~~~
/home/tasnim/ns-allinone-3.41/ns-3.41/src/core/model/string.h:56:47: note: candidate: â€˜ns3::StringValue::StringValue(ns3::StringValue&&)â€™
   56 | ATTRIBUTE_VALUE_DEFINE_WITH_NAME(std::string, String);
      |                                               ^~~~~~
/home/tasnim/ns-allinone-3.41/ns-3.41/src/core/model/attribute-helper.h:204:11: note: in definition of macro â€˜ATTRIBUTE_VALUE_DEFINE_WITH_NAMEâ€™
  204 |     class name##Value : public AttributeValue                                                      \
      |           ^~~~
/home/tasnim/ns-allinone-3.41/ns-3.41/src/core/model/string.h:56:47: note:   no known conversion for argument 1 from â€˜ns3::TimeValueâ€™ to â€˜ns3::StringValue&&â€™
   56 | ATTRIBUTE_VALUE_DEFINE_WITH_NAME(std::string, String);
      |                                               ^~~~~~
/home/tasnim/ns-allinone-3.41/ns-3.41/src/core/model/attribute-helper.h:204:11: note: in definition of macro â€˜ATTRIBUTE_VALUE_DEFINE_WITH_NAMEâ€™
  204 |     class name##Value : public AttributeValue                                                      \
      |           ^~~~
/home/tasnim/ns-allinone-3.41/ns-3.41/scratch/sample_0040.cc:80:77: error: no matching function for call to â€˜ns3::StringValue::StringValue(ns3::TimeValue)â€™
   80 |     p2p.SetChannelAttribute("Delay", StringValue(TimeValue(MilliSeconds(10))));
      |                                                                             ^
In file included from /home/tasnim/ns-allinone-3.41/ns-3.41/build/include/ns3/attribute-helper.h:1,
                 from /home/tasnim/ns-allinone-3.41/ns-3.41/src/network/model/address.h:25,
                 from /home/tasnim/ns-allinone-3.41/ns-3.41/build/include/ns3/address.h:1,
                 from /home/tasnim/ns-allinone-3.41/ns-3.41/src/applications/helper/bulk-send-helper.h:25,
                 from /home/tasnim/ns-allinone-3.41/ns-3.41/build/include/ns3/bulk-send-helper.h:1,
                 from /home/tasnim/ns-allinone-3.41/ns-3.41/build/include/ns3/applications-module.h:6,
                 from /home/tasnim/ns-allinone-3.41/ns-3.41/scratch/sample_0040.cc:2:
/home/tasnim/ns-allinone-3.41/ns-3.41/src/core/model/string.h:56:47: note: candidate: â€˜ns3::StringValue::StringValue(const string&)â€™
   56 | ATTRIBUTE_VALUE_DEFINE_WITH_NAME(std::string, String);
      |                                               ^~~~~~
/home/tasnim/ns-allinone-3.41/ns-3.41/src/core/model/attribute-helper.h:208:9: note: in definition of macro â€˜ATTRIBUTE_VALUE_DEFINE_WITH_NAMEâ€™
  208 |         name##Value(const type& value);                                                            \
      |         ^~~~
/home/tasnim/ns-allinone-3.41/ns-3.41/src/core/model/attribute-helper.h:208:33: note:   no known conversion for argument 1 from â€˜ns3::TimeValueâ€™ to â€˜const string&â€™ {aka â€˜const std::__cxx11::basic_string<char>&â€™}
  208 |         name##Value(const type& value);                                                            \
      |                     ~~~~~~~~~~~~^~~~~
/home/tasnim/ns-allinone-3.41/ns-3.41/src/core/model/string.h:56:1: note: in expansion of macro â€˜ATTRIBUTE_VALUE_DEFINE_WITH_NAMEâ€™
   56 | ATTRIBUTE_VALUE_DEFINE_WITH_NAME(std::string, String);
      | ^~~~~~~~~~~~~~~~~~~~~~~~~~~~~~~~
/home/tasnim/ns-allinone-3.41/ns-3.41/src/core/model/string.h:56:47: note: candidate: â€˜ns3::StringValue::StringValue()â€™
   56 | ATTRIBUTE_VALUE_DEFINE_WITH_NAME(std::string, String);
      |                                               ^~~~~~
/home/tasnim/ns-allinone-3.41/ns-3.41/src/core/model/attribute-helper.h:207:9: note: in definition of macro â€˜ATTRIBUTE_VALUE_DEFINE_WITH_NAMEâ€™
  207 |         name##Value();                                                                             \
      |         ^~~~
/home/tasnim/ns-allinone-3.41/ns-3.41/src/core/model/string.h:56:47: note:   candidate expects 0 arguments, 1 provided
   56 | ATTRIBUTE_VALUE_DEFINE_WITH_NAME(std::string, String);
      |                                               ^~~~~~
/home/tasnim/ns-allinone-3.41/ns-3.41/src/core/model/attribute-helper.h:207:9: note: in definition of macro â€˜ATTRIBUTE_VALUE_DEFINE_WITH_NAMEâ€™
  207 |         name##Value();                                                                             \
      |         ^~~~
/home/tasnim/ns-allinone-3.41/ns-3.41/src/core/model/string.h:56:47: note: candidate: â€˜ns3::StringValue::StringValue(const ns3::StringValue&)â€™
   56 | ATTRIBUTE_VALUE_DEFINE_WITH_NAME(std::string, String);
      |                                               ^~~~~~
/home/tasnim/ns-allinone-3.41/ns-3.41/src/core/model/attribute-helper.h:204:11: note: in definition of macro â€˜ATTRIBUTE_VALUE_DEFINE_WITH_NAMEâ€™
  204 |     class name##Value : public AttributeValue                                                      \
      |           ^~~~
/home/tasnim/ns-allinone-3.41/ns-3.41/src/core/model/string.h:56:47: note:   no known conversion for argument 1 from â€˜ns3::TimeValueâ€™ to â€˜const ns3::StringValue&â€™
   56 | ATTRIBUTE_VALUE_DEFINE_WITH_NAME(std::string, String);
      |                                               ^~~~~~
/home/tasnim/ns-allinone-3.41/ns-3.41/src/core/model/attribute-helper.h:204:11: note: in definition of macro â€˜ATTRIBUTE_VALUE_DEFINE_WITH_NAMEâ€™
  204 |     class name##Value : public AttributeValue                                                      \
      |           ^~~~
/home/tasnim/ns-allinone-3.41/ns-3.41/src/core/model/string.h:56:47: note: candidate: â€˜ns3::StringValue::StringValue(ns3::StringValue&&)â€™
   56 | ATTRIBUTE_VALUE_DEFINE_WITH_NAME(std::string, String);
      |                                               ^~~~~~
/home/tasnim/ns-allinone-3.41/ns-3.41/src/core/model/attribute-helper.h:204:11: note: in definition of macro â€˜ATTRIBUTE_VALUE_DEFINE_WITH_NAMEâ€™
  204 |     class name##Value : public AttributeValue                                                      \
      |           ^~~~
/home/tasnim/ns-allinone-3.41/ns-3.41/src/core/model/string.h:56:47: note:   no known conversion for argument 1 from â€˜ns3::TimeValueâ€™ to â€˜ns3::StringValue&&â€™
   56 | ATTRIBUTE_VALUE_DEFINE_WITH_NAME(std::string, String);
      |                                               ^~~~~~
/home/tasnim/ns-allinone-3.41/ns-3.41/src/core/model/attribute-helper.h:204:11: note: in definition of macro â€˜ATTRIBUTE_VALUE_DEFINE_WITH_NAMEâ€™
  204 |     class name##Value : public AttributeValue                                                      \
      |           ^~~~
/home/tasnim/ns-allinone-3.41/ns-3.41/scratch/sample_0040.cc:83:9: error: â€˜Eigrpâ€™ was not declared in this scope
   83 |     Ptr<Eigrp> eigrpRouting = CreateObject<Eigrp>();
      |         ^~~~~
/home/tasnim/ns-allinone-3.41/ns-3.41/scratch/sample_0040.cc:83:14: error: template argument 1 is invalid
   83 |     Ptr<Eigrp> eigrpRouting = CreateObject<Eigrp>();
      |              ^
/home/tasnim/ns-allinone-3.41/ns-3.41/scratch/sample_0040.cc:83:50: error: no matching function for call to â€˜CreateObject<Eigrp>()â€™
   83 |     Ptr<Eigrp> eigrpRouting = CreateObject<Eigrp>();
      |                               ~~~~~~~~~~~~~~~~~~~^~
In file included from /home/tasnim/ns-allinone-3.41/ns-3.41/build/include/ns3/object.h:1,
                 from /home/tasnim/ns-allinone-3.41/ns-3.41/src/network/model/net-device.h:29,
                 from /home/tasnim/ns-allinone-3.41/ns-3.41/src/network/model/node.h:23,
                 from /home/tasnim/ns-allinone-3.41/ns-3.41/src/network/model/application.h:23,
                 from /home/tasnim/ns-allinone-3.41/ns-3.41/build/include/ns3/application.h:1,
                 from /home/tasnim/ns-allinone-3.41/ns-3.41/src/network/helper/application-container.h:23,
                 from /home/tasnim/ns-allinone-3.41/ns-3.41/build/include/ns3/application-container.h:1,
                 from /home/tasnim/ns-allinone-3.41/ns-3.41/src/applications/helper/bulk-send-helper.h:26,
                 from /home/tasnim/ns-allinone-3.41/ns-3.41/build/include/ns3/bulk-send-helper.h:1,
                 from /home/tasnim/ns-allinone-3.41/ns-3.41/build/include/ns3/applications-module.h:6,
                 from /home/tasnim/ns-allinone-3.41/ns-3.41/scratch/sample_0040.cc:2:
/home/tasnim/ns-allinone-3.41/ns-3.41/src/core/model/object.h:579:1: note: candidate: â€˜template<class T, class ... Args> ns3::Ptr<T> ns3::CreateObject(Args&& ...)â€™
  579 | CreateObject(Args&&... args)
      | ^~~~~~~~~~~~
/home/tasnim/ns-allinone-3.41/ns-3.41/src/core/model/object.h:579:1: note:   template argument deduction/substitution failed:
/home/tasnim/ns-allinone-3.41/ns-3.41/scratch/sample_0040.cc:89:5: error: â€˜Regionâ€™ was not declared in this scope
   89 |     Region region = Region();
      |     ^~~~~~
/home/tasnim/ns-allinone-3.41/ns-3.41/scratch/sample_0040.cc:90:5: error: â€˜regionâ€™ was not declared in this scope
   90 |     region.SetID(5);
      |     ^~~~~~
/home/tasnim/ns-allinone-3.41/ns-3.41/scratch/sample_0040.cc:95:11: error: expected â€˜;â€™ before â€˜region2â€™
   95 |     Region region2 = Region();
      |           ^~~~~~~~
      |           ;
/home/tasnim/ns-allinone-3.41/ns-3.41/scratch/sample_0040.cc:96:5: error: â€˜region2â€™ was not declared in this scope
   96 |     region2.SetID(42);
      |     ^~~~~~~
/home/tasnim/ns-allinone-3.41/ns-3.41/scratch/sample_0040.cc:101:11: error: expected â€˜;â€™ before â€˜region3â€™
  101 |     Region region3 = Region();
      |           ^~~~~~~~
      |           ;
/home/tasnim/ns-allinone-3.41/ns-3.41/scratch/sample_0040.cc:102:5: error: â€˜region3â€™ was not declared in this scope
  102 |     region3.SetID(6);
      |     ^~~~~~~
/home/tasnim/ns-allinone-3.41/ns-3.41/scratch/sample_0040.cc:106:9: error: â€˜RegionTableâ€™ was not declared in this scope
  106 |     Ptr<RegionTable> rtable = CreateObject<RegionTable>();
      |         ^~~~~~~~~~~
/home/tasnim/ns-allinone-3.41/ns-3.41/scratch/sample_0040.cc:106:20: error: template argument 1 is invalid
  106 |     Ptr<RegionTable> rtable = CreateObject<RegionTable>();
      |                    ^
/home/tasnim/ns-allinone-3.41/ns-3.41/scratch/sample_0040.cc:106:56: error: no matching function for call to â€˜CreateObject<RegionTable>()â€™
  106 |     Ptr<RegionTable> rtable = CreateObject<RegionTable>();
      |                               ~~~~~~~~~~~~~~~~~~~~~~~~~^~
In file included from /home/tasnim/ns-allinone-3.41/ns-3.41/build/include/ns3/object.h:1,
                 from /home/tasnim/ns-allinone-3.41/ns-3.41/src/network/model/net-device.h:29,
                 from /home/tasnim/ns-allinone-3.41/ns-3.41/src/network/model/node.h:23,
                 from /home/tasnim/ns-allinone-3.41/ns-3.41/src/network/model/application.h:23,
                 from /home/tasnim/ns-allinone-3.41/ns-3.41/build/include/ns3/application.h:1,
                 from /home/tasnim/ns-allinone-3.41/ns-3.41/src/network/helper/application-container.h:23,
                 from /home/tasnim/ns-allinone-3.41/ns-3.41/build/include/ns3/application-container.h:1,
                 from /home/tasnim/ns-allinone-3.41/ns-3.41/src/applications/helper/bulk-send-helper.h:26,
                 from /home/tasnim/ns-allinone-3.41/ns-3.41/build/include/ns3/bulk-send-helper.h:1,
                 from /home/tasnim/ns-allinone-3.41/ns-3.41/build/include/ns3/applications-module.h:6,
                 from /home/tasnim/ns-allinone-3.41/ns-3.41/scratch/sample_0040.cc:2:
/home/tasnim/ns-allinone-3.41/ns-3.41/src/core/model/object.h:579:1: note: candidate: â€˜template<class T, class ... Args> ns3::Ptr<T> ns3::CreateObject(Args&& ...)â€™
  579 | CreateObject(Args&&... args)
      | ^~~~~~~~~~~~
/home/tasnim/ns-allinone-3.41/ns-3.41/src/core/model/object.h:579:1: note:   template argument deduction/substitution failed:
/home/tasnim/ns-allinone-3.41/ns-3.41/scratch/sample_0040.cc:107:11: error: base operand of â€˜->â€™ is not a pointer
  107 |     rtable->AddRegion(region);
      |           ^~
/home/tasnim/ns-allinone-3.41/ns-3.41/scratch/sample_0040.cc:108:11: error: base operand of â€˜->â€™ is not a pointer
  108 |     rtable->AddRegion(region2);
      |           ^~
/home/tasnim/ns-allinone-3.41/ns-3.41/scratch/sample_0040.cc:109:11: error: base operand of â€˜->â€™ is not a pointer
  109 |     rtable->AddRegion(region3);
      |           ^~
/home/tasnim/ns-allinone-3.41/ns-3.41/scratch/sample_0040.cc:112:37: error: base operand of â€˜->â€™ is not a pointer
  112 |     for (auto& regionHolder : rtable->GetRegions())
      |                                     ^~
/home/tasnim/ns-allinone-3.41/ns-3.41/scratch/sample_0040.cc:118:5: error: â€˜Ipv4EigrpRoutingHelperâ€™ was not declared in this scope
  118 |     Ipv4EigrpRoutingHelper eigrpRoutingHelper(rtable);
      |     ^~~~~~~~~~~~~~~~~~~~~~
/home/tasnim/ns-allinone-3.41/ns-3.41/scratch/sample_0040.cc:120:15: error: â€˜eigrpRoutingHelperâ€™ was not declared in this scope; did you mean â€˜eigrpRoutingâ€™?
  120 |     eigrp.Add(eigrpRoutingHelper, 10);
      |               ^~~~~~~~~~~~~~~~~~
      |               eigrpRouting
/home/tasnim/ns-allinone-3.41/ns-3.41/scratch/sample_0040.cc:154:5: error: â€˜PrintInterfaceâ€™ was not declared in this scope
  154 |     PrintInterface(i01, 1);
      |     ^~~~~~~~~~~~~~
/home/tasnim/ns-allinone-3.41/ns-3.41/scratch/sample_0040.cc:194:25: error: â€˜iomâ€™ was not declared in this scope
  194 |     Ptr<Eigrp> eigrp0 = iom-static_pointer_cast<>(n0->GetObject<Ipv4RoutingProtocol>());
      |                         ^~~
/home/tasnim/ns-allinone-3.41/ns-3.41/scratch/sample_0040.cc:194:29: error: â€˜static_pointer_castâ€™ was not declared in this scope; did you mean â€˜std::static_pointer_castâ€™?
  194 |     Ptr<Eigrp> eigrp0 = iom-static_pointer_cast<>(n0->GetObject<Ipv4RoutingProtocol>());
      |                             ^~~~~~~~~~~~~~~~~~~~~
      |                             std::static_pointer_cast
In file included from /usr/include/c++/11/memory:77,
                 from /home/tasnim/ns-allinone-3.41/ns-3.41/src/core/model/callback.h:31,
                 from /home/tasnim/ns-allinone-3.41/ns-3.41/src/core/model/type-id.h:25,
                 from /home/tasnim/ns-allinone-3.41/ns-3.41/build/include/ns3/type-id.h:1,
                 from /home/tasnim/ns-allinone-3.41/ns-3.41/src/network/model/byte-tag-list.h:25,
                 from /home/tasnim/ns-allinone-3.41/ns-3.41/src/network/model/packet.h:23,
                 from /home/tasnim/ns-allinone-3.41/ns-3.41/src/network/model/net-device.h:24,
                 from /home/tasnim/ns-allinone-3.41/ns-3.41/src/network/model/node.h:23,
                 from /home/tasnim/ns-allinone-3.41/ns-3.41/src/network/model/application.h:23,
                 from /home/tasnim/ns-allinone-3.41/ns-3.41/build/include/ns3/application.h:1,
                 from /home/tasnim/ns-allinone-3.41/ns-3.41/src/network/helper/application-container.h:23,
                 from /home/tasnim/ns-allinone-3.41/ns-3.41/build/include/ns3/application-container.h:1,
                 from /home/tasnim/ns-allinone-3.41/ns-3.41/src/applications/helper/bulk-send-helper.h:26,
                 from /home/tasnim/ns-allinone-3.41/ns-3.41/build/include/ns3/bulk-send-helper.h:1,
                 from /home/tasnim/ns-allinone-3.41/ns-3.41/build/include/ns3/applications-module.h:6,
                 from /home/tasnim/ns-allinone-3.41/ns-3.41/scratch/sample_0040.cc:2:
/usr/include/c++/11/bits/shared_ptr.h:625:5: note: â€˜std::static_pointer_castâ€™ declared here
  625 |     static_pointer_cast(shared_ptr<_Up>&& __r) noexcept
      |     ^~~~~~~~~~~~~~~~~~~
/home/tasnim/ns-allinone-3.41/ns-3.41/scratch/sample_0040.cc:198:91: error: â€˜ns3::Ipv4RoutingTableEntry::Ipv4RoutingTableEntry(ns3::Ipv4Address, uint32_t)â€™ is private within this context
  198 |     Ipv4RoutingTableEntry staticRoute("10.1.1.5/255.255.255.255 10.1.2.2 10.1.2.1 eth0", 1);
      |                                                                                           ^
In file included from /home/tasnim/ns-allinone-3.41/ns-3.41/src/internet/model/global-router-interface.h:25,
                 from /home/tasnim/ns-allinone-3.41/ns-3.41/src/internet/model/global-route-manager-impl.h:24,
                 from /home/tasnim/ns-allinone-3.41/ns-3.41/build/include/ns3/global-route-manager-impl.h:1,
                 from /home/tasnim/ns-allinone-3.41/ns-3.41/build/include/ns3/internet-module.h:27,
                 from /home/tasnim/ns-allinone-3.41/ns-3.41/scratch/sample_0040.cc:4:
/home/tasnim/ns-allinone-3.41/ns-3.41/src/internet/model/ipv4-routing-table-entry.h:167:5: note: declared private here
  167 |     Ipv4RoutingTableEntry(Ipv4Address dest, uint32_t interface);
      |     ^~~~~~~~~~~~~~~~~~~~~
/home/tasnim/ns-allinone-3.41/ns-3.41/scratch/sample_0040.cc:199:11: error: base operand of â€˜->â€™ is not a pointer
  199 |     eigrp0->AddNetworkRouteTo(staticRoute.GetDest(), staticRoute.GetDestNetworkMask(), 2);
      |           ^~
/home/tasnim/ns-allinone-3.41/ns-3.41/scratch/sample_0040.cc:222:67: error: â€˜class ns3::Ipv4InterfaceAddressâ€™ has no member named â€˜GetAnyâ€™
  222 |         InetSocketAddress(n0->GetObject<Ipv4>()->GetAddress(1, 0).GetAny(), UDP_PORT));
      |                                                                   ^~~~~~
/home/tasnim/ns-allinone-3.41/ns-3.41/scratch/sample_0040.cc:243:5: error: â€˜Ipv4RawSocketFactoryHelperâ€™ was not declared in this scope
  243 |     Ipv4RawSocketFactoryHelper rawSocketFactory;
      |     ^~~~~~~~~~~~~~~~~~~~~~~~~~
/home/tasnim/ns-allinone-3.41/ns-3.41/scratch/sample_0040.cc:245:5: error: â€˜rawSocketFactoryâ€™ was not declared in this scope
  245 |     rawSocketFactory.SetAttribute("Address", Ipv4AddressValue(iaddr));
      |     ^~~~~~~~~~~~~~~~
/home/tasnim/ns-allinone-3.41/ns-3.41/scratch/sample_0040.cc:42:12: warning: unused variable â€˜linksDatRateâ€™ [-Wunused-variable]
   42 |     double linksDatRate = 1.5; // Mbps
      |            ^~~~~~~~~~~~
/home/tasnim/ns-allinone-3.41/ns-3.41/scratch/sample_0040.cc:43:12: warning: unused variable â€˜linkdelayâ€™ [-Wunused-variable]
   43 |     double linkdelay = 10;     // ms
      |            ^~~~~~~~~
/home/tasnim/ns-allinone-3.41/ns-3.41/scratch/sample_0040.cc:44:12: warning: unused variable â€˜tMaxâ€™ [-Wunused-variable]
   44 |     double tMax = 10.0;        // s
      |            ^~~~
/home/tasnim/ns-allinone-3.41/ns-3.41/scratch/sample_0040.cc:45:12: warning: unused variable â€˜tStopâ€™ [-Wunused-variable]
   45 |     double tStop = 120.0;      // s
      |            ^~~~~
/home/tasnim/ns-allinone-3.41/ns-3.41/scratch/sample_0040.cc:83:16: warning: unused variable â€˜eigrpRoutingâ€™ [-Wunused-variable]
   83 |     Ptr<Eigrp> eigrpRouting = CreateObject<Eigrp>();
      |                ^~~~~~~~~~~~
/home/tasnim/ns-allinone-3.41/ns-3.41/scratch/sample_0040.cc:240:14: warning: unused variable â€˜MaxPacketSizeâ€™ [-Wunused-variable]
  240 |     uint32_t MaxPacketSize = 800;
      |              ^~~~~~~~~~~~~
In file included from /home/tasnim/ns-allinone-3.41/ns-3.41/build/include/ns3/object.h:1,
                 from /home/tasnim/ns-allinone-3.41/ns-3.41/src/network/model/net-device.h:29,
                 from /home/tasnim/ns-allinone-3.41/ns-3.41/src/network/model/node.h:23,
                 from /home/tasnim/ns-allinone-3.41/ns-3.41/src/network/model/application.h:23,
                 from /home/tasnim/ns-allinone-3.41/ns-3.41/build/include/ns3/application.h:1,
                 from /home/tasnim/ns-allinone-3.41/ns-3.41/src/network/helper/application-container.h:23,
                 from /home/tasnim/ns-allinone-3.41/ns-3.41/build/include/ns3/application-container.h:1,
                 from /home/tasnim/ns-allinone-3.41/ns-3.41/src/applications/helper/bulk-send-helper.h:26,
                 from /home/tasnim/ns-allinone-3.41/ns-3.41/build/include/ns3/bulk-send-helper.h:1,
                 from /home/tasnim/ns-allinone-3.41/ns-3.41/build/include/ns3/applications-module.h:6,
                 from /home/tasnim/ns-allinone-3.41/ns-3.41/scratch/sample_0040.cc:2:
/home/tasnim/ns-allinone-3.41/ns-3.41/src/core/model/object.h: In instantiation of â€˜ns3::Ptr<T> ns3::CreateObject(Args&& ...) [with T = ns3::Socket; Args = {}]â€™:
/home/tasnim/ns-allinone-3.41/ns-3.41/scratch/sample_0040.cc:218:36:   required from here
/home/tasnim/ns-allinone-3.41/ns-3.41/src/core/model/object.h:581:30: error: invalid new-expression of abstract class type â€˜ns3::Socketâ€™
  581 |     return CompleteConstruct(new T(std::forward<Args>(args)...));
      |                              ^~~~~~~~~~~~~~~~~~~~~~~~~~~~~~~~~~
In file included from /home/tasnim/ns-allinone-3.41/ns-3.41/build/include/ns3/socket.h:1,
                 from /home/tasnim/ns-allinone-3.41/ns-3.41/src/internet/model/ipv4.h:29,
                 from /home/tasnim/ns-allinone-3.41/ns-3.41/build/include/ns3/ipv4.h:1,
                 from /home/tasnim/ns-allinone-3.41/ns-3.41/src/internet/helper/ipv4-interface-container.h:24,
                 from /home/tasnim/ns-allinone-3.41/ns-3.41/src/internet/helper/internet-trace-helper.h:21,
                 from /home/tasnim/ns-allinone-3.41/ns-3.41/src/internet/helper/internet-stack-helper.h:23,
                 from /home/tasnim/ns-allinone-3.41/ns-3.41/build/include/ns3/internet-stack-helper.h:1,
                 from /home/tasnim/ns-allinone-3.41/ns-3.41/build/include/ns3/internet-module.h:6,
                 from /home/tasnim/ns-allinone-3.41/ns-3.41/scratch/sample_0040.cc:4:
/home/tasnim/ns-allinone-3.41/ns-3.41/src/network/model/socket.h:67:7: note:   because the following virtual functions are pure within â€˜ns3::Socketâ€™:
   67 | class Socket : public Object
      |       ^~~~~~
/home/tasnim/ns-allinone-3.41/ns-3.41/src/network/model/socket.h:165:33: note:     â€˜virtual ns3::Socket::SocketErrno ns3::Socket::GetErrno() constâ€™
  165 |     virtual Socket::SocketErrno GetErrno() const = 0;
      |                                 ^~~~~~~~
/home/tasnim/ns-allinone-3.41/ns-3.41/src/network/model/socket.h:169:32: note:     â€˜virtual ns3::Socket::SocketType ns3::Socket::GetSocketType() constâ€™
  169 |     virtual Socket::SocketType GetSocketType() const = 0;
      |                                ^~~~~~~~~~~~~
/home/tasnim/ns-allinone-3.41/ns-3.41/src/network/model/socket.h:174:23: note:     â€˜virtual ns3::Ptr<ns3::Node> ns3::Socket::GetNode() constâ€™
  174 |     virtual Ptr<Node> GetNode() const = 0;
      |                       ^~~~~~~
/home/tasnim/ns-allinone-3.41/ns-3.41/src/network/model/socket.h:264:17: note:     â€˜virtual int ns3::Socket::Bind(const ns3::Address&)â€™
  264 |     virtual int Bind(const Address& address) = 0;
      |                 ^~~~
/home/tasnim/ns-allinone-3.41/ns-3.41/src/network/model/socket.h:271:17: note:     â€˜virtual int ns3::Socket::Bind()â€™
  271 |     virtual int Bind() = 0;
      |                 ^~~~
/home/tasnim/ns-allinone-3.41/ns-3.41/src/network/model/socket.h:278:17: note:     â€˜virtual int ns3::Socket::Bind6()â€™
  278 |     virtual int Bind6() = 0;
      |                 ^~~~~
/home/tasnim/ns-allinone-3.41/ns-3.41/src/network/model/socket.h:287:17: note:     â€˜virtual int ns3::Socket::Close()â€™
  287 |     virtual int Close() = 0;
      |                 ^~~~~
/home/tasnim/ns-allinone-3.41/ns-3.41/src/network/model/socket.h:295:17: note:     â€˜virtual int ns3::Socket::ShutdownSend()â€™
  295 |     virtual int ShutdownSend() = 0;
      |                 ^~~~~~~~~~~~
/home/tasnim/ns-allinone-3.41/ns-3.41/src/network/model/socket.h:303:17: note:     â€˜virtual int ns3::Socket::ShutdownRecv()â€™
  303 |     virtual int ShutdownRecv() = 0;
      |                 ^~~~~~~~~~~~
/home/tasnim/ns-allinone-3.41/ns-3.41/src/network/model/socket.h:310:17: note:     â€˜virtual int ns3::Socket::Connect(const ns3::Address&)â€™
  310 |     virtual int Connect(const Address& address) = 0;
      |                 ^~~~~~~
/home/tasnim/ns-allinone-3.41/ns-3.41/src/network/model/socket.h:316:17: note:     â€˜virtual int ns3::Socket::Listen()â€™
  316 |     virtual int Listen() = 0;
      |                 ^~~~~~
/home/tasnim/ns-allinone-3.41/ns-3.41/src/network/model/socket.h:330:22: note:     â€˜virtual uint32_t ns3::Socket::GetTxAvailable() constâ€™
  330 |     virtual uint32_t GetTxAvailable() const = 0;
      |                      ^~~~~~~~~~~~~~
/home/tasnim/ns-allinone-3.41/ns-3.41/src/network/model/socket.h:377:17: note:     â€˜virtual int ns3::Socket::Send(ns3::Ptr<ns3::Packet>, uint32_t)â€™
  377 |     virtual int Send(Ptr<Packet> p, uint32_t flags) = 0;
      |                 ^~~~
/home/tasnim/ns-allinone-3.41/ns-3.41/src/network/model/socket.h:392:17: note:     â€˜virtual int ns3::Socket::SendTo(ns3::Ptr<ns3::Packet>, uint32_t, const ns3::Address&)â€™
  392 |     virtual int SendTo(Ptr<Packet> p, uint32_t flags, const Address& toAddress) = 0;
      |                 ^~~~~~
/home/tasnim/ns-allinone-3.41/ns-3.41/src/network/model/socket.h:402:22: note:     â€˜virtual uint32_t ns3::Socket::GetRxAvailable() constâ€™
  402 |     virtual uint32_t GetRxAvailable() const = 0;
      |                      ^~~~~~~~~~~~~~
/home/tasnim/ns-allinone-3.41/ns-3.41/src/network/model/socket.h:455:25: note:     â€˜virtual ns3::Ptr<ns3::Packet> ns3::Socket::Recv(uint32_t, uint32_t)â€™
  455 |     virtual Ptr<Packet> Recv(uint32_t maxSize, uint32_t flags) = 0;
      |                         ^~~~
/home/tasnim/ns-allinone-3.41/ns-3.41/src/network/model/socket.h:476:25: note:     â€˜virtual ns3::Ptr<ns3::Packet> ns3::Socket::RecvFrom(uint32_t, uint32_t, ns3::Address&)â€™
  476 |     virtual Ptr<Packet> RecvFrom(uint32_t maxSize, uint32_t flags, Address& fromAddress) = 0;
      |                         ^~~~~~~~
/home/tasnim/ns-allinone-3.41/ns-3.41/src/network/model/socket.h:593:17: note:     â€˜virtual int ns3::Socket::GetSockName(ns3::Address&) constâ€™
  593 |     virtual int GetSockName(Address& address) const = 0;
      |                 ^~~~~~~~~~~
/home/tasnim/ns-allinone-3.41/ns-3.41/src/network/model/socket.h:600:17: note:     â€˜virtual int ns3::Socket::GetPeerName(ns3::Address&) constâ€™
  600 |     virtual int GetPeerName(Address& address) const = 0;
      |                 ^~~~~~~~~~~
/home/tasnim/ns-allinone-3.41/ns-3.41/src/network/model/socket.h:644:18: note:     â€˜virtual bool ns3::Socket::SetAllowBroadcast(bool)â€™
  644 |     virtual bool SetAllowBroadcast(bool allowBroadcast) = 0;
      |                  ^~~~~~~~~~~~~~~~~
/home/tasnim/ns-allinone-3.41/ns-3.41/src/network/model/socket.h:654:18: note:     â€˜virtual bool ns3::Socket::GetAllowBroadcast() constâ€™
  654 |     virtual bool GetAllowBroadcast() const = 0;
      |                  ^~~~~~~~~~~~~~~~~
In file included from /home/tasnim/ns-allinone-3.41/ns-3.41/src/core/model/simulator.h:25,
                 from /home/tasnim/ns-allinone-3.41/ns-3.41/build/include/ns3/simulator.h:1,
                 from /home/tasnim/ns-allinone-3.41/ns-3.41/src/applications/model/application-packet-probe.h:33,
                 from /home/tasnim/ns-allinone-3.41/ns-3.41/build/include/ns3/application-packet-probe.h:1,
                 from /home/tasnim/ns-allinone-3.41/ns-3.41/build/include/ns3/applications-module.h:12,
                 from /home/tasnim/ns-allinone-3.41/ns-3.41/scratch/sample_0040.cc:2:
/home/tasnim/ns-allinone-3.41/ns-3.41/src/core/model/make-event.h: In instantiation of â€˜void ns3::MakeEvent(MEM, OBJ, T1)::EventMemberImpl1::Notify() [with MEM = void (*)(ns3::Time, ns3::Ptr<ns3::OutputStreamWrapper>, ns3::Time::Unit); OBJ = int; T1 = ns3::Ptr<ns3::OutputStreamWrapper>]â€™:
/home/tasnim/ns-allinone-3.41/ns-3.41/src/core/model/make-event.h:455:5:   required from â€˜ns3::EventImpl* ns3::MakeEvent(MEM, OBJ, T1) [with MEM = void (*)(ns3::Time, ns3::Ptr<ns3::OutputStreamWrapper>, ns3::Time::Unit); OBJ = int; T1 = ns3::Ptr<ns3::OutputStreamWrapper>]â€™
/home/tasnim/ns-allinone-3.41/ns-3.41/src/core/model/simulator.h:580:39:   required from â€˜static ns3::EventId ns3::Simulator::Schedule(const ns3::Time&, void (*)(Us ...), Ts&& ...) [with Us = {ns3::Time, ns3::Ptr<ns3::OutputStreamWrapper>, ns3::Time::Unit}; Ts = {int, ns3::Ptr<ns3::OutputStreamWrapper>&}]â€™
/home/tasnim/ns-allinone-3.41/ns-3.41/scratch/sample_0040.cc:211:24:   required from here
/home/tasnim/ns-allinone-3.41/ns-3.41/src/core/model/make-event.h:449:57: error: incomplete type â€˜ns3::EventMemberImplObjTraits<int>â€™ used in nested name specifier
  449 |             (EventMemberImplObjTraits<OBJ>::GetReference(m_obj).*m_function)(m_a1);
      |              ~~~~~~~~~~~~~~~~~~~~~~~~~~~~~~~~~~~~~~~~~~~^~~~~~~
ninja: build stopped: subcommand failed.
Finished executing the following commands:
/usr/bin/cmake --build /home/tasnim/ns-allinone-3.41/ns-3.41/cmake-cache -j 31 --target scratch_sample_0040
âœ— build failed (sample_0040)
