-- Using default output directory /home/tasnim/ns-allinone-3.41/ns-3.41/build
-- [33mProceeding without cmake-format[0m
-- find_external_library: SQLite3 was found.
-- GSL was found.
-- [33mdocs: doxygen documentation not enabled due to missing dependencies: doxygen dot dia[0m
-- Failed to locate sphinx-build executable (missing: SPHINX_EXECUTABLE) 
-- [33mdocs: sphinx documentation not enabled due to missing dependencies: Sphinx epstopdf pdflatex latexmk convert dvipng[0m
-- Precompiled headers were enabled
-- Processing src/antenna
-- Processing src/aodv
-- Processing src/applications
-- Processing src/bridge
-- Processing src/brite
-- [33mSkipping src/brite[0m
-- Processing src/buildings
-- Processing src/click
-- [33mSkipping src/click[0m
-- Processing src/config-store
-- Processing src/core
-- Boost Units have been found.
-- Processing src/csma
-- Processing src/csma-layout
-- Processing src/dsdv
-- Processing src/dsr
-- Processing src/energy
-- Processing src/fd-net-device
-- Checking for module 'libdpdk'
--   No package 'libdpdk' found
-- Processing src/flow-monitor
-- Processing src/internet
-- Processing src/internet-apps
-- Processing src/lr-wpan
-- Processing src/lte
-- Processing src/mesh
-- Processing src/mobility
-- Processing src/netanim
-- Processing src/network
-- Processing src/nix-vector-routing
-- Processing src/olsr
-- Processing src/openflow
-- [33mSkipping src/openflow[0m
-- Processing src/point-to-point
-- Processing src/point-to-point-layout
-- Processing src/propagation
-- Processing src/sixlowpan
-- Processing src/spectrum
-- Processing src/stats
-- Processing src/tap-bridge
-- Processing src/topology-read
-- Processing src/traffic-control
-- Processing src/uan
-- Processing src/virtual-net-device
-- Processing src/wifi
-- Processing src/wimax
-- ---- Summary of ns-3 settings:
Build profile                 : default
Build directory               : /home/tasnim/ns-allinone-3.41/ns-3.41/build
Build with runtime asserts    : [32mON[0m
Build with runtime logging    : [32mON[0m
Build version embedding       : OFF (not requested)
BRITE Integration             : [31mOFF (Missing headers: "Brite.h" and missing libraries: "brite")[0m
DES Metrics event collection  : OFF (not requested)
DPDK NetDevice                : OFF (not requested)
Emulation FdNetDevice         : [32mON[0m
Examples                      : OFF (not requested)
File descriptor NetDevice     : [32mON[0m
GNU Scientific Library (GSL)  : [32mON[0m
GtkConfigStore                : [32mON[0m
LibXml2 support               : [32mON[0m
MPI Support                   : OFF (not requested)
ns-3 Click Integration        : [31mOFF (Missing headers: "simclick.h" and missing libraries: "nsclick click")[0m
ns-3 OpenFlow Integration     : [31mOFF (Missing headers: "openflow.h" and missing libraries: "openflow")[0m
Netmap emulation FdNetDevice  : [31mOFF (missing dependency)[0m
PyViz visualizer              : [31mOFF (Python Bindings are disabled)[0m
Python Bindings               : OFF (not requested)
SQLite support                : [32mON[0m
Eigen3 support                : [32mON[0m
Tap Bridge                    : [32mON[0m
Tap FdNetDevice               : [32mON[0m
Tests                         : OFF (not requested)


Modules configured to be built:
antenna                   aodv                      applications              
bridge                    buildings                 config-store              
core                      csma                      csma-layout               
dsdv                      dsr                       energy                    
fd-net-device             flow-monitor              internet                  
internet-apps             lr-wpan                   lte                       
mesh                      mobility                  netanim                   
network                   nix-vector-routing        olsr                      
point-to-point            point-to-point-layout     propagation               
sixlowpan                 spectrum                  stats                     
tap-bridge                topology-read             traffic-control           
uan                       virtual-net-device        wifi                      
wimax                     

Modules that cannot be built:
brite                     click                     mpi                       
openflow                  test                      visualizer                



-- Configuring done
-- Generating done
-- Build files have been written to: /home/tasnim/ns-allinone-3.41/ns-3.41/cmake-cache
Warn about uninitialized values.
-- Using default output directory /home/tasnim/ns-allinone-3.41/ns-3.41/build
-- [33mProceeding without cmake-format[0m
-- find_external_library: SQLite3 was found.
-- GSL was found.
-- [33mdocs: doxygen documentation not enabled due to missing dependencies: doxygen dot dia[0m
-- Failed to locate sphinx-build executable (missing: SPHINX_EXECUTABLE) 
-- [33mdocs: sphinx documentation not enabled due to missing dependencies: Sphinx epstopdf pdflatex latexmk convert dvipng[0m
-- Precompiled headers were enabled
-- Processing src/antenna
-- Processing src/aodv
-- Processing src/applications
-- Processing src/bridge
-- Processing src/brite
-- [33mSkipping src/brite[0m
-- Processing src/buildings
-- Processing src/click
-- [33mSkipping src/click[0m
-- Processing src/config-store
-- Processing src/core
-- Boost Units have been found.
-- Processing src/csma
-- Processing src/csma-layout
-- Processing src/dsdv
-- Processing src/dsr
-- Processing src/energy
-- Processing src/fd-net-device
-- Checking for module 'libdpdk'
--   No package 'libdpdk' found
-- Processing src/flow-monitor
-- Processing src/internet
-- Processing src/internet-apps
-- Processing src/lr-wpan
-- Processing src/lte
-- Processing src/mesh
-- Processing src/mobility
-- Processing src/netanim
-- Processing src/network
-- Processing src/nix-vector-routing
-- Processing src/olsr
-- Processing src/openflow
-- [33mSkipping src/openflow[0m
-- Processing src/point-to-point
-- Processing src/point-to-point-layout
-- Processing src/propagation
-- Processing src/sixlowpan
-- Processing src/spectrum
-- Processing src/stats
-- Processing src/tap-bridge
-- Processing src/topology-read
-- Processing src/traffic-control
-- Processing src/uan
-- Processing src/virtual-net-device
-- Processing src/wifi
-- Processing src/wimax
-- ---- Summary of ns-3 settings:
Build profile                 : default
Build directory               : /home/tasnim/ns-allinone-3.41/ns-3.41/build
Build with runtime asserts    : [32mON[0m
Build with runtime logging    : [32mON[0m
Build version embedding       : OFF (not requested)
BRITE Integration             : [31mOFF (Missing headers: "Brite.h" and missing libraries: "brite")[0m
DES Metrics event collection  : OFF (not requested)
DPDK NetDevice                : OFF (not requested)
Emulation FdNetDevice         : [32mON[0m
Examples                      : OFF (not requested)
File descriptor NetDevice     : [32mON[0m
GNU Scientific Library (GSL)  : [32mON[0m
GtkConfigStore                : [32mON[0m
LibXml2 support               : [32mON[0m
MPI Support                   : OFF (not requested)
ns-3 Click Integration        : [31mOFF (Missing headers: "simclick.h" and missing libraries: "nsclick click")[0m
ns-3 OpenFlow Integration     : [31mOFF (Missing headers: "openflow.h" and missing libraries: "openflow")[0m
Netmap emulation FdNetDevice  : [31mOFF (missing dependency)[0m
PyViz visualizer              : [31mOFF (Python Bindings are disabled)[0m
Python Bindings               : OFF (not requested)
SQLite support                : [32mON[0m
Eigen3 support                : [32mON[0m
Tap Bridge                    : [32mON[0m
Tap FdNetDevice               : [32mON[0m
Tests                         : OFF (not requested)


Modules configured to be built:
antenna                   aodv                      applications              
bridge                    buildings                 config-store              
core                      csma                      csma-layout               
dsdv                      dsr                       energy                    
fd-net-device             flow-monitor              internet                  
internet-apps             lr-wpan                   lte                       
mesh                      mobility                  netanim                   
network                   nix-vector-routing        olsr                      
point-to-point            point-to-point-layout     propagation               
sixlowpan                 spectrum                  stats                     
tap-bridge                topology-read             traffic-control           
uan                       virtual-net-device        wifi                      
wimax                     

Modules that cannot be built:
brite                     click                     mpi                       
openflow                  test                      visualizer                



-- Configuring done
-- Generating done
-- Build files have been written to: /home/tasnim/ns-allinone-3.41/ns-3.41/cmake-cache
Finished executing the following commands:
/usr/bin/cmake -S /home/tasnim/ns-allinone-3.41/ns-3.41 -B /home/tasnim/ns-allinone-3.41/ns-3.41/cmake-cache --warn-uninitialized
[0/2] Re-checking globbed directories...
[1/2] Building CXX object scratch/CMakeFiles/scratch_sample_0042.dir/sample_0042.cc.o
FAILED: scratch/CMakeFiles/scratch_sample_0042.dir/sample_0042.cc.o 
/usr/bin/c++ -DEIGEN_MPL2_ONLY -DHAVE_BOOST -DHAVE_BOOST_UNITS -DHAVE_EIGEN3 -DHAVE_GSL -DHAVE_LIBXML2 -DHAVE_PACKET_H -DHAVE_SQLITE3 -DNS3_ASSERT_ENABLE -DNS3_BUILD_PROFILE_DEBUG -DNS3_LOG_ENABLE -DPROJECT_SOURCE_PATH=\"/home/tasnim/ns-allinone-3.41/ns-3.41\" -DRAW_SOCK_CREATOR=\"/home/tasnim/ns-allinone-3.41/ns-3.41/build/src/fd-net-device/ns3.41-raw-sock-creator-default\" -DTAP_DEV_CREATOR=\"/home/tasnim/ns-allinone-3.41/ns-3.41/build/src/fd-net-device/ns3.41-tap-device-creator-default\" -D__LINUX__ -I/home/tasnim/ns-allinone-3.41/ns-3.41/build/include -I/usr -I/usr/include/eigen3 -I/usr/include/freetype2 -I/usr/include/glib-2.0 -I/usr/lib/x86_64-linux-gnu/glib-2.0/include -I/usr/include/gdk-pixbuf-2.0 -I/usr/include/gtk-3.0 -I/usr/include/cairo -I/usr/include/pango-1.0 -I/usr/include/harfbuzz -I/usr/include/atk-1.0 -I/usr/include/libxml2 -O2 -g -DNDEBUG -fPIE   -fno-semantic-interposition -fdiagnostics-color=always -Wall -std=c++20 -Winvalid-pch -include /home/tasnim/ns-allinone-3.41/ns-3.41/cmake-cache/CMakeFiles/stdlib_pch_exec.dir/cmake_pch.hxx -MD -MT scratch/CMakeFiles/scratch_sample_0042.dir/sample_0042.cc.o -MF scratch/CMakeFiles/scratch_sample_0042.dir/sample_0042.cc.o.d -o scratch/CMakeFiles/scratch_sample_0042.dir/sample_0042.cc.o -c /home/tasnim/ns-allinone-3.41/ns-3.41/scratch/sample_0042.cc
/home/tasnim/ns-allinone-3.41/ns-3.41/scratch/sample_0042.cc: In function ‘void WriteChannels(ns3::Ptr<ns3::ErrorRateModel>, ns3::Ptr<ns3::ErrorRateModel>, ns3::Ptr<ns3::ErrorRateModel>, ns3::WifiMode, const string&, uint32_t)’:
/home/tasnim/ns-allinone-3.41/ns-3.41/scratch/sample_0042.cc:40:71: error: invalid use of incomplete type ‘class ns3::WifiTxVector’
   40 |                          yans->GetChunkSuccessRate(mode, WifiTxVector(), snr, frameSize));
      |                                                                       ^
In file included from /home/tasnim/ns-allinone-3.41/ns-3.41/src/wifi/model/error-rate-model.h:23,
                 from /home/tasnim/ns-allinone-3.41/ns-3.41/src/wifi/model/nist-error-rate-model.h:23,
                 from /home/tasnim/ns-allinone-3.41/ns-3.41/build/include/ns3/nist-error-rate-model.h:1,
                 from /home/tasnim/ns-allinone-3.41/ns-3.41/scratch/sample_0042.cc:2:
/home/tasnim/ns-allinone-3.41/ns-3.41/src/wifi/model/wifi-mode.h:37:7: note: forward declaration of ‘class ns3::WifiTxVector’
   37 | class WifiTxVector;
      |       ^~~~~~~~~~~~
/home/tasnim/ns-allinone-3.41/ns-3.41/scratch/sample_0042.cc:42:71: error: invalid use of incomplete type ‘class ns3::WifiTxVector’
   42 |                          nist->GetChunkSuccessRate(mode, WifiTxVector(), snr, frameSize));
      |                                                                       ^
In file included from /home/tasnim/ns-allinone-3.41/ns-3.41/src/wifi/model/error-rate-model.h:23,
                 from /home/tasnim/ns-allinone-3.41/ns-3.41/src/wifi/model/nist-error-rate-model.h:23,
                 from /home/tasnim/ns-allinone-3.41/ns-3.41/build/include/ns3/nist-error-rate-model.h:1,
                 from /home/tasnim/ns-allinone-3.41/ns-3.41/scratch/sample_0042.cc:2:
/home/tasnim/ns-allinone-3.41/ns-3.41/src/wifi/model/wifi-mode.h:37:7: note: forward declaration of ‘class ns3::WifiTxVector’
   37 | class WifiTxVector;
      |       ^~~~~~~~~~~~
/home/tasnim/ns-allinone-3.41/ns-3.41/scratch/sample_0042.cc:44:73: error: invalid use of incomplete type ‘class ns3::WifiTxVector’
   44 |                           table->GetChunkSuccessRate(mode, WifiTxVector(), snr, frameSize));
      |                                                                         ^
In file included from /home/tasnim/ns-allinone-3.41/ns-3.41/src/wifi/model/error-rate-model.h:23,
                 from /home/tasnim/ns-allinone-3.41/ns-3.41/src/wifi/model/nist-error-rate-model.h:23,
                 from /home/tasnim/ns-allinone-3.41/ns-3.41/build/include/ns3/nist-error-rate-model.h:1,
                 from /home/tasnim/ns-allinone-3.41/ns-3.41/scratch/sample_0042.cc:2:
/home/tasnim/ns-allinone-3.41/ns-3.41/src/wifi/model/wifi-mode.h:37:7: note: forward declaration of ‘class ns3::WifiTxVector’
   37 | class WifiTxVector;
      |       ^~~~~~~~~~~~
/home/tasnim/ns-allinone-3.41/ns-3.41/scratch/sample_0042.cc:50:14: error: no match for ‘operator<<’ (operand types are ‘std::ofstream’ {aka ‘std::basic_ofstream<char>’} and ‘ns3::Gnuplot’)
   50 |     plotfile << plot << std::endl;
      |     ~~~~~~~~ ^~ ~~~~
      |     |           |
      |     |           ns3::Gnuplot
      |     std::ofstream {aka std::basic_ofstream<char>}
In file included from /usr/include/c++/11/istream:39,
                 from /usr/include/c++/11/fstream:38,
                 from /home/tasnim/ns-allinone-3.41/ns-3.41/cmake-cache/CMakeFiles/stdlib_pch_exec.dir/cmake_pch.hxx:9,
                 from <command-line>:
/usr/include/c++/11/ostream:108:7: note: candidate: ‘std::basic_ostream<_CharT, _Traits>::__ostream_type& std::basic_ostream<_CharT, _Traits>::operator<<(std::basic_ostream<_CharT, _Traits>::__ostream_type& (*)(std::basic_ostream<_CharT, _Traits>::__ostream_type&)) [with _CharT = char; _Traits = std::char_traits<char>; std::basic_ostream<_CharT, _Traits>::__ostream_type = std::basic_ostream<char>]’
  108 |       operator<<(__ostream_type& (*__pf)(__ostream_type&))
      |       ^~~~~~~~
/usr/include/c++/11/ostream:108:36: note:   no known conversion for argument 1 from ‘ns3::Gnuplot’ to ‘std::basic_ostream<char>::__ostream_type& (*)(std::basic_ostream<char>::__ostream_type&)’ {aka ‘std::basic_ostream<char>& (*)(std::basic_ostream<char>&)’}
  108 |       operator<<(__ostream_type& (*__pf)(__ostream_type&))
      |                  ~~~~~~~~~~~~~~~~~~^~~~~~~~~~~~~~~~~~~~~~
/usr/include/c++/11/ostream:117:7: note: candidate: ‘std::basic_ostream<_CharT, _Traits>::__ostream_type& std::basic_ostream<_CharT, _Traits>::operator<<(std::basic_ostream<_CharT, _Traits>::__ios_type& (*)(std::basic_ostream<_CharT, _Traits>::__ios_type&)) [with _CharT = char; _Traits = std::char_traits<char>; std::basic_ostream<_CharT, _Traits>::__ostream_type = std::basic_ostream<char>; std::basic_ostream<_CharT, _Traits>::__ios_type = std::basic_ios<char>]’
  117 |       operator<<(__ios_type& (*__pf)(__ios_type&))
      |       ^~~~~~~~
/usr/include/c++/11/ostream:117:32: note:   no known conversion for argument 1 from ‘ns3::Gnuplot’ to ‘std::basic_ostream<char>::__ios_type& (*)(std::basic_ostream<char>::__ios_type&)’ {aka ‘std::basic_ios<char>& (*)(std::basic_ios<char>&)’}
  117 |       operator<<(__ios_type& (*__pf)(__ios_type&))
      |                  ~~~~~~~~~~~~~~^~~~~~~~~~~~~~~~~~
/usr/include/c++/11/ostream:127:7: note: candidate: ‘std::basic_ostream<_CharT, _Traits>::__ostream_type& std::basic_ostream<_CharT, _Traits>::operator<<(std::ios_base& (*)(std::ios_base&)) [with _CharT = char; _Traits = std::char_traits<char>; std::basic_ostream<_CharT, _Traits>::__ostream_type = std::basic_ostream<char>]’
  127 |       operator<<(ios_base& (*__pf) (ios_base&))
      |       ^~~~~~~~
/usr/include/c++/11/ostream:127:30: note:   no known conversion for argument 1 from ‘ns3::Gnuplot’ to ‘std::ios_base& (*)(std::ios_base&)’
  127 |       operator<<(ios_base& (*__pf) (ios_base&))
      |                  ~~~~~~~~~~~~^~~~~~~~~~~~~~~~~
/usr/include/c++/11/ostream:166:7: note: candidate: ‘std::basic_ostream<_CharT, _Traits>::__ostream_type& std::basic_ostream<_CharT, _Traits>::operator<<(long int) [with _CharT = char; _Traits = std::char_traits<char>; std::basic_ostream<_CharT, _Traits>::__ostream_type = std::basic_ostream<char>]’
  166 |       operator<<(long __n)
      |       ^~~~~~~~
/usr/include/c++/11/ostream:166:23: note:   no known conversion for argument 1 from ‘ns3::Gnuplot’ to ‘long int’
  166 |       operator<<(long __n)
      |                  ~~~~~^~~
/usr/include/c++/11/ostream:170:7: note: candidate: ‘std::basic_ostream<_CharT, _Traits>::__ostream_type& std::basic_ostream<_CharT, _Traits>::operator<<(long unsigned int) [with _CharT = char; _Traits = std::char_traits<char>; std::basic_ostream<_CharT, _Traits>::__ostream_type = std::basic_ostream<char>]’
  170 |       operator<<(unsigned long __n)
      |       ^~~~~~~~
/usr/include/c++/11/ostream:170:32: note:   no known conversion for argument 1 from ‘ns3::Gnuplot’ to ‘long unsigned int’
  170 |       operator<<(unsigned long __n)
      |                  ~~~~~~~~~~~~~~^~~
/usr/include/c++/11/ostream:174:7: note: candidate: ‘std::basic_ostream<_CharT, _Traits>::__ostream_type& std::basic_ostream<_CharT, _Traits>::operator<<(bool) [with _CharT = char; _Traits = std::char_traits<char>; std::basic_ostream<_CharT, _Traits>::__ostream_type = std::basic_ostream<char>]’
  174 |       operator<<(bool __n)
      |       ^~~~~~~~
/usr/include/c++/11/ostream:174:23: note:   no known conversion for argument 1 from ‘ns3::Gnuplot’ to ‘bool’
  174 |       operator<<(bool __n)
      |                  ~~~~~^~~
In file included from /usr/include/c++/11/ostream:829,
                 from /usr/include/c++/11/istream:39,
                 from /usr/include/c++/11/fstream:38,
                 from /home/tasnim/ns-allinone-3.41/ns-3.41/cmake-cache/CMakeFiles/stdlib_pch_exec.dir/cmake_pch.hxx:9,
                 from <command-line>:
/usr/include/c++/11/bits/ostream.tcc:91:5: note: candidate: ‘std::basic_ostream<_CharT, _Traits>& std::basic_ostream<_CharT, _Traits>::operator<<(short int) [with _CharT = char; _Traits = std::char_traits<char>]’
   91 |     basic_ostream<_CharT, _Traits>::
      |     ^~~~~~~~~~~~~~~~~~~~~~~~~~~~~~
/usr/include/c++/11/bits/ostream.tcc:92:22: note:   no known conversion for argument 1 from ‘ns3::Gnuplot’ to ‘short int’
   92 |     operator<<(short __n)
      |                ~~~~~~^~~
In file included from /usr/include/c++/11/istream:39,
                 from /usr/include/c++/11/fstream:38,
                 from /home/tasnim/ns-allinone-3.41/ns-3.41/cmake-cache/CMakeFiles/stdlib_pch_exec.dir/cmake_pch.hxx:9,
                 from <command-line>:
/usr/include/c++/11/ostream:181:7: note: candidate: ‘std::basic_ostream<_CharT, _Traits>::__ostream_type& std::basic_ostream<_CharT, _Traits>::operator<<(short unsigned int) [with _CharT = char; _Traits = std::char_traits<char>; std::basic_ostream<_CharT, _Traits>::__ostream_type = std::basic_ostream<char>]’
  181 |       operator<<(unsigned short __n)
      |       ^~~~~~~~
/usr/include/c++/11/ostream:181:33: note:   no known conversion for argument 1 from ‘ns3::Gnuplot’ to ‘short unsigned int’
  181 |       operator<<(unsigned short __n)
      |                  ~~~~~~~~~~~~~~~^~~
In file included from /usr/include/c++/11/ostream:829,
                 from /usr/include/c++/11/istream:39,
                 from /usr/include/c++/11/fstream:38,
                 from /home/tasnim/ns-allinone-3.41/ns-3.41/cmake-cache/CMakeFiles/stdlib_pch_exec.dir/cmake_pch.hxx:9,
                 from <command-line>:
/usr/include/c++/11/bits/ostream.tcc:105:5: note: candidate: ‘std::basic_ostream<_CharT, _Traits>& std::basic_ostream<_CharT, _Traits>::operator<<(int) [with _CharT = char; _Traits = std::char_traits<char>]’
  105 |     basic_ostream<_CharT, _Traits>::
      |     ^~~~~~~~~~~~~~~~~~~~~~~~~~~~~~
/usr/include/c++/11/bits/ostream.tcc:106:20: note:   no known conversion for argument 1 from ‘ns3::Gnuplot’ to ‘int’
  106 |     operator<<(int __n)
      |                ~~~~^~~
In file included from /usr/include/c++/11/istream:39,
                 from /usr/include/c++/11/fstream:38,
                 from /home/tasnim/ns-allinone-3.41/ns-3.41/cmake-cache/CMakeFiles/stdlib_pch_exec.dir/cmake_pch.hxx:9,
                 from <command-line>:
/usr/include/c++/11/ostream:192:7: note: candidate: ‘std::basic_ostream<_CharT, _Traits>::__ostream_type& std::basic_ostream<_CharT, _Traits>::operator<<(unsigned int) [with _CharT = char; _Traits = std::char_traits<char>; std::basic_ostream<_CharT, _Traits>::__ostream_type = std::basic_ostream<char>]’
  192 |       operator<<(unsigned int __n)
      |       ^~~~~~~~
/usr/include/c++/11/ostream:192:31: note:   no known conversion for argument 1 from ‘ns3::Gnuplot’ to ‘unsigned int’
  192 |       operator<<(unsigned int __n)
      |                  ~~~~~~~~~~~~~^~~
/usr/include/c++/11/ostream:201:7: note: candidate: ‘std::basic_ostream<_CharT, _Traits>::__ostream_type& std::basic_ostream<_CharT, _Traits>::operator<<(long long int) [with _CharT = char; _Traits = std::char_traits<char>; std::basic_ostream<_CharT, _Traits>::__ostream_type = std::basic_ostream<char>]’
  201 |       operator<<(long long __n)
      |       ^~~~~~~~
/usr/include/c++/11/ostream:201:28: note:   no known conversion for argument 1 from ‘ns3::Gnuplot’ to ‘long long int’
  201 |       operator<<(long long __n)
      |                  ~~~~~~~~~~^~~
/usr/include/c++/11/ostream:205:7: note: candidate: ‘std::basic_ostream<_CharT, _Traits>::__ostream_type& std::basic_ostream<_CharT, _Traits>::operator<<(long long unsigned int) [with _CharT = char; _Traits = std::char_traits<char>; std::basic_ostream<_CharT, _Traits>::__ostream_type = std::basic_ostream<char>]’
  205 |       operator<<(unsigned long long __n)
      |       ^~~~~~~~
/usr/include/c++/11/ostream:205:37: note:   no known conversion for argument 1 from ‘ns3::Gnuplot’ to ‘long long unsigned int’
  205 |       operator<<(unsigned long long __n)
      |                  ~~~~~~~~~~~~~~~~~~~^~~
/usr/include/c++/11/ostream:220:7: note: candidate: ‘std::basic_ostream<_CharT, _Traits>::__ostream_type& std::basic_ostream<_CharT, _Traits>::operator<<(double) [with _CharT = char; _Traits = std::char_traits<char>; std::basic_ostream<_CharT, _Traits>::__ostream_type = std::basic_ostream<char>]’
  220 |       operator<<(double __f)
      |       ^~~~~~~~
/usr/include/c++/11/ostream:220:25: note:   no known conversion for argument 1 from ‘ns3::Gnuplot’ to ‘double’
  220 |       operator<<(double __f)
      |                  ~~~~~~~^~~
/usr/include/c++/11/ostream:224:7: note: candidate: ‘std::basic_ostream<_CharT, _Traits>::__ostream_type& std::basic_ostream<_CharT, _Traits>::operator<<(float) [with _CharT = char; _Traits = std::char_traits<char>; std::basic_ostream<_CharT, _Traits>::__ostream_type = std::basic_ostream<char>]’
  224 |       operator<<(float __f)
      |       ^~~~~~~~
/usr/include/c++/11/ostream:224:24: note:   no known conversion for argument 1 from ‘ns3::Gnuplot’ to ‘float’
  224 |       operator<<(float __f)
      |                  ~~~~~~^~~
/usr/include/c++/11/ostream:232:7: note: candidate: ‘std::basic_ostream<_CharT, _Traits>::__ostream_type& std::basic_ostream<_CharT, _Traits>::operator<<(long double) [with _CharT = char; _Traits = std::char_traits<char>; std::basic_ostream<_CharT, _Traits>::__ostream_type = std::basic_ostream<char>]’
  232 |       operator<<(long double __f)
      |       ^~~~~~~~
/usr/include/c++/11/ostream:232:30: note:   no known conversion for argument 1 from ‘ns3::Gnuplot’ to ‘long double’
  232 |       operator<<(long double __f)
      |                  ~~~~~~~~~~~~^~~
/usr/include/c++/11/ostream:245:7: note: candidate: ‘std::basic_ostream<_CharT, _Traits>::__ostream_type& std::basic_ostream<_CharT, _Traits>::operator<<(const void*) [with _CharT = char; _Traits = std::char_traits<char>; std::basic_ostream<_CharT, _Traits>::__ostream_type = std::basic_ostream<char>]’
  245 |       operator<<(const void* __p)
      |       ^~~~~~~~
/usr/include/c++/11/ostream:245:30: note:   no known conversion for argument 1 from ‘ns3::Gnuplot’ to ‘const void*’
  245 |       operator<<(const void* __p)
      |                  ~~~~~~~~~~~~^~~
/usr/include/c++/11/ostream:250:7: note: candidate: ‘std::basic_ostream<_CharT, _Traits>::__ostream_type& std::basic_ostream<_CharT, _Traits>::operator<<(std::nullptr_t) [with _CharT = char; _Traits = std::char_traits<char>; std::basic_ostream<_CharT, _Traits>::__ostream_type = std::basic_ostream<char>; std::nullptr_t = std::nullptr_t]’
  250 |       operator<<(nullptr_t)
      |       ^~~~~~~~
/usr/include/c++/11/ostream:250:18: note:   no known conversion for argument 1 from ‘ns3::Gnuplot’ to ‘std::nullptr_t’
  250 |       operator<<(nullptr_t)
      |                  ^~~~~~~~~
In file included from /usr/include/c++/11/ostream:829,
                 from /usr/include/c++/11/istream:39,
                 from /usr/include/c++/11/fstream:38,
                 from /home/tasnim/ns-allinone-3.41/ns-3.41/cmake-cache/CMakeFiles/stdlib_pch_exec.dir/cmake_pch.hxx:9,
                 from <command-line>:
/usr/include/c++/11/bits/ostream.tcc:119:5: note: candidate: ‘std::basic_ostream<_CharT, _Traits>& std::basic_ostream<_CharT, _Traits>::operator<<(std::basic_ostream<_CharT, _Traits>::__streambuf_type*) [with _CharT = char; _Traits = std::char_traits<char>; std::basic_ostream<_CharT, _Traits>::__streambuf_type = std::basic_streambuf<char>]’
  119 |     basic_ostream<_CharT, _Traits>::
      |     ^~~~~~~~~~~~~~~~~~~~~~~~~~~~~~
/usr/include/c++/11/bits/ostream.tcc:120:34: note:   no known conversion for argument 1 from ‘ns3::Gnuplot’ to ‘std::basic_ostream<char>::__streambuf_type*’ {aka ‘std::basic_streambuf<char>*’}
  120 |     operator<<(__streambuf_type* __sbin)
      |                ~~~~~~~~~~~~~~~~~~^~~~~~
In file included from /home/tasnim/ns-allinone-3.41/ns-3.41/build/include/ns3/ptr.h:1,
                 from /home/tasnim/ns-allinone-3.41/ns-3.41/src/wifi/model/wifi-phy-common.h:28,
                 from /home/tasnim/ns-allinone-3.41/ns-3.41/src/wifi/model/wifi-mode.h:24,
                 from /home/tasnim/ns-allinone-3.41/ns-3.41/src/wifi/model/error-rate-model.h:23,
                 from /home/tasnim/ns-allinone-3.41/ns-3.41/src/wifi/model/nist-error-rate-model.h:23,
                 from /home/tasnim/ns-allinone-3.41/ns-3.41/build/include/ns3/nist-error-rate-model.h:1,
                 from /home/tasnim/ns-allinone-3.41/ns-3.41/scratch/sample_0042.cc:2:
/home/tasnim/ns-allinone-3.41/ns-3.41/src/core/model/ptr.h:464:1: note: candidate: ‘template<class T> std::ostream& ns3::operator<<(std::ostream&, const ns3::Ptr<T>&)’
  464 | operator<<(std::ostream& os, const Ptr<T>& p)
      | ^~~~~~~~
/home/tasnim/ns-allinone-3.41/ns-3.41/src/core/model/ptr.h:464:1: note:   template argument deduction/substitution failed:
/home/tasnim/ns-allinone-3.41/ns-3.41/scratch/sample_0042.cc:50:17: note:   ‘ns3::Gnuplot’ is not derived from ‘const ns3::Ptr<T>’
   50 |     plotfile << plot << std::endl;
      |                 ^~~~
In file included from /usr/include/c++/11/bits/basic_string.h:48,
                 from /usr/include/c++/11/string:55,
                 from /usr/include/c++/11/bits/locale_classes.h:40,
                 from /usr/include/c++/11/bits/ios_base.h:41,
                 from /usr/include/c++/11/streambuf:41,
                 from /usr/include/c++/11/bits/streambuf_iterator.h:35,
                 from /usr/include/c++/11/iterator:66,
                 from /usr/include/c++/11/bits/ranges_algobase.h:36,
                 from /usr/include/c++/11/bits/ranges_algo.h:35,
                 from /usr/include/c++/11/algorithm:64,
                 from /home/tasnim/ns-allinone-3.41/ns-3.41/cmake-cache/CMakeFiles/stdlib_pch_exec.dir/cmake_pch.hxx:5,
                 from <command-line>:
/usr/include/c++/11/string_view:667:5: note: candidate: ‘template<class _CharT, class _Traits> std::basic_ostream<_CharT, _Traits>& std::operator<<(std::basic_ostream<_CharT, _Traits>&, std::basic_string_view<_CharT, _Traits>)’
  667 |     operator<<(basic_ostream<_CharT, _Traits>& __os,
      |     ^~~~~~~~
/usr/include/c++/11/string_view:667:5: note:   template argument deduction/substitution failed:
/home/tasnim/ns-allinone-3.41/ns-3.41/scratch/sample_0042.cc:50:17: note:   ‘ns3::Gnuplot’ is not derived from ‘std::basic_string_view<_CharT, _Traits>’
   50 |     plotfile << plot << std::endl;
      |                 ^~~~
In file included from /usr/include/c++/11/string:55,
                 from /usr/include/c++/11/bits/locale_classes.h:40,
                 from /usr/include/c++/11/bits/ios_base.h:41,
                 from /usr/include/c++/11/streambuf:41,
                 from /usr/include/c++/11/bits/streambuf_iterator.h:35,
                 from /usr/include/c++/11/iterator:66,
                 from /usr/include/c++/11/bits/ranges_algobase.h:36,
                 from /usr/include/c++/11/bits/ranges_algo.h:35,
                 from /usr/include/c++/11/algorithm:64,
                 from /home/tasnim/ns-allinone-3.41/ns-3.41/cmake-cache/CMakeFiles/stdlib_pch_exec.dir/cmake_pch.hxx:5,
                 from <command-line>:
/usr/include/c++/11/bits/basic_string.h:6531:5: note: candidate: ‘template<class _CharT, class _Traits, class _Alloc> std::basic_ostream<_CharT, _Traits>& std::operator<<(std::basic_ostream<_CharT, _Traits>&, const std::__cxx11::basic_string<_CharT, _Traits, _Allocator>&)’
 6531 |     operator<<(basic_ostream<_CharT, _Traits>& __os,
      |     ^~~~~~~~
/usr/include/c++/11/bits/basic_string.h:6531:5: note:   template argument deduction/substitution failed:
/home/tasnim/ns-allinone-3.41/ns-3.41/scratch/sample_0042.cc:50:17: note:   ‘ns3::Gnuplot’ is not derived from ‘const std::__cxx11::basic_string<_CharT, _Traits, _Allocator>’
   50 |     plotfile << plot << std::endl;
      |                 ^~~~
In file included from /usr/include/c++/11/bits/ios_base.h:46,
                 from /usr/include/c++/11/streambuf:41,
                 from /usr/include/c++/11/bits/streambuf_iterator.h:35,
                 from /usr/include/c++/11/iterator:66,
                 from /usr/include/c++/11/bits/ranges_algobase.h:36,
                 from /usr/include/c++/11/bits/ranges_algo.h:35,
                 from /usr/include/c++/11/algorithm:64,
                 from /home/tasnim/ns-allinone-3.41/ns-3.41/cmake-cache/CMakeFiles/stdlib_pch_exec.dir/cmake_pch.hxx:5,
                 from <command-line>:
/usr/include/c++/11/system_error:279:5: note: candidate: ‘template<class _CharT, class _Traits> std::basic_ostream<_CharT, _Traits>& std::operator<<(std::basic_ostream<_CharT, _Traits>&, const std::error_code&)’
  279 |     operator<<(basic_ostream<_CharT, _Traits>& __os, const error_code& __e)
      |     ^~~~~~~~
/usr/include/c++/11/system_error:279:5: note:   template argument deduction/substitution failed:
/home/tasnim/ns-allinone-3.41/ns-3.41/scratch/sample_0042.cc:50:17: note:   cannot convert ‘plot’ (type ‘ns3::Gnuplot’) to type ‘const std::error_code&’
   50 |     plotfile << plot << std::endl;
      |                 ^~~~
In file included from /usr/include/c++/11/istream:39,
                 from /usr/include/c++/11/fstream:38,
                 from /home/tasnim/ns-allinone-3.41/ns-3.41/cmake-cache/CMakeFiles/stdlib_pch_exec.dir/cmake_pch.hxx:9,
                 from <command-line>:
/usr/include/c++/11/ostream:513:5: note: candidate: ‘template<class _CharT, class _Traits> std::basic_ostream<_CharT, _Traits>& std::operator<<(std::basic_ostream<_CharT, _Traits>&, _CharT)’
  513 |     operator<<(basic_ostream<_CharT, _Traits>& __out, _CharT __c)
      |     ^~~~~~~~
/usr/include/c++/11/ostream:513:5: note:   template argument deduction/substitution failed:
/home/tasnim/ns-allinone-3.41/ns-3.41/scratch/sample_0042.cc:50:17: note:   deduced conflicting types for parameter ‘_CharT’ (‘char’ and ‘ns3::Gnuplot’)
   50 |     plotfile << plot << std::endl;
      |                 ^~~~
In file included from /usr/include/c++/11/istream:39,
                 from /usr/include/c++/11/fstream:38,
                 from /home/tasnim/ns-allinone-3.41/ns-3.41/cmake-cache/CMakeFiles/stdlib_pch_exec.dir/cmake_pch.hxx:9,
                 from <command-line>:
/usr/include/c++/11/ostream:518:5: note: candidate: ‘template<class _CharT, class _Traits> std::basic_ostream<_CharT, _Traits>& std::operator<<(std::basic_ostream<_CharT, _Traits>&, char)’
  518 |     operator<<(basic_ostream<_CharT, _Traits>& __out, char __c)
      |     ^~~~~~~~
/usr/include/c++/11/ostream:518:5: note:   template argument deduction/substitution failed:
/home/tasnim/ns-allinone-3.41/ns-3.41/scratch/sample_0042.cc:50:17: note:   cannot convert ‘plot’ (type ‘ns3::Gnuplot’) to type ‘char’
   50 |     plotfile << plot << std::endl;
      |                 ^~~~
In file included from /usr/include/c++/11/istream:39,
                 from /usr/include/c++/11/fstream:38,
                 from /home/tasnim/ns-allinone-3.41/ns-3.41/cmake-cache/CMakeFiles/stdlib_pch_exec.dir/cmake_pch.hxx:9,
                 from <command-line>:
/usr/include/c++/11/ostream:524:5: note: candidate: ‘template<class _Traits> std::basic_ostream<char, _Traits>& std::operator<<(std::basic_ostream<char, _Traits>&, char)’
  524 |     operator<<(basic_ostream<char, _Traits>& __out, char __c)
      |     ^~~~~~~~
/usr/include/c++/11/ostream:524:5: note:   template argument deduction/substitution failed:
/home/tasnim/ns-allinone-3.41/ns-3.41/scratch/sample_0042.cc:50:17: note:   cannot convert ‘plot’ (type ‘ns3::Gnuplot’) to type ‘char’
   50 |     plotfile << plot << std::endl;
      |                 ^~~~
In file included from /usr/include/c++/11/istream:39,
                 from /usr/include/c++/11/fstream:38,
                 from /home/tasnim/ns-allinone-3.41/ns-3.41/cmake-cache/CMakeFiles/stdlib_pch_exec.dir/cmake_pch.hxx:9,
                 from <command-line>:
/usr/include/c++/11/ostream:530:5: note: candidate: ‘template<class _Traits> std::basic_ostream<char, _Traits>& std::operator<<(std::basic_ostream<char, _Traits>&, signed char)’
  530 |     operator<<(basic_ostream<char, _Traits>& __out, signed char __c)
      |     ^~~~~~~~
/usr/include/c++/11/ostream:530:5: note:   template argument deduction/substitution failed:
/home/tasnim/ns-allinone-3.41/ns-3.41/scratch/sample_0042.cc:50:17: note:   cannot convert ‘plot’ (type ‘ns3::Gnuplot’) to type ‘signed char’
   50 |     plotfile << plot << std::endl;
      |                 ^~~~
In file included from /usr/include/c++/11/istream:39,
                 from /usr/include/c++/11/fstream:38,
                 from /home/tasnim/ns-allinone-3.41/ns-3.41/cmake-cache/CMakeFiles/stdlib_pch_exec.dir/cmake_pch.hxx:9,
                 from <command-line>:
/usr/include/c++/11/ostream:535:5: note: candidate: ‘template<class _Traits> std::basic_ostream<char, _Traits>& std::operator<<(std::basic_ostream<char, _Traits>&, unsigned char)’
  535 |     operator<<(basic_ostream<char, _Traits>& __out, unsigned char __c)
      |     ^~~~~~~~
/usr/include/c++/11/ostream:535:5: note:   template argument deduction/substitution failed:
/home/tasnim/ns-allinone-3.41/ns-3.41/scratch/sample_0042.cc:50:17: note:   cannot convert ‘plot’ (type ‘ns3::Gnuplot’) to type ‘unsigned char’
   50 |     plotfile << plot << std::endl;
      |                 ^~~~
In file included from /usr/include/c++/11/istream:39,
                 from /usr/include/c++/11/fstream:38,
                 from /home/tasnim/ns-allinone-3.41/ns-3.41/cmake-cache/CMakeFiles/stdlib_pch_exec.dir/cmake_pch.hxx:9,
                 from <command-line>:
/usr/include/c++/11/ostream:544:5: note: candidate: ‘template<class _Traits> std::basic_ostream<char, _Traits>& std::operator<<(std::basic_ostream<char, _Traits>&, wchar_t)’ (deleted)
  544 |     operator<<(basic_ostream<char, _Traits>&, wchar_t) = delete;
      |     ^~~~~~~~
/usr/include/c++/11/ostream:544:5: note:   template argument deduction/substitution failed:
/home/tasnim/ns-allinone-3.41/ns-3.41/scratch/sample_0042.cc:50:17: note:   cannot convert ‘plot’ (type ‘ns3::Gnuplot’) to type ‘wchar_t’
   50 |     plotfile << plot << std::endl;
      |                 ^~~~
In file included from /usr/include/c++/11/istream:39,
                 from /usr/include/c++/11/fstream:38,
                 from /home/tasnim/ns-allinone-3.41/ns-3.41/cmake-cache/CMakeFiles/stdlib_pch_exec.dir/cmake_pch.hxx:9,
                 from <command-line>:
/usr/include/c++/11/ostream:549:5: note: candidate: ‘template<class _Traits> std::basic_ostream<char, _Traits>& std::operator<<(std::basic_ostream<char, _Traits>&, char8_t)’ (deleted)
  549 |     operator<<(basic_ostream<char, _Traits>&, char8_t) = delete;
      |     ^~~~~~~~
/usr/include/c++/11/ostream:549:5: note:   template argument deduction/substitution failed:
/home/tasnim/ns-allinone-3.41/ns-3.41/scratch/sample_0042.cc:50:17: note:   cannot convert ‘plot’ (type ‘ns3::Gnuplot’) to type ‘char8_t’
   50 |     plotfile << plot << std::endl;
      |                 ^~~~
In file included from /usr/include/c++/11/istream:39,
                 from /usr/include/c++/11/fstream:38,
                 from /home/tasnim/ns-allinone-3.41/ns-3.41/cmake-cache/CMakeFiles/stdlib_pch_exec.dir/cmake_pch.hxx:9,
                 from <command-line>:
/usr/include/c++/11/ostream:554:5: note: candidate: ‘template<class _Traits> std::basic_ostream<char, _Traits>& std::operator<<(std::basic_ostream<char, _Traits>&, char16_t)’ (deleted)
  554 |     operator<<(basic_ostream<char, _Traits>&, char16_t) = delete;
      |     ^~~~~~~~
/usr/include/c++/11/ostream:554:5: note:   template argument deduction/substitution failed:
/home/tasnim/ns-allinone-3.41/ns-3.41/scratch/sample_0042.cc:50:17: note:   cannot convert ‘plot’ (type ‘ns3::Gnuplot’) to type ‘char16_t’
   50 |     plotfile << plot << std::endl;
      |                 ^~~~
In file included from /usr/include/c++/11/istream:39,
                 from /usr/include/c++/11/fstream:38,
                 from /home/tasnim/ns-allinone-3.41/ns-3.41/cmake-cache/CMakeFiles/stdlib_pch_exec.dir/cmake_pch.hxx:9,
                 from <command-line>:
/usr/include/c++/11/ostream:558:5: note: candidate: ‘template<class _Traits> std::basic_ostream<char, _Traits>& std::operator<<(std::basic_ostream<char, _Traits>&, char32_t)’ (deleted)
  558 |     operator<<(basic_ostream<char, _Traits>&, char32_t) = delete;
      |     ^~~~~~~~
/usr/include/c++/11/ostream:558:5: note:   template argument deduction/substitution failed:
/home/tasnim/ns-allinone-3.41/ns-3.41/scratch/sample_0042.cc:50:17: note:   cannot convert ‘plot’ (type ‘ns3::Gnuplot’) to type ‘char32_t’
   50 |     plotfile << plot << std::endl;
      |                 ^~~~
In file included from /usr/include/c++/11/istream:39,
                 from /usr/include/c++/11/fstream:38,
                 from /home/tasnim/ns-allinone-3.41/ns-3.41/cmake-cache/CMakeFiles/stdlib_pch_exec.dir/cmake_pch.hxx:9,
                 from <command-line>:
/usr/include/c++/11/ostream:564:5: note: candidate: ‘template<class _Traits> std::basic_ostream<wchar_t, _Traits>& std::operator<<(std::basic_ostream<wchar_t, _Traits>&, char8_t)’ (deleted)
  564 |     operator<<(basic_ostream<wchar_t, _Traits>&, char8_t) = delete;
      |     ^~~~~~~~
/usr/include/c++/11/ostream:564:5: note:   template argument deduction/substitution failed:
/home/tasnim/ns-allinone-3.41/ns-3.41/scratch/sample_0042.cc:50:17: note:   mismatched types ‘wchar_t’ and ‘char’
   50 |     plotfile << plot << std::endl;
      |                 ^~~~
/home/tasnim/ns-allinone-3.41/ns-3.41/scratch/sample_0042.cc:50:17: note:   ‘std::ofstream’ {aka ‘std::basic_ofstream<char>’} is not derived from ‘std::basic_ostream<wchar_t, _Traits>’
In file included from /usr/include/c++/11/istream:39,
                 from /usr/include/c++/11/fstream:38,
                 from /home/tasnim/ns-allinone-3.41/ns-3.41/cmake-cache/CMakeFiles/stdlib_pch_exec.dir/cmake_pch.hxx:9,
                 from <command-line>:
/usr/include/c++/11/ostream:569:5: note: candidate: ‘template<class _Traits> std::basic_ostream<wchar_t, _Traits>& std::operator<<(std::basic_ostream<wchar_t, _Traits>&, char16_t)’ (deleted)
  569 |     operator<<(basic_ostream<wchar_t, _Traits>&, char16_t) = delete;
      |     ^~~~~~~~
/usr/include/c++/11/ostream:569:5: note:   template argument deduction/substitution failed:
/home/tasnim/ns-allinone-3.41/ns-3.41/scratch/sample_0042.cc:50:17: note:   mismatched types ‘wchar_t’ and ‘char’
   50 |     plotfile << plot << std::endl;
      |                 ^~~~
/home/tasnim/ns-allinone-3.41/ns-3.41/scratch/sample_0042.cc:50:17: note:   ‘std::ofstream’ {aka ‘std::basic_ofstream<char>’} is not derived from ‘std::basic_ostream<wchar_t, _Traits>’
In file included from /usr/include/c++/11/istream:39,
                 from /usr/include/c++/11/fstream:38,
                 from /home/tasnim/ns-allinone-3.41/ns-3.41/cmake-cache/CMakeFiles/stdlib_pch_exec.dir/cmake_pch.hxx:9,
                 from <command-line>:
/usr/include/c++/11/ostream:573:5: note: candidate: ‘template<class _Traits> std::basic_ostream<wchar_t, _Traits>& std::operator<<(std::basic_ostream<wchar_t, _Traits>&, char32_t)’ (deleted)
  573 |     operator<<(basic_ostream<wchar_t, _Traits>&, char32_t) = delete;
      |     ^~~~~~~~
/usr/include/c++/11/ostream:573:5: note:   template argument deduction/substitution failed:
/home/tasnim/ns-allinone-3.41/ns-3.41/scratch/sample_0042.cc:50:17: note:   mismatched types ‘wchar_t’ and ‘char’
   50 |     plotfile << plot << std::endl;
      |                 ^~~~
/home/tasnim/ns-allinone-3.41/ns-3.41/scratch/sample_0042.cc:50:17: note:   ‘std::ofstream’ {aka ‘std::basic_ofstream<char>’} is not derived from ‘std::basic_ostream<wchar_t, _Traits>’
In file included from /usr/include/c++/11/istream:39,
                 from /usr/include/c++/11/fstream:38,
                 from /home/tasnim/ns-allinone-3.41/ns-3.41/cmake-cache/CMakeFiles/stdlib_pch_exec.dir/cmake_pch.hxx:9,
                 from <command-line>:
/usr/include/c++/11/ostream:594:5: note: candidate: ‘template<class _CharT, class _Traits> std::basic_ostream<_CharT, _Traits>& std::operator<<(std::basic_ostream<_CharT, _Traits>&, const _CharT*)’
  594 |     operator<<(basic_ostream<_CharT, _Traits>& __out, const _CharT* __s)
      |     ^~~~~~~~
/usr/include/c++/11/ostream:594:5: note:   template argument deduction/substitution failed:
/home/tasnim/ns-allinone-3.41/ns-3.41/scratch/sample_0042.cc:50:17: note:   mismatched types ‘const _CharT*’ and ‘ns3::Gnuplot’
   50 |     plotfile << plot << std::endl;
      |                 ^~~~
In file included from /usr/include/c++/11/ostream:829,
                 from /usr/include/c++/11/istream:39,
                 from /usr/include/c++/11/fstream:38,
                 from /home/tasnim/ns-allinone-3.41/ns-3.41/cmake-cache/CMakeFiles/stdlib_pch_exec.dir/cmake_pch.hxx:9,
                 from <command-line>:
/usr/include/c++/11/bits/ostream.tcc:321:5: note: candidate: ‘template<class _CharT, class _Traits> std::basic_ostream<_CharT, _Traits>& std::operator<<(std::basic_ostream<_CharT, _Traits>&, const char*)’
  321 |     operator<<(basic_ostream<_CharT, _Traits>& __out, const char* __s)
      |     ^~~~~~~~
/usr/include/c++/11/bits/ostream.tcc:321:5: note:   template argument deduction/substitution failed:
/home/tasnim/ns-allinone-3.41/ns-3.41/scratch/sample_0042.cc:50:17: note:   cannot convert ‘plot’ (type ‘ns3::Gnuplot’) to type ‘const char*’
   50 |     plotfile << plot << std::endl;
      |                 ^~~~
In file included from /usr/include/c++/11/istream:39,
                 from /usr/include/c++/11/fstream:38,
                 from /home/tasnim/ns-allinone-3.41/ns-3.41/cmake-cache/CMakeFiles/stdlib_pch_exec.dir/cmake_pch.hxx:9,
                 from <command-line>:
/usr/include/c++/11/ostream:611:5: note: candidate: ‘template<class _Traits> std::basic_ostream<char, _Traits>& std::operator<<(std::basic_ostream<char, _Traits>&, const char*)’
  611 |     operator<<(basic_ostream<char, _Traits>& __out, const char* __s)
      |     ^~~~~~~~
/usr/include/c++/11/ostream:611:5: note:   template argument deduction/substitution failed:
/home/tasnim/ns-allinone-3.41/ns-3.41/scratch/sample_0042.cc:50:17: note:   cannot convert ‘plot’ (type ‘ns3::Gnuplot’) to type ‘const char*’
   50 |     plotfile << plot << std::endl;
      |                 ^~~~
In file included from /usr/include/c++/11/istream:39,
                 from /usr/include/c++/11/fstream:38,
                 from /home/tasnim/ns-allinone-3.41/ns-3.41/cmake-cache/CMakeFiles/stdlib_pch_exec.dir/cmake_pch.hxx:9,
                 from <command-line>:
/usr/include/c++/11/ostream:624:5: note: candidate: ‘template<class _Traits> std::basic_ostream<char, _Traits>& std::operator<<(std::basic_ostream<char, _Traits>&, const signed char*)’
  624 |     operator<<(basic_ostream<char, _Traits>& __out, const signed char* __s)
      |     ^~~~~~~~
/usr/include/c++/11/ostream:624:5: note:   template argument deduction/substitution failed:
/home/tasnim/ns-allinone-3.41/ns-3.41/scratch/sample_0042.cc:50:17: note:   cannot convert ‘plot’ (type ‘ns3::Gnuplot’) to type ‘const signed char*’
   50 |     plotfile << plot << std::endl;
      |                 ^~~~
In file included from /usr/include/c++/11/istream:39,
                 from /usr/include/c++/11/fstream:38,
                 from /home/tasnim/ns-allinone-3.41/ns-3.41/cmake-cache/CMakeFiles/stdlib_pch_exec.dir/cmake_pch.hxx:9,
                 from <command-line>:
/usr/include/c++/11/ostream:629:5: note: candidate: ‘template<class _Traits> std::basic_ostream<char, _Traits>& std::operator<<(std::basic_ostream<char, _Traits>&, const unsigned char*)’
  629 |     operator<<(basic_ostream<char, _Traits>& __out, const unsigned char* __s)
      |     ^~~~~~~~
/usr/include/c++/11/ostream:629:5: note:   template argument deduction/substitution failed:
/home/tasnim/ns-allinone-3.41/ns-3.41/scratch/sample_0042.cc:50:17: note:   cannot convert ‘plot’ (type ‘ns3::Gnuplot’) to type ‘const unsigned char*’
   50 |     plotfile << plot << std::endl;
      |                 ^~~~
In file included from /usr/include/c++/11/istream:39,
                 from /usr/include/c++/11/fstream:38,
                 from /home/tasnim/ns-allinone-3.41/ns-3.41/cmake-cache/CMakeFiles/stdlib_pch_exec.dir/cmake_pch.hxx:9,
                 from <command-line>:
/usr/include/c++/11/ostream:638:5: note: candidate: ‘template<class _Traits> std::basic_ostream<char, _Traits>& std::operator<<(std::basic_ostream<char, _Traits>&, const wchar_t*)’ (deleted)
  638 |     operator<<(basic_ostream<char, _Traits>&, const wchar_t*) = delete;
      |     ^~~~~~~~
/usr/include/c++/11/ostream:638:5: note:   template argument deduction/substitution failed:
/home/tasnim/ns-allinone-3.41/ns-3.41/scratch/sample_0042.cc:50:17: note:   cannot convert ‘plot’ (type ‘ns3::Gnuplot’) to type ‘const wchar_t*’
   50 |     plotfile << plot << std::endl;
      |                 ^~~~
In file included from /usr/include/c++/11/istream:39,
                 from /usr/include/c++/11/fstream:38,
                 from /home/tasnim/ns-allinone-3.41/ns-3.41/cmake-cache/CMakeFiles/stdlib_pch_exec.dir/cmake_pch.hxx:9,
                 from <command-line>:
/usr/include/c++/11/ostream:643:5: note: candidate: ‘template<class _Traits> std::basic_ostream<char, _Traits>& std::operator<<(std::basic_ostream<char, _Traits>&, const char8_t*)’ (deleted)
  643 |     operator<<(basic_ostream<char, _Traits>&, const char8_t*) = delete;
      |     ^~~~~~~~
/usr/include/c++/11/ostream:643:5: note:   template argument deduction/substitution failed:
/home/tasnim/ns-allinone-3.41/ns-3.41/scratch/sample_0042.cc:50:17: note:   cannot convert ‘plot’ (type ‘ns3::Gnuplot’) to type ‘const char8_t*’
   50 |     plotfile << plot << std::endl;
      |                 ^~~~
In file included from /usr/include/c++/11/istream:39,
                 from /usr/include/c++/11/fstream:38,
                 from /home/tasnim/ns-allinone-3.41/ns-3.41/cmake-cache/CMakeFiles/stdlib_pch_exec.dir/cmake_pch.hxx:9,
                 from <command-line>:
/usr/include/c++/11/ostream:648:5: note: candidate: ‘template<class _Traits> std::basic_ostream<char, _Traits>& std::operator<<(std::basic_ostream<char, _Traits>&, const char16_t*)’ (deleted)
  648 |     operator<<(basic_ostream<char, _Traits>&, const char16_t*) = delete;
      |     ^~~~~~~~
/usr/include/c++/11/ostream:648:5: note:   template argument deduction/substitution failed:
/home/tasnim/ns-allinone-3.41/ns-3.41/scratch/sample_0042.cc:50:17: note:   cannot convert ‘plot’ (type ‘ns3::Gnuplot’) to type ‘const char16_t*’
   50 |     plotfile << plot << std::endl;
      |                 ^~~~
In file included from /usr/include/c++/11/istream:39,
                 from /usr/include/c++/11/fstream:38,
                 from /home/tasnim/ns-allinone-3.41/ns-3.41/cmake-cache/CMakeFiles/stdlib_pch_exec.dir/cmake_pch.hxx:9,
                 from <command-line>:
/usr/include/c++/11/ostream:652:5: note: candidate: ‘template<class _Traits> std::basic_ostream<char, _Traits>& std::operator<<(std::basic_ostream<char, _Traits>&, const char32_t*)’ (deleted)
  652 |     operator<<(basic_ostream<char, _Traits>&, const char32_t*) = delete;
      |     ^~~~~~~~
/usr/include/c++/11/ostream:652:5: note:   template argument deduction/substitution failed:
/home/tasnim/ns-allinone-3.41/ns-3.41/scratch/sample_0042.cc:50:17: note:   cannot convert ‘plot’ (type ‘ns3::Gnuplot’) to type ‘const char32_t*’
   50 |     plotfile << plot << std::endl;
      |                 ^~~~
In file included from /usr/include/c++/11/istream:39,
                 from /usr/include/c++/11/fstream:38,
                 from /home/tasnim/ns-allinone-3.41/ns-3.41/cmake-cache/CMakeFiles/stdlib_pch_exec.dir/cmake_pch.hxx:9,
                 from <command-line>:
/usr/include/c++/11/ostream:658:5: note: candidate: ‘template<class _Traits> std::basic_ostream<wchar_t, _Traits>& std::operator<<(std::basic_ostream<wchar_t, _Traits>&, const char8_t*)’ (deleted)
  658 |     operator<<(basic_ostream<wchar_t, _Traits>&, const char8_t*) = delete;
      |     ^~~~~~~~
/usr/include/c++/11/ostream:658:5: note:   template argument deduction/substitution failed:
/home/tasnim/ns-allinone-3.41/ns-3.41/scratch/sample_0042.cc:50:17: note:   mismatched types ‘wchar_t’ and ‘char’
   50 |     plotfile << plot << std::endl;
      |                 ^~~~
/home/tasnim/ns-allinone-3.41/ns-3.41/scratch/sample_0042.cc:50:17: note:   ‘std::ofstream’ {aka ‘std::basic_ofstream<char>’} is not derived from ‘std::basic_ostream<wchar_t, _Traits>’
In file included from /usr/include/c++/11/istream:39,
                 from /usr/include/c++/11/fstream:38,
                 from /home/tasnim/ns-allinone-3.41/ns-3.41/cmake-cache/CMakeFiles/stdlib_pch_exec.dir/cmake_pch.hxx:9,
                 from <command-line>:
/usr/include/c++/11/ostream:663:5: note: candidate: ‘template<class _Traits> std::basic_ostream<wchar_t, _Traits>& std::operator<<(std::basic_ostream<wchar_t, _Traits>&, const char16_t*)’ (deleted)
  663 |     operator<<(basic_ostream<wchar_t, _Traits>&, const char16_t*) = delete;
      |     ^~~~~~~~
/usr/include/c++/11/ostream:663:5: note:   template argument deduction/substitution failed:
/home/tasnim/ns-allinone-3.41/ns-3.41/scratch/sample_0042.cc:50:17: note:   mismatched types ‘wchar_t’ and ‘char’
   50 |     plotfile << plot << std::endl;
      |                 ^~~~
/home/tasnim/ns-allinone-3.41/ns-3.41/scratch/sample_0042.cc:50:17: note:   ‘std::ofstream’ {aka ‘std::basic_ofstream<char>’} is not derived from ‘std::basic_ostream<wchar_t, _Traits>’
In file included from /usr/include/c++/11/istream:39,
                 from /usr/include/c++/11/fstream:38,
                 from /home/tasnim/ns-allinone-3.41/ns-3.41/cmake-cache/CMakeFiles/stdlib_pch_exec.dir/cmake_pch.hxx:9,
                 from <command-line>:
/usr/include/c++/11/ostream:667:5: note: candidate: ‘template<class _Traits> std::basic_ostream<wchar_t, _Traits>& std::operator<<(std::basic_ostream<wchar_t, _Traits>&, const char32_t*)’ (deleted)
  667 |     operator<<(basic_ostream<wchar_t, _Traits>&, const char32_t*) = delete;
      |     ^~~~~~~~
/usr/include/c++/11/ostream:667:5: note:   template argument deduction/substitution failed:
/home/tasnim/ns-allinone-3.41/ns-3.41/scratch/sample_0042.cc:50:17: note:   mismatched types ‘wchar_t’ and ‘char’
   50 |     plotfile << plot << std::endl;
      |                 ^~~~
/home/tasnim/ns-allinone-3.41/ns-3.41/scratch/sample_0042.cc:50:17: note:   ‘std::ofstream’ {aka ‘std::basic_ofstream<char>’} is not derived from ‘std::basic_ostream<wchar_t, _Traits>’
In file included from /usr/include/c++/11/istream:39,
                 from /usr/include/c++/11/fstream:38,
                 from /home/tasnim/ns-allinone-3.41/ns-3.41/cmake-cache/CMakeFiles/stdlib_pch_exec.dir/cmake_pch.hxx:9,
                 from <command-line>:
/usr/include/c++/11/ostream:750:5: note: candidate: ‘template<class _Ostream, class _Tp> _Ostream&& std::operator<<(_Ostream&&, const _Tp&)’
  750 |     operator<<(_Ostream&& __os, const _Tp& __x)
      |     ^~~~~~~~
/usr/include/c++/11/ostream:750:5: note:   template argument deduction/substitution failed:
/usr/include/c++/11/ostream: In substitution of ‘template<class _Ostream, class _Tp> _Ostream&& std::operator<<(_Ostream&&, const _Tp&) [with _Ostream = std::basic_ofstream<char>&; _Tp = ns3::Gnuplot]’:
/home/tasnim/ns-allinone-3.41/ns-3.41/scratch/sample_0042.cc:50:17:   required from here
/usr/include/c++/11/ostream:750:5: error: template constraint failure for ‘template<class _Os, class _Tp>  requires (__derived_from_ios_base<_Os>) && requires(_Os& __os, const _Tp& __t) {__os << __t;} using __rvalue_stream_insertion_t = _Os&&’
/usr/include/c++/11/ostream:750:5: note: constraints not satisfied
/usr/include/c++/11/ostream: In substitution of ‘template<class _Os, class _Tp>  requires (__derived_from_ios_base<_Os>) && requires(_Os& __os, const _Tp& __t) {__os << __t;} using __rvalue_stream_insertion_t = _Os&& [with _Os = std::basic_ofstream<char>&; _Tp = ns3::Gnuplot]’:
/usr/include/c++/11/ostream:750:5:   required by substitution of ‘template<class _Ostream, class _Tp> _Ostream&& std::operator<<(_Ostream&&, const _Tp&) [with _Ostream = std::basic_ofstream<char>&; _Tp = ns3::Gnuplot]’
/home/tasnim/ns-allinone-3.41/ns-3.41/scratch/sample_0042.cc:50:17:   required from here
/usr/include/c++/11/ostream:717:13:   required for the satisfaction of ‘__derived_from_ios_base<_Os>’ [with _Os = std::basic_ofstream<char, std::char_traits<char> >&]
/usr/include/c++/11/ostream:717:39: note: the expression ‘is_class_v<_Tp> [with _Tp = std::basic_ofstream<char, std::char_traits<char> >&]’ evaluated to ‘false’
  717 |     concept __derived_from_ios_base = is_class_v<_Tp>
      |                                       ^~~~~~~~~~~~~~~
In file included from /home/tasnim/ns-allinone-3.41/ns-3.41/src/spectrum/model/spectrum-model.h:25,
                 from /home/tasnim/ns-allinone-3.41/ns-3.41/src/spectrum/model/spectrum-value.h:23,
                 from /home/tasnim/ns-allinone-3.41/ns-3.41/src/spectrum/model/wifi-spectrum-value-helper.h:25,
                 from /home/tasnim/ns-allinone-3.41/ns-3.41/build/include/ns3/wifi-spectrum-value-helper.h:1,
                 from /home/tasnim/ns-allinone-3.41/ns-3.41/src/wifi/model/wifi-phy-common.h:29,
                 from /home/tasnim/ns-allinone-3.41/ns-3.41/src/wifi/model/wifi-mode.h:24,
                 from /home/tasnim/ns-allinone-3.41/ns-3.41/src/wifi/model/error-rate-model.h:23,
                 from /home/tasnim/ns-allinone-3.41/ns-3.41/src/wifi/model/nist-error-rate-model.h:23,
                 from /home/tasnim/ns-allinone-3.41/ns-3.41/build/include/ns3/nist-error-rate-model.h:1,
                 from /home/tasnim/ns-allinone-3.41/ns-3.41/scratch/sample_0042.cc:2:
/usr/include/c++/11/cstddef:126:5: note: candidate: ‘template<class _IntegerType> constexpr std::__byte_op_t<_IntegerType> std::operator<<(std::byte, _IntegerType)’
  126 |     operator<<(byte __b, _IntegerType __shift) noexcept
      |     ^~~~~~~~
/usr/include/c++/11/cstddef:126:5: note:   template argument deduction/substitution failed:
/home/tasnim/ns-allinone-3.41/ns-3.41/scratch/sample_0042.cc:50:5: note:   cannot convert ‘plotfile’ (type ‘std::ofstream’ {aka ‘std::basic_ofstream<char>’}) to type ‘std::byte’
   50 |     plotfile << plot << std::endl;
      |     ^~~~~~~~
In file included from /usr/include/c++/11/memory:76,
                 from /home/tasnim/ns-allinone-3.41/ns-3.41/src/core/model/callback.h:31,
                 from /home/tasnim/ns-allinone-3.41/ns-3.41/build/include/ns3/callback.h:1,
                 from /home/tasnim/ns-allinone-3.41/ns-3.41/src/wifi/model/wifi-mode.h:27,
                 from /home/tasnim/ns-allinone-3.41/ns-3.41/src/wifi/model/error-rate-model.h:23,
                 from /home/tasnim/ns-allinone-3.41/ns-3.41/src/wifi/model/nist-error-rate-model.h:23,
                 from /home/tasnim/ns-allinone-3.41/ns-3.41/build/include/ns3/nist-error-rate-model.h:1,
                 from /home/tasnim/ns-allinone-3.41/ns-3.41/scratch/sample_0042.cc:2:
/usr/include/c++/11/bits/unique_ptr.h:1003:5: note: candidate: ‘template<class _CharT, class _Traits, class _Tp, class _Dp> std::basic_ostream<_CharT, _Traits>& std::operator<<(std::basic_ostream<_CharT, _Traits>&, const std::unique_ptr<_Up, _Ep>&) requires requires{std::operator<<::__os << std::operator<<::__p->get();}’
 1003 |     operator<<(basic_ostream<_CharT, _Traits>& __os,
      |     ^~~~~~~~
/usr/include/c++/11/bits/unique_ptr.h:1003:5: note:   template argument deduction/substitution failed:
/home/tasnim/ns-allinone-3.41/ns-3.41/scratch/sample_0042.cc:50:17: note:   ‘ns3::Gnuplot’ is not derived from ‘const std::unique_ptr<_Up, _Ep>’
   50 |     plotfile << plot << std::endl;
      |                 ^~~~
In file included from /usr/include/c++/11/memory:77,
                 from /home/tasnim/ns-allinone-3.41/ns-3.41/src/core/model/callback.h:31,
                 from /home/tasnim/ns-allinone-3.41/ns-3.41/build/include/ns3/callback.h:1,
                 from /home/tasnim/ns-allinone-3.41/ns-3.41/src/wifi/model/wifi-mode.h:27,
                 from /home/tasnim/ns-allinone-3.41/ns-3.41/src/wifi/model/error-rate-model.h:23,
                 from /home/tasnim/ns-allinone-3.41/ns-3.41/src/wifi/model/nist-error-rate-model.h:23,
                 from /home/tasnim/ns-allinone-3.41/ns-3.41/build/include/ns3/nist-error-rate-model.h:1,
                 from /home/tasnim/ns-allinone-3.41/ns-3.41/scratch/sample_0042.cc:2:
/usr/include/c++/11/bits/shared_ptr.h:70:5: note: candidate: ‘template<class _Ch, class _Tr, class _Tp, __gnu_cxx::_Lock_policy _Lp> std::basic_ostream<_CharT, _Traits>& std::operator<<(std::basic_ostream<_CharT, _Traits>&, const std::__shared_ptr<_Tp, _Lp>&)’
   70 |     operator<<(std::basic_ostream<_Ch, _Tr>& __os,
      |     ^~~~~~~~
/usr/include/c++/11/bits/shared_ptr.h:70:5: note:   template argument deduction/substitution failed:
/home/tasnim/ns-allinone-3.41/ns-3.41/scratch/sample_0042.cc:50:17: note:   ‘ns3::Gnuplot’ is not derived from ‘const std::__shared_ptr<_Tp, _Lp>’
   50 |     plotfile << plot << std::endl;
      |                 ^~~~
In file included from /home/tasnim/ns-allinone-3.41/ns-3.41/scratch/sample_0042.cc:6:
/usr/include/c++/11/iomanip:79:5: note: candidate: ‘template<class _CharT, class _Traits> std::basic_ostream<_CharT, _Traits>& std::operator<<(std::basic_ostream<_CharT, _Traits>&, std::_Resetiosflags)’
   79 |     operator<<(basic_ostream<_CharT, _Traits>& __os, _Resetiosflags __f)
      |     ^~~~~~~~
/usr/include/c++/11/iomanip:79:5: note:   template argument deduction/substitution failed:
/home/tasnim/ns-allinone-3.41/ns-3.41/scratch/sample_0042.cc:50:17: note:   cannot convert ‘plot’ (type ‘ns3::Gnuplot’) to type ‘std::_Resetiosflags’
   50 |     plotfile << plot << std::endl;
      |                 ^~~~
In file included from /home/tasnim/ns-allinone-3.41/ns-3.41/scratch/sample_0042.cc:6:
/usr/include/c++/11/iomanip:109:5: note: candidate: ‘template<class _CharT, class _Traits> std::basic_ostream<_CharT, _Traits>& std::operator<<(std::basic_ostream<_CharT, _Traits>&, std::_Setiosflags)’
  109 |     operator<<(basic_ostream<_CharT, _Traits>& __os, _Setiosflags __f)
      |     ^~~~~~~~
/usr/include/c++/11/iomanip:109:5: note:   template argument deduction/substitution failed:
/home/tasnim/ns-allinone-3.41/ns-3.41/scratch/sample_0042.cc:50:17: note:   cannot convert ‘plot’ (type ‘ns3::Gnuplot’) to type ‘std::_Setiosflags’
   50 |     plotfile << plot << std::endl;
      |                 ^~~~
In file included from /home/tasnim/ns-allinone-3.41/ns-3.41/scratch/sample_0042.cc:6:
/usr/include/c++/11/iomanip:143:5: note: candidate: ‘template<class _CharT, class _Traits> std::basic_ostream<_CharT, _Traits>& std::operator<<(std::basic_ostream<_CharT, _Traits>&, std::_Setbase)’
  143 |     operator<<(basic_ostream<_CharT, _Traits>& __os, _Setbase __f)
      |     ^~~~~~~~
/usr/include/c++/11/iomanip:143:5: note:   template argument deduction/substitution failed:
/home/tasnim/ns-allinone-3.41/ns-3.41/scratch/sample_0042.cc:50:17: note:   cannot convert ‘plot’ (type ‘ns3::Gnuplot’) to type ‘std::_Setbase’
   50 |     plotfile << plot << std::endl;
      |                 ^~~~
In file included from /home/tasnim/ns-allinone-3.41/ns-3.41/scratch/sample_0042.cc:6:
/usr/include/c++/11/iomanip:178:5: note: candidate: ‘template<class _CharT, class _Traits> std::basic_ostream<_CharT, _Traits>& std::operator<<(std::basic_ostream<_CharT, _Traits>&, std::_Setfill<_CharT>)’
  178 |     operator<<(basic_ostream<_CharT, _Traits>& __os, _Setfill<_CharT> __f)
      |     ^~~~~~~~
/usr/include/c++/11/iomanip:178:5: note:   template argument deduction/substitution failed:
/home/tasnim/ns-allinone-3.41/ns-3.41/scratch/sample_0042.cc:50:17: note:   ‘ns3::Gnuplot’ is not derived from ‘std::_Setfill<_CharT>’
   50 |     plotfile << plot << std::endl;
      |                 ^~~~
In file included from /home/tasnim/ns-allinone-3.41/ns-3.41/scratch/sample_0042.cc:6:
/usr/include/c++/11/iomanip:208:5: note: candidate: ‘template<class _CharT, class _Traits> std::basic_ostream<_CharT, _Traits>& std::operator<<(std::basic_ostream<_CharT, _Traits>&, std::_Setprecision)’
  208 |     operator<<(basic_ostream<_CharT, _Traits>& __os, _Setprecision __f)
      |     ^~~~~~~~
/usr/include/c++/11/iomanip:208:5: note:   template argument deduction/substitution failed:
/home/tasnim/ns-allinone-3.41/ns-3.41/scratch/sample_0042.cc:50:17: note:   cannot convert ‘plot’ (type ‘ns3::Gnuplot’) to type ‘std::_Setprecision’
   50 |     plotfile << plot << std::endl;
      |                 ^~~~
In file included from /home/tasnim/ns-allinone-3.41/ns-3.41/scratch/sample_0042.cc:6:
/usr/include/c++/11/iomanip:238:5: note: candidate: ‘template<class _CharT, class _Traits> std::basic_ostream<_CharT, _Traits>& std::operator<<(std::basic_ostream<_CharT, _Traits>&, std::_Setw)’
  238 |     operator<<(basic_ostream<_CharT, _Traits>& __os, _Setw __f)
      |     ^~~~~~~~
/usr/include/c++/11/iomanip:238:5: note:   template argument deduction/substitution failed:
/home/tasnim/ns-allinone-3.41/ns-3.41/scratch/sample_0042.cc:50:17: note:   cannot convert ‘plot’ (type ‘ns3::Gnuplot’) to type ‘std::_Setw’
   50 |     plotfile << plot << std::endl;
      |                 ^~~~
In file included from /home/tasnim/ns-allinone-3.41/ns-3.41/scratch/sample_0042.cc:6:
/usr/include/c++/11/iomanip:311:5: note: candidate: ‘template<class _CharT, class _Traits, class _MoneyT> std::basic_ostream<_CharT, _Traits>& std::operator<<(std::basic_ostream<_CharT, _Traits>&, std::_Put_money<_MoneyT>)’
  311 |     operator<<(basic_ostream<_CharT, _Traits>& __os, _Put_money<_MoneyT> __f)
      |     ^~~~~~~~
/usr/include/c++/11/iomanip:311:5: note:   template argument deduction/substitution failed:
/home/tasnim/ns-allinone-3.41/ns-3.41/scratch/sample_0042.cc:50:17: note:   ‘ns3::Gnuplot’ is not derived from ‘std::_Put_money<_MoneyT>’
   50 |     plotfile << plot << std::endl;
      |                 ^~~~
In file included from /home/tasnim/ns-allinone-3.41/ns-3.41/scratch/sample_0042.cc:6:
/usr/include/c++/11/iomanip:363:5: note: candidate: ‘template<class _CharT, class _Traits> std::basic_ostream<_CharT, _Traits>& std::operator<<(std::basic_ostream<_CharT, _Traits>&, std::_Put_time<_CharT>)’
  363 |     operator<<(basic_ostream<_CharT, _Traits>& __os, _Put_time<_CharT> __f)
      |     ^~~~~~~~
/usr/include/c++/11/iomanip:363:5: note:   template argument deduction/substitution failed:
/home/tasnim/ns-allinone-3.41/ns-3.41/scratch/sample_0042.cc:50:17: note:   ‘ns3::Gnuplot’ is not derived from ‘std::_Put_time<_CharT>’
   50 |     plotfile << plot << std::endl;
      |                 ^~~~
In file included from /home/tasnim/ns-allinone-3.41/ns-3.41/src/wifi/model/wifi-standards.h:23,
                 from /home/tasnim/ns-allinone-3.41/ns-3.41/src/wifi/model/wifi-phy-common.h:25,
                 from /home/tasnim/ns-allinone-3.41/ns-3.41/src/wifi/model/wifi-mode.h:24,
                 from /home/tasnim/ns-allinone-3.41/ns-3.41/src/wifi/model/error-rate-model.h:23,
                 from /home/tasnim/ns-allinone-3.41/ns-3.41/src/wifi/model/nist-error-rate-model.h:23,
                 from /home/tasnim/ns-allinone-3.41/ns-3.41/build/include/ns3/nist-error-rate-model.h:1,
                 from /home/tasnim/ns-allinone-3.41/ns-3.41/scratch/sample_0042.cc:2:
/home/tasnim/ns-allinone-3.41/ns-3.41/src/wifi/model/wifi-phy-band.h:54:1: note: candidate: ‘std::ostream& ns3::operator<<(std::ostream&, ns3::WifiPhyBand)’
   54 | operator<<(std::ostream& os, WifiPhyBand band)
      | ^~~~~~~~
/home/tasnim/ns-allinone-3.41/ns-3.41/src/wifi/model/wifi-phy-band.h:54:42: note:   no known conversion for argument 2 from ‘ns3::Gnuplot’ to ‘ns3::WifiPhyBand’
   54 | operator<<(std::ostream& os, WifiPhyBand band)
      |                              ~~~~~~~~~~~~^~~~
In file included from /home/tasnim/ns-allinone-3.41/ns-3.41/src/wifi/model/wifi-phy-common.h:25,
                 from /home/tasnim/ns-allinone-3.41/ns-3.41/src/wifi/model/wifi-mode.h:24,
                 from /home/tasnim/ns-allinone-3.41/ns-3.41/src/wifi/model/error-rate-model.h:23,
                 from /home/tasnim/ns-allinone-3.41/ns-3.41/src/wifi/model/nist-error-rate-model.h:23,
                 from /home/tasnim/ns-allinone-3.41/ns-3.41/build/include/ns3/nist-error-rate-model.h:1,
                 from /home/tasnim/ns-allinone-3.41/ns-3.41/scratch/sample_0042.cc:2:
/home/tasnim/ns-allinone-3.41/ns-3.41/src/wifi/model/wifi-standards.h:59:1: note: candidate: ‘std::ostream& ns3::operator<<(std::ostream&, ns3::WifiStandard)’
   59 | operator<<(std::ostream& os, WifiStandard standard)
      | ^~~~~~~~
/home/tasnim/ns-allinone-3.41/ns-3.41/src/wifi/model/wifi-standards.h:59:43: note:   no known conversion for argument 2 from ‘ns3::Gnuplot’ to ‘ns3::WifiStandard’
   59 | operator<<(std::ostream& os, WifiStandard standard)
      |                              ~~~~~~~~~~~~~^~~~~~~~
In file included from /home/tasnim/ns-allinone-3.41/ns-3.41/src/spectrum/model/wifi-spectrum-value-helper.h:25,
                 from /home/tasnim/ns-allinone-3.41/ns-3.41/build/include/ns3/wifi-spectrum-value-helper.h:1,
                 from /home/tasnim/ns-allinone-3.41/ns-3.41/src/wifi/model/wifi-phy-common.h:29,
                 from /home/tasnim/ns-allinone-3.41/ns-3.41/src/wifi/model/wifi-mode.h:24,
                 from /home/tasnim/ns-allinone-3.41/ns-3.41/src/wifi/model/error-rate-model.h:23,
                 from /home/tasnim/ns-allinone-3.41/ns-3.41/src/wifi/model/nist-error-rate-model.h:23,
                 from /home/tasnim/ns-allinone-3.41/ns-3.41/build/include/ns3/nist-error-rate-model.h:1,
                 from /home/tasnim/ns-allinone-3.41/ns-3.41/scratch/sample_0042.cc:2:
/home/tasnim/ns-allinone-3.41/ns-3.41/src/spectrum/model/spectrum-value.h:667:15: note: candidate: ‘std::ostream& ns3::operator<<(std::ostream&, const ns3::SpectrumValue&)’
  667 | std::ostream& operator<<(std::ostream& os, const SpectrumValue& pvf);
      |               ^~~~~~~~
/home/tasnim/ns-allinone-3.41/ns-3.41/src/spectrum/model/spectrum-value.h:667:65: note:   no known conversion for argument 2 from ‘ns3::Gnuplot’ to ‘const ns3::SpectrumValue&’
  667 | std::ostream& operator<<(std::ostream& os, const SpectrumValue& pvf);
      |                                            ~~~~~~~~~~~~~~~~~~~~~^~~
In file included from /home/tasnim/ns-allinone-3.41/ns-3.41/build/include/ns3/wifi-spectrum-value-helper.h:1,
                 from /home/tasnim/ns-allinone-3.41/ns-3.41/src/wifi/model/wifi-phy-common.h:29,
                 from /home/tasnim/ns-allinone-3.41/ns-3.41/src/wifi/model/wifi-mode.h:24,
                 from /home/tasnim/ns-allinone-3.41/ns-3.41/src/wifi/model/error-rate-model.h:23,
                 from /home/tasnim/ns-allinone-3.41/ns-3.41/src/wifi/model/nist-error-rate-model.h:23,
                 from /home/tasnim/ns-allinone-3.41/ns-3.41/build/include/ns3/nist-error-rate-model.h:1,
                 from /home/tasnim/ns-allinone-3.41/ns-3.41/scratch/sample_0042.cc:2:
/home/tasnim/ns-allinone-3.41/ns-3.41/src/spectrum/model/wifi-spectrum-value-helper.h:378:15: note: candidate: ‘std::ostream& ns3::operator<<(std::ostream&, const ns3::FrequencyRange&)’
  378 | std::ostream& operator<<(std::ostream& os, const FrequencyRange& freqRange);
      |               ^~~~~~~~
/home/tasnim/ns-allinone-3.41/ns-3.41/src/spectrum/model/wifi-spectrum-value-helper.h:378:66: note:   no known conversion for argument 2 from ‘ns3::Gnuplot’ to ‘const ns3::FrequencyRange&’
  378 | std::ostream& operator<<(std::ostream& os, const FrequencyRange& freqRange);
      |                                            ~~~~~~~~~~~~~~~~~~~~~~^~~~~~~~~
In file included from /home/tasnim/ns-allinone-3.41/ns-3.41/src/wifi/model/wifi-mode.h:24,
                 from /home/tasnim/ns-allinone-3.41/ns-3.41/src/wifi/model/error-rate-model.h:23,
                 from /home/tasnim/ns-allinone-3.41/ns-3.41/src/wifi/model/nist-error-rate-model.h:23,
                 from /home/tasnim/ns-allinone-3.41/ns-3.41/build/include/ns3/nist-error-rate-model.h:1,
                 from /home/tasnim/ns-allinone-3.41/ns-3.41/scratch/sample_0042.cc:2:
/home/tasnim/ns-allinone-3.41/ns-3.41/src/wifi/model/wifi-phy-common.h:92:1: note: candidate: ‘std::ostream& ns3::operator<<(std::ostream&, const ns3::WifiSpectrumBandInfo&)’
   92 | operator<<(std::ostream& os, const WifiSpectrumBandInfo& band)
      | ^~~~~~~~
/home/tasnim/ns-allinone-3.41/ns-3.41/src/wifi/model/wifi-phy-common.h:92:58: note:   no known conversion for argument 2 from ‘ns3::Gnuplot’ to ‘const ns3::WifiSpectrumBandInfo&’
   92 | operator<<(std::ostream& os, const WifiSpectrumBandInfo& band)
      |                              ~~~~~~~~~~~~~~~~~~~~~~~~~~~~^~~~
/home/tasnim/ns-allinone-3.41/ns-3.41/src/wifi/model/wifi-phy-common.h:131:1: note: candidate: ‘std::ostream& ns3::operator<<(std::ostream&, const ns3::WifiCodeRate&)’
  131 | operator<<(std::ostream& os, const WifiCodeRate& codeRate)
      | ^~~~~~~~
/home/tasnim/ns-allinone-3.41/ns-3.41/src/wifi/model/wifi-phy-common.h:131:50: note:   no known conversion for argument 2 from ‘ns3::Gnuplot’ to ‘const ns3::WifiCodeRate&’
  131 | operator<<(std::ostream& os, const WifiCodeRate& codeRate)
      |                              ~~~~~~~~~~~~~~~~~~~~^~~~~~~~
/home/tasnim/ns-allinone-3.41/ns-3.41/src/wifi/model/wifi-phy-common.h:197:1: note: candidate: ‘std::ostream& ns3::operator<<(std::ostream&, const ns3::WifiPreamble&)’
  197 | operator<<(std::ostream& os, const WifiPreamble& preamble)
      | ^~~~~~~~
/home/tasnim/ns-allinone-3.41/ns-3.41/src/wifi/model/wifi-phy-common.h:197:50: note:   no known conversion for argument 2 from ‘ns3::Gnuplot’ to ‘const ns3::WifiPreamble&’
  197 | operator<<(std::ostream& os, const WifiPreamble& preamble)
      |                              ~~~~~~~~~~~~~~~~~~~~^~~~~~~~
/home/tasnim/ns-allinone-3.41/ns-3.41/src/wifi/model/wifi-phy-common.h:268:1: note: candidate: ‘std::ostream& ns3::operator<<(std::ostream&, const ns3::WifiModulationClass&)’
  268 | operator<<(std::ostream& os, const WifiModulationClass& modulation)
      | ^~~~~~~~
/home/tasnim/ns-allinone-3.41/ns-3.41/src/wifi/model/wifi-phy-common.h:268:57: note:   no known conversion for argument 2 from ‘ns3::Gnuplot’ to ‘const ns3::WifiModulationClass&’
  268 | operator<<(std::ostream& os, const WifiModulationClass& modulation)
      |                              ~~~~~~~~~~~~~~~~~~~~~~~~~~~^~~~~~~~~~
/home/tasnim/ns-allinone-3.41/ns-3.41/src/wifi/model/wifi-phy-common.h:339:1: note: candidate: ‘std::ostream& ns3::operator<<(std::ostream&, const ns3::WifiPpduField&)’
  339 | operator<<(std::ostream& os, const WifiPpduField& field)
      | ^~~~~~~~
/home/tasnim/ns-allinone-3.41/ns-3.41/src/wifi/model/wifi-phy-common.h:339:51: note:   no known conversion for argument 2 from ‘ns3::Gnuplot’ to ‘const ns3::WifiPpduField&’
  339 | operator<<(std::ostream& os, const WifiPpduField& field)
      |                              ~~~~~~~~~~~~~~~~~~~~~^~~~~
/home/tasnim/ns-allinone-3.41/ns-3.41/src/wifi/model/wifi-phy-common.h:386:1: note: candidate: ‘std::ostream& ns3::operator<<(std::ostream&, const ns3::WifiPpduType&)’
  386 | operator<<(std::ostream& os, const WifiPpduType& type)
      | ^~~~~~~~
/home/tasnim/ns-allinone-3.41/ns-3.41/src/wifi/model/wifi-phy-common.h:386:50: note:   no known conversion for argument 2 from ‘ns3::Gnuplot’ to ‘const ns3::WifiPpduType&’
  386 | operator<<(std::ostream& os, const WifiPpduType& type)
      |                              ~~~~~~~~~~~~~~~~~~~~^~~~
/home/tasnim/ns-allinone-3.41/ns-3.41/src/wifi/model/wifi-phy-common.h:442:1: note: candidate: ‘std::ostream& ns3::operator<<(std::ostream&, const ns3::WifiPhyRxfailureReason&)’
  442 | operator<<(std::ostream& os, const WifiPhyRxfailureReason& reason)
      | ^~~~~~~~
/home/tasnim/ns-allinone-3.41/ns-3.41/src/wifi/model/wifi-phy-common.h:442:60: note:   no known conversion for argument 2 from ‘ns3::Gnuplot’ to ‘const ns3::WifiPhyRxfailureReason&’
  442 | operator<<(std::ostream& os, const WifiPhyRxfailureReason& reason)
      |                              ~~~~~~~~~~~~~~~~~~~~~~~~~~~~~~^~~~~~
/home/tasnim/ns-allinone-3.41/ns-3.41/src/wifi/model/wifi-phy-common.h:520:1: note: candidate: ‘std::ostream& ns3::operator<<(std::ostream&, ns3::WifiChannelListType)’
  520 | operator<<(std::ostream& os, WifiChannelListType type)
      | ^~~~~~~~
/home/tasnim/ns-allinone-3.41/ns-3.41/src/wifi/model/wifi-phy-common.h:520:50: note:   no known conversion for argument 2 from ‘ns3::Gnuplot’ to ‘ns3::WifiChannelListType’
  520 | operator<<(std::ostream& os, WifiChannelListType type)
      |                              ~~~~~~~~~~~~~~~~~~~~^~~~
In file included from /home/tasnim/ns-allinone-3.41/ns-3.41/src/wifi/model/error-rate-model.h:23,
                 from /home/tasnim/ns-allinone-3.41/ns-3.41/src/wifi/model/nist-error-rate-model.h:23,
                 from /home/tasnim/ns-allinone-3.41/ns-3.41/build/include/ns3/nist-error-rate-model.h:1,
                 from /home/tasnim/ns-allinone-3.41/ns-3.41/scratch/sample_0042.cc:2:
/home/tasnim/ns-allinone-3.41/ns-3.41/src/wifi/model/wifi-mode.h:243:15: note: candidate: ‘std::ostream& ns3::operator<<(std::ostream&, const ns3::WifiMode&)’
  243 | std::ostream& operator<<(std::ostream& os, const WifiMode& mode);
      |               ^~~~~~~~
/home/tasnim/ns-allinone-3.41/ns-3.41/src/wifi/model/wifi-mode.h:243:60: note:   no known conversion for argument 2 from ‘ns3::Gnuplot’ to ‘const ns3::WifiMode&’
  243 | std::ostream& operator<<(std::ostream& os, const WifiMode& mode);
      |                                            ~~~~~~~~~~~~~~~~^~~~
In file included from /home/tasnim/ns-allinone-3.41/ns-3.41/src/core/model/object-base.h:23,
                 from /home/tasnim/ns-allinone-3.41/ns-3.41/src/core/model/object.h:25,
                 from /home/tasnim/ns-allinone-3.41/ns-3.41/build/include/ns3/object.h:1,
                 from /home/tasnim/ns-allinone-3.41/ns-3.41/src/wifi/model/error-rate-model.h:25,
                 from /home/tasnim/ns-allinone-3.41/ns-3.41/src/wifi/model/nist-error-rate-model.h:23,
                 from /home/tasnim/ns-allinone-3.41/ns-3.41/build/include/ns3/nist-error-rate-model.h:1,
                 from /home/tasnim/ns-allinone-3.41/ns-3.41/scratch/sample_0042.cc:2:
/home/tasnim/ns-allinone-3.41/ns-3.41/src/core/model/type-id.h:576:15: note: candidate: ‘std::ostream& ns3::operator<<(std::ostream&, ns3::TypeId)’
  576 | std::ostream& operator<<(std::ostream& os, TypeId tid);
      |               ^~~~~~~~
/home/tasnim/ns-allinone-3.41/ns-3.41/src/core/model/type-id.h:576:51: note:   no known conversion for argument 2 from ‘ns3::Gnuplot’ to ‘ns3::TypeId’
  576 | std::ostream& operator<<(std::ostream& os, TypeId tid);
      |                                            ~~~~~~~^~~
/home/tasnim/ns-allinone-3.41/ns-3.41/scratch/sample_0042.cc: In function ‘int main(int, char**)’:
/home/tasnim/ns-allinone-3.41/ns-3.41/scratch/sample_0042.cc:59:5: error: ‘CommandLine’ was not declared in this scope
   59 |     CommandLine cmd(__FILE__);
      |     ^~~~~~~~~~~
/home/tasnim/ns-allinone-3.41/ns-3.41/scratch/sample_0042.cc:60:5: error: ‘cmd’ was not declared in this scope
   60 |     cmd.AddValue("FrameSize", "The frame size", frameSize);
      |     ^~~
/home/tasnim/ns-allinone-3.41/ns-3.41/scratch/sample_0042.cc:68:18: error: aggregate ‘ns3::WifiTxVector txVector’ has incomplete type and cannot be defined
   68 |     WifiTxVector txVector;
      |                  ^~~~~~~~
/home/tasnim/ns-allinone-3.41/ns-3.41/scratch/sample_0042.cc:71:5: error: ‘WifiPhyStandard’ was not declared in this scope
   71 |     WifiPhyStandard standard = WIFI_PHY_STANDARD_80211g;
      |     ^~~~~~~~~~~~~~~
/home/tasnim/ns-allinone-3.41/ns-3.41/scratch/sample_0042.cc:72:21: error: ‘ns3::WifiModeFactory::WifiModeFactory()’ is private within this context
   72 |     WifiModeFactory modeFactory;
      |                     ^~~~~~~~~~~
In file included from /home/tasnim/ns-allinone-3.41/ns-3.41/src/wifi/model/error-rate-model.h:23,
                 from /home/tasnim/ns-allinone-3.41/ns-3.41/src/wifi/model/nist-error-rate-model.h:23,
                 from /home/tasnim/ns-allinone-3.41/ns-3.41/build/include/ns3/nist-error-rate-model.h:1,
                 from /home/tasnim/ns-allinone-3.41/ns-3.41/scratch/sample_0042.cc:2:
/home/tasnim/ns-allinone-3.41/ns-3.41/src/wifi/model/wifi-mode.h:401:5: note: declared private here
  401 |     WifiModeFactory();
      |     ^~~~~~~~~~~~~~~
/home/tasnim/ns-allinone-3.41/ns-3.41/scratch/sample_0042.cc:76:43: error: ‘class ns3::WifiModeFactory’ has no member named ‘GetOfdmRateByReference’
   76 |         WifiMode vectorMode = modeFactory.GetOfdmRateByReference(
      |                                           ^~~~~~~~~~~~~~~~~~~~~~
/home/tasnim/ns-allinone-3.41/ns-3.41/scratch/sample_0042.cc:78:13: error: ‘WifiPhy’ has not been declared
   78 |             WifiPhy::GetGuardIntervalUs(standard,
      |             ^~~~~~~
/home/tasnim/ns-allinone-3.41/ns-3.41/scratch/sample_0042.cc:78:41: error: ‘standard’ was not declared in this scope
   78 |             WifiPhy::GetGuardIntervalUs(standard,
      |                                         ^~~~~~~~
ninja: build stopped: subcommand failed.
Finished executing the following commands:
/usr/bin/cmake --build /home/tasnim/ns-allinone-3.41/ns-3.41/cmake-cache -j 31 --target scratch_sample_0042
✗ build failed (sample_0042)
