-- Using default output directory /home/tasnim/ns-allinone-3.41/ns-3.41/build
-- [33mProceeding without cmake-format[0m
-- find_external_library: SQLite3 was found.
-- GSL was found.
-- [33mdocs: doxygen documentation not enabled due to missing dependencies: doxygen dot dia[0m
-- Failed to locate sphinx-build executable (missing: SPHINX_EXECUTABLE) 
-- [33mdocs: sphinx documentation not enabled due to missing dependencies: Sphinx epstopdf pdflatex latexmk convert dvipng[0m
-- Precompiled headers were enabled
-- Processing src/antenna
-- Processing src/aodv
-- Processing src/applications
-- Processing src/bridge
-- Processing src/brite
-- [33mSkipping src/brite[0m
-- Processing src/buildings
-- Processing src/click
-- [33mSkipping src/click[0m
-- Processing src/config-store
-- Processing src/core
-- Boost Units have been found.
-- Processing src/csma
-- Processing src/csma-layout
-- Processing src/dsdv
-- Processing src/dsr
-- Processing src/energy
-- Processing src/fd-net-device
-- Checking for module 'libdpdk'
--   No package 'libdpdk' found
-- Processing src/flow-monitor
-- Processing src/internet
-- Processing src/internet-apps
-- Processing src/lr-wpan
-- Processing src/lte
-- Processing src/mesh
-- Processing src/mobility
-- Processing src/netanim
-- Processing src/network
-- Processing src/nix-vector-routing
-- Processing src/olsr
-- Processing src/openflow
-- [33mSkipping src/openflow[0m
-- Processing src/point-to-point
-- Processing src/point-to-point-layout
-- Processing src/propagation
-- Processing src/sixlowpan
-- Processing src/spectrum
-- Processing src/stats
-- Processing src/tap-bridge
-- Processing src/topology-read
-- Processing src/traffic-control
-- Processing src/uan
-- Processing src/virtual-net-device
-- Processing src/wifi
-- Processing src/wimax
-- ---- Summary of ns-3 settings:
Build profile                 : default
Build directory               : /home/tasnim/ns-allinone-3.41/ns-3.41/build
Build with runtime asserts    : [32mON[0m
Build with runtime logging    : [32mON[0m
Build version embedding       : OFF (not requested)
BRITE Integration             : [31mOFF (Missing headers: "Brite.h" and missing libraries: "brite")[0m
DES Metrics event collection  : OFF (not requested)
DPDK NetDevice                : OFF (not requested)
Emulation FdNetDevice         : [32mON[0m
Examples                      : OFF (not requested)
File descriptor NetDevice     : [32mON[0m
GNU Scientific Library (GSL)  : [32mON[0m
GtkConfigStore                : [32mON[0m
LibXml2 support               : [32mON[0m
MPI Support                   : OFF (not requested)
ns-3 Click Integration        : [31mOFF (Missing headers: "simclick.h" and missing libraries: "nsclick click")[0m
ns-3 OpenFlow Integration     : [31mOFF (Missing headers: "openflow.h" and missing libraries: "openflow")[0m
Netmap emulation FdNetDevice  : [31mOFF (missing dependency)[0m
PyViz visualizer              : [31mOFF (Python Bindings are disabled)[0m
Python Bindings               : OFF (not requested)
SQLite support                : [32mON[0m
Eigen3 support                : [32mON[0m
Tap Bridge                    : [32mON[0m
Tap FdNetDevice               : [32mON[0m
Tests                         : OFF (not requested)


Modules configured to be built:
antenna                   aodv                      applications              
bridge                    buildings                 config-store              
core                      csma                      csma-layout               
dsdv                      dsr                       energy                    
fd-net-device             flow-monitor              internet                  
internet-apps             lr-wpan                   lte                       
mesh                      mobility                  netanim                   
network                   nix-vector-routing        olsr                      
point-to-point            point-to-point-layout     propagation               
sixlowpan                 spectrum                  stats                     
tap-bridge                topology-read             traffic-control           
uan                       virtual-net-device        wifi                      
wimax                     

Modules that cannot be built:
brite                     click                     mpi                       
openflow                  test                      visualizer                



-- Configuring done
-- Generating done
-- Build files have been written to: /home/tasnim/ns-allinone-3.41/ns-3.41/cmake-cache
Warn about uninitialized values.
-- Using default output directory /home/tasnim/ns-allinone-3.41/ns-3.41/build
-- [33mProceeding without cmake-format[0m
-- find_external_library: SQLite3 was found.
-- GSL was found.
-- [33mdocs: doxygen documentation not enabled due to missing dependencies: doxygen dot dia[0m
-- Failed to locate sphinx-build executable (missing: SPHINX_EXECUTABLE) 
-- [33mdocs: sphinx documentation not enabled due to missing dependencies: Sphinx epstopdf pdflatex latexmk convert dvipng[0m
-- Precompiled headers were enabled
-- Processing src/antenna
-- Processing src/aodv
-- Processing src/applications
-- Processing src/bridge
-- Processing src/brite
-- [33mSkipping src/brite[0m
-- Processing src/buildings
-- Processing src/click
-- [33mSkipping src/click[0m
-- Processing src/config-store
-- Processing src/core
-- Boost Units have been found.
-- Processing src/csma
-- Processing src/csma-layout
-- Processing src/dsdv
-- Processing src/dsr
-- Processing src/energy
-- Processing src/fd-net-device
-- Checking for module 'libdpdk'
--   No package 'libdpdk' found
-- Processing src/flow-monitor
-- Processing src/internet
-- Processing src/internet-apps
-- Processing src/lr-wpan
-- Processing src/lte
-- Processing src/mesh
-- Processing src/mobility
-- Processing src/netanim
-- Processing src/network
-- Processing src/nix-vector-routing
-- Processing src/olsr
-- Processing src/openflow
-- [33mSkipping src/openflow[0m
-- Processing src/point-to-point
-- Processing src/point-to-point-layout
-- Processing src/propagation
-- Processing src/sixlowpan
-- Processing src/spectrum
-- Processing src/stats
-- Processing src/tap-bridge
-- Processing src/topology-read
-- Processing src/traffic-control
-- Processing src/uan
-- Processing src/virtual-net-device
-- Processing src/wifi
-- Processing src/wimax
-- ---- Summary of ns-3 settings:
Build profile                 : default
Build directory               : /home/tasnim/ns-allinone-3.41/ns-3.41/build
Build with runtime asserts    : [32mON[0m
Build with runtime logging    : [32mON[0m
Build version embedding       : OFF (not requested)
BRITE Integration             : [31mOFF (Missing headers: "Brite.h" and missing libraries: "brite")[0m
DES Metrics event collection  : OFF (not requested)
DPDK NetDevice                : OFF (not requested)
Emulation FdNetDevice         : [32mON[0m
Examples                      : OFF (not requested)
File descriptor NetDevice     : [32mON[0m
GNU Scientific Library (GSL)  : [32mON[0m
GtkConfigStore                : [32mON[0m
LibXml2 support               : [32mON[0m
MPI Support                   : OFF (not requested)
ns-3 Click Integration        : [31mOFF (Missing headers: "simclick.h" and missing libraries: "nsclick click")[0m
ns-3 OpenFlow Integration     : [31mOFF (Missing headers: "openflow.h" and missing libraries: "openflow")[0m
Netmap emulation FdNetDevice  : [31mOFF (missing dependency)[0m
PyViz visualizer              : [31mOFF (Python Bindings are disabled)[0m
Python Bindings               : OFF (not requested)
SQLite support                : [32mON[0m
Eigen3 support                : [32mON[0m
Tap Bridge                    : [32mON[0m
Tap FdNetDevice               : [32mON[0m
Tests                         : OFF (not requested)


Modules configured to be built:
antenna                   aodv                      applications              
bridge                    buildings                 config-store              
core                      csma                      csma-layout               
dsdv                      dsr                       energy                    
fd-net-device             flow-monitor              internet                  
internet-apps             lr-wpan                   lte                       
mesh                      mobility                  netanim                   
network                   nix-vector-routing        olsr                      
point-to-point            point-to-point-layout     propagation               
sixlowpan                 spectrum                  stats                     
tap-bridge                topology-read             traffic-control           
uan                       virtual-net-device        wifi                      
wimax                     

Modules that cannot be built:
brite                     click                     mpi                       
openflow                  test                      visualizer                



-- Configuring done
-- Generating done
-- Build files have been written to: /home/tasnim/ns-allinone-3.41/ns-3.41/cmake-cache
Finished executing the following commands:
/usr/bin/cmake -S /home/tasnim/ns-allinone-3.41/ns-3.41 -B /home/tasnim/ns-allinone-3.41/ns-3.41/cmake-cache --warn-uninitialized
[0/2] Re-checking globbed directories...
[1/2] Building CXX object scratch/CMakeFiles/scratch_sample_0121.dir/sample_0121.cc.o
FAILED: scratch/CMakeFiles/scratch_sample_0121.dir/sample_0121.cc.o 
/usr/bin/c++ -DEIGEN_MPL2_ONLY -DHAVE_BOOST -DHAVE_BOOST_UNITS -DHAVE_EIGEN3 -DHAVE_GSL -DHAVE_LIBXML2 -DHAVE_PACKET_H -DHAVE_SQLITE3 -DNS3_ASSERT_ENABLE -DNS3_BUILD_PROFILE_DEBUG -DNS3_LOG_ENABLE -DPROJECT_SOURCE_PATH=\"/home/tasnim/ns-allinone-3.41/ns-3.41\" -DRAW_SOCK_CREATOR=\"/home/tasnim/ns-allinone-3.41/ns-3.41/build/src/fd-net-device/ns3.41-raw-sock-creator-default\" -DTAP_DEV_CREATOR=\"/home/tasnim/ns-allinone-3.41/ns-3.41/build/src/fd-net-device/ns3.41-tap-device-creator-default\" -D__LINUX__ -I/home/tasnim/ns-allinone-3.41/ns-3.41/build/include -I/usr -I/usr/include/eigen3 -I/usr/include/freetype2 -I/usr/include/glib-2.0 -I/usr/lib/x86_64-linux-gnu/glib-2.0/include -I/usr/include/gdk-pixbuf-2.0 -I/usr/include/gtk-3.0 -I/usr/include/cairo -I/usr/include/pango-1.0 -I/usr/include/harfbuzz -I/usr/include/atk-1.0 -I/usr/include/libxml2 -O2 -g -DNDEBUG -fPIE   -fno-semantic-interposition -fdiagnostics-color=always -Wall -std=c++20 -Winvalid-pch -include /home/tasnim/ns-allinone-3.41/ns-3.41/cmake-cache/CMakeFiles/stdlib_pch_exec.dir/cmake_pch.hxx -MD -MT scratch/CMakeFiles/scratch_sample_0121.dir/sample_0121.cc.o -MF scratch/CMakeFiles/scratch_sample_0121.dir/sample_0121.cc.o.d -o scratch/CMakeFiles/scratch_sample_0121.dir/sample_0121.cc.o -c /home/tasnim/ns-allinone-3.41/ns-3.41/scratch/sample_0121.cc
/home/tasnim/ns-allinone-3.41/ns-3.41/scratch/sample_0121.cc: In member function â€˜void TestIpv6::Run(uint16_t, uint16_t, uint16_t, uint16_t, uint16_t)â€™:
/home/tasnim/ns-allinone-3.41/ns-3.41/scratch/sample_0121.cc:78:16: error: â€˜class ns3::PacketSocketHelperâ€™ has no member named â€˜Enableâ€™
   78 |   packetSocket.Enable ();
      |                ^~~~~~
/home/tasnim/ns-allinone-3.41/ns-3.41/scratch/sample_0121.cc: In member function â€˜void TestIpv6::DoRun(ns3::ObjectFactory)â€™:
/home/tasnim/ns-allinone-3.41/ns-3.41/scratch/sample_0121.cc:111:27: error: no match for â€˜operator=â€™ (operand types are â€˜ns3::NodeContainerâ€™ and â€˜voidâ€™)
  111 |   n02 = n01.Add (n.Get (2));
      |                           ^
In file included from /home/tasnim/ns-allinone-3.41/ns-3.41/build/include/ns3/node-container.h:1,
                 from /home/tasnim/ns-allinone-3.41/ns-3.41/src/applications/helper/bulk-send-helper.h:29,
                 from /home/tasnim/ns-allinone-3.41/ns-3.41/build/include/ns3/bulk-send-helper.h:1,
                 from /home/tasnim/ns-allinone-3.41/ns-3.41/build/include/ns3/applications-module.h:6,
                 from /home/tasnim/ns-allinone-3.41/ns-3.41/scratch/sample_0121.cc:25:
/home/tasnim/ns-allinone-3.41/ns-3.41/src/network/helper/node-container.h:39:7: note: candidate: â€˜ns3::NodeContainer& ns3::NodeContainer::operator=(const ns3::NodeContainer&)â€™
   39 | class NodeContainer
      |       ^~~~~~~~~~~~~
/home/tasnim/ns-allinone-3.41/ns-3.41/src/network/helper/node-container.h:39:7: note:   no known conversion for argument 1 from â€˜voidâ€™ to â€˜const ns3::NodeContainer&â€™
/home/tasnim/ns-allinone-3.41/ns-3.41/src/network/helper/node-container.h:39:7: note: candidate: â€˜ns3::NodeContainer& ns3::NodeContainer::operator=(ns3::NodeContainer&&)â€™
/home/tasnim/ns-allinone-3.41/ns-3.41/src/network/helper/node-container.h:39:7: note:   no known conversion for argument 1 from â€˜voidâ€™ to â€˜ns3::NodeContainer&&â€™
/home/tasnim/ns-allinone-3.41/ns-3.41/scratch/sample_0121.cc:153:3: error: â€˜Ipv6InterfacesContainerâ€™ was not declared in this scope
  153 |   Ipv6InterfacesContainer i01, i12, i23, i24, i02;
      |   ^~~~~~~~~~~~~~~~~~~~~~~
/home/tasnim/ns-allinone-3.41/ns-3.41/scratch/sample_0121.cc:155:3: error: â€˜i01â€™ was not declared in this scope; did you mean â€˜n01â€™?
  155 |   i01 = ipv6.Assign (nd01);
      |   ^~~
      |   n01
/home/tasnim/ns-allinone-3.41/ns-3.41/scratch/sample_0121.cc:160:3: error: â€˜i12â€™ was not declared in this scope; did you mean â€˜n12â€™?
  160 |   i12 = ipv6.Assign (nd12);
      |   ^~~
      |   n12
/home/tasnim/ns-allinone-3.41/ns-3.41/scratch/sample_0121.cc:165:3: error: â€˜i23â€™ was not declared in this scope; did you mean â€˜n23â€™?
  165 |   i23 = ipv6.Assign (nd23);
      |   ^~~
      |   n23
/home/tasnim/ns-allinone-3.41/ns-3.41/scratch/sample_0121.cc:170:3: error: â€˜i24â€™ was not declared in this scope; did you mean â€˜n24â€™?
  170 |   i24 = ipv6.Assign (nd24);
      |   ^~~
      |   n24
/home/tasnim/ns-allinone-3.41/ns-3.41/scratch/sample_0121.cc:173:3: error: â€˜i02â€™ was not declared in this scope; did you mean â€˜n02â€™?
  173 |   i02 = ipv6.Assign (n02Devices);
      |   ^~~
      |   n02
/home/tasnim/ns-allinone-3.41/ns-3.41/scratch/sample_0121.cc:175:62: error: expected primary-expression before â€˜>â€™ token
  175 |   Ptr<Ipv6> ipv6Server = i02.GetInterface (2)->GetObject<Ipv6> ();
      |                                                              ^
/home/tasnim/ns-allinone-3.41/ns-3.41/scratch/sample_0121.cc:175:65: error: expected primary-expression before â€˜)â€™ token
  175 |   Ptr<Ipv6> ipv6Server = i02.GetInterface (2)->GetObject<Ipv6> ();
      |                                                                 ^
/home/tasnim/ns-allinone-3.41/ns-3.41/scratch/sample_0121.cc:176:61: error: expected primary-expression before â€˜>â€™ token
  176 |   Ptr<Ipv6> ipv6LLSrc = i01.GetInterface (0)->GetObject<Ipv6> ();
      |                                                             ^
/home/tasnim/ns-allinone-3.41/ns-3.41/scratch/sample_0121.cc:176:64: error: expected primary-expression before â€˜)â€™ token
  176 |   Ptr<Ipv6> ipv6LLSrc = i01.GetInterface (0)->GetObject<Ipv6> ();
      |                                                                ^
/home/tasnim/ns-allinone-3.41/ns-3.41/scratch/sample_0121.cc:177:59: error: expected primary-expression before â€˜>â€™ token
  177 |   Ptr<Ipv6> ipv6Src = i24.GetInterface (1)->GetObject<Ipv6> ();
      |                                                           ^
/home/tasnim/ns-allinone-3.41/ns-3.41/scratch/sample_0121.cc:177:62: error: expected primary-expression before â€˜)â€™ token
  177 |   Ptr<Ipv6> ipv6Src = i24.GetInterface (1)->GetObject<Ipv6> ();
      |                                                              ^
/home/tasnim/ns-allinone-3.41/ns-3.41/scratch/sample_0121.cc:178:59: error: expected primary-expression before â€˜>â€™ token
  178 |   Ptr<Ipv6> router1 = i01.GetInterface (1)->GetObject<Ipv6> ();
      |                                                           ^
/home/tasnim/ns-allinone-3.41/ns-3.41/scratch/sample_0121.cc:178:62: error: expected primary-expression before â€˜)â€™ token
  178 |   Ptr<Ipv6> router1 = i01.GetInterface (1)->GetObject<Ipv6> ();
      |                                                              ^
/home/tasnim/ns-allinone-3.41/ns-3.41/scratch/sample_0121.cc:179:59: error: expected primary-expression before â€˜>â€™ token
  179 |   Ptr<Ipv6> router2 = i12.GetInterface (1)->GetObject<Ipv6> ();
      |                                                           ^
/home/tasnim/ns-allinone-3.41/ns-3.41/scratch/sample_0121.cc:179:62: error: expected primary-expression before â€˜)â€™ token
  179 |   Ptr<Ipv6> router2 = i12.GetInterface (1)->GetObject<Ipv6> ();
      |                                                              ^
/home/tasnim/ns-allinone-3.41/ns-3.41/scratch/sample_0121.cc:209:15: error: â€˜class ns3::Socketâ€™ has no member named â€˜SetRecvTtlâ€™; did you mean â€˜SetIpRecvTtlâ€™?
  209 |   recvSinkR3->SetRecvTtl (1);
      |               ^~~~~~~~~~
      |               SetIpRecvTtl
/home/tasnim/ns-allinone-3.41/ns-3.41/scratch/sample_0121.cc:238:23: error: no matching function for call to â€˜ns3::Simulator::Schedule(ns3::Time, <unresolved overloaded function type>, ns3::Ptr<ns3::Socket>&, ns3::Ptr<ns3::Packet>&, int, ns3::Inet6SocketAddress&)â€™
  238 |   Simulator::Schedule (Seconds (1.), &Socket::SendTo, source2, p2, 0, remoteR);
      |   ~~~~~~~~~~~~~~~~~~~~^~~~~~~~~~~~~~~~~~~~~~~~~~~~~~~~~~~~~~~~~~~~~~~~~~~~~~~~
In file included from /home/tasnim/ns-allinone-3.41/ns-3.41/build/include/ns3/simulator.h:1,
                 from /home/tasnim/ns-allinone-3.41/ns-3.41/src/applications/model/application-packet-probe.h:33,
                 from /home/tasnim/ns-allinone-3.41/ns-3.41/build/include/ns3/application-packet-probe.h:1,
                 from /home/tasnim/ns-allinone-3.41/ns-3.41/build/include/ns3/applications-module.h:12,
                 from /home/tasnim/ns-allinone-3.41/ns-3.41/scratch/sample_0121.cc:25:
/home/tasnim/ns-allinone-3.41/ns-3.41/src/core/model/simulator.h:243:20: note: candidate: â€˜template<class FUNC, typename std::enable_if<(! is_convertible_v<FUNC, ns3::Ptr<ns3::EventImpl> >), int>::type <anonymous>, typename std::enable_if<(! is_function_v<typename std::remove_pointer<_Tp>::type>), int>::type <anonymous>, class ... Ts> static ns3::EventId ns3::Simulator::Schedule(const ns3::Time&, FUNC, Ts&& ...)â€™
  243 |     static EventId Schedule(const Time& delay, FUNC f, Ts&&... args);
      |                    ^~~~~~~~
/home/tasnim/ns-allinone-3.41/ns-3.41/src/core/model/simulator.h:243:20: note:   template argument deduction/substitution failed:
/home/tasnim/ns-allinone-3.41/ns-3.41/scratch/sample_0121.cc:238:23: note:   couldnâ€™t deduce template parameter â€˜FUNCâ€™
  238 |   Simulator::Schedule (Seconds (1.), &Socket::SendTo, source2, p2, 0, remoteR);
      |   ~~~~~~~~~~~~~~~~~~~~^~~~~~~~~~~~~~~~~~~~~~~~~~~~~~~~~~~~~~~~~~~~~~~~~~~~~~~~
In file included from /home/tasnim/ns-allinone-3.41/ns-3.41/build/include/ns3/simulator.h:1,
                 from /home/tasnim/ns-allinone-3.41/ns-3.41/src/applications/model/application-packet-probe.h:33,
                 from /home/tasnim/ns-allinone-3.41/ns-3.41/build/include/ns3/application-packet-probe.h:1,
                 from /home/tasnim/ns-allinone-3.41/ns-3.41/build/include/ns3/applications-module.h:12,
                 from /home/tasnim/ns-allinone-3.41/ns-3.41/scratch/sample_0121.cc:25:
/home/tasnim/ns-allinone-3.41/ns-3.41/src/core/model/simulator.h:578:1: note: candidate: â€˜static ns3::EventId ns3::Simulator::Schedule(const ns3::Time&, void (*)(Us ...), Ts&& ...) [with Us = {}; Ts = {ns3::Ptr<ns3::Socket>&, ns3::Ptr<ns3::Packet>&, int, ns3::Inet6SocketAddress&}]â€™
  578 | Simulator::Schedule(const Time& delay, void (*f)(Us...), Ts&&... args)
      | ^~~~~~~~~
/home/tasnim/ns-allinone-3.41/ns-3.41/src/core/model/simulator.h:578:47: note:   no known conversion for argument 2 from â€˜<unresolved overloaded function type>â€™ to â€˜void (*)()â€™
  578 | Simulator::Schedule(const Time& delay, void (*f)(Us...), Ts&&... args)
      |                                        ~~~~~~~^~~~~~~~~
/home/tasnim/ns-allinone-3.41/ns-3.41/src/core/model/simulator.h:472:20: note: candidate: â€˜static ns3::EventId ns3::Simulator::Schedule(const ns3::Time&, const ns3::Ptr<ns3::EventImpl>&)â€™
  472 |     static EventId Schedule(const Time& delay, const Ptr<EventImpl>& event);
      |                    ^~~~~~~~
/home/tasnim/ns-allinone-3.41/ns-3.41/src/core/model/simulator.h:472:20: note:   candidate expects 2 arguments, 6 provided
/home/tasnim/ns-allinone-3.41/ns-3.41/scratch/sample_0121.cc:243:20: error: no matching function for call to â€˜ns3::CsmaHelper::EnableAscii(ns3::Ptr<ns3::OutputStreamWrapper>)â€™
  243 |   csma.EnableAscii (ascii.CreateFileStream (filename));
      |   ~~~~~~~~~~~~~~~~~^~~~~~~~~~~~~~~~~~~~~~~~~~~~~~~~~~~
In file included from /home/tasnim/ns-allinone-3.41/ns-3.41/build/include/ns3/trace-helper.h:1,
                 from /home/tasnim/ns-allinone-3.41/ns-3.41/src/csma/helper/csma-helper.h:28,
                 from /home/tasnim/ns-allinone-3.41/ns-3.41/build/include/ns3/csma-helper.h:1,
                 from /home/tasnim/ns-allinone-3.41/ns-3.41/build/include/ns3/csma-module.h:6,
                 from /home/tasnim/ns-allinone-3.41/ns-3.41/scratch/sample_0121.cc:27:
/home/tasnim/ns-allinone-3.41/ns-3.41/src/network/helper/trace-helper.h:780:10: note: candidate: â€˜void ns3::AsciiTraceHelperForDevice::EnableAscii(std::string, ns3::Ptr<ns3::NetDevice>, bool)â€™
  780 |     void EnableAscii(std::string prefix, Ptr<NetDevice> nd, bool explicitFilename = false);
      |          ^~~~~~~~~~~
/home/tasnim/ns-allinone-3.41/ns-3.41/src/network/helper/trace-helper.h:780:10: note:   candidate expects 3 arguments, 1 provided
/home/tasnim/ns-allinone-3.41/ns-3.41/src/network/helper/trace-helper.h:789:10: note: candidate: â€˜void ns3::AsciiTraceHelperForDevice::EnableAscii(ns3::Ptr<ns3::OutputStreamWrapper>, ns3::Ptr<ns3::NetDevice>)â€™
  789 |     void EnableAscii(Ptr<OutputStreamWrapper> stream, Ptr<NetDevice> nd);
      |          ^~~~~~~~~~~
/home/tasnim/ns-allinone-3.41/ns-3.41/src/network/helper/trace-helper.h:789:10: note:   candidate expects 2 arguments, 1 provided
/home/tasnim/ns-allinone-3.41/ns-3.41/src/network/helper/trace-helper.h:799:10: note: candidate: â€˜void ns3::AsciiTraceHelperForDevice::EnableAscii(std::string, std::string, bool)â€™
  799 |     void EnableAscii(std::string prefix, std::string ndName, bool explicitFilename = false);
      |          ^~~~~~~~~~~
/home/tasnim/ns-allinone-3.41/ns-3.41/src/network/helper/trace-helper.h:799:10: note:   candidate expects 3 arguments, 1 provided
/home/tasnim/ns-allinone-3.41/ns-3.41/src/network/helper/trace-helper.h:809:10: note: candidate: â€˜void ns3::AsciiTraceHelperForDevice::EnableAscii(ns3::Ptr<ns3::OutputStreamWrapper>, std::string)â€™
  809 |     void EnableAscii(Ptr<OutputStreamWrapper> stream, std::string ndName);
      |          ^~~~~~~~~~~
/home/tasnim/ns-allinone-3.41/ns-3.41/src/network/helper/trace-helper.h:809:10: note:   candidate expects 2 arguments, 1 provided
/home/tasnim/ns-allinone-3.41/ns-3.41/src/network/helper/trace-helper.h:818:10: note: candidate: â€˜void ns3::AsciiTraceHelperForDevice::EnableAscii(std::string, ns3::NetDeviceContainer)â€™
  818 |     void EnableAscii(std::string prefix, NetDeviceContainer d);
      |          ^~~~~~~~~~~
/home/tasnim/ns-allinone-3.41/ns-3.41/src/network/helper/trace-helper.h:818:10: note:   candidate expects 2 arguments, 1 provided
/home/tasnim/ns-allinone-3.41/ns-3.41/src/network/helper/trace-helper.h:828:10: note: candidate: â€˜void ns3::AsciiTraceHelperForDevice::EnableAscii(ns3::Ptr<ns3::OutputStreamWrapper>, ns3::NetDeviceContainer)â€™
  828 |     void EnableAscii(Ptr<OutputStreamWrapper> stream, NetDeviceContainer d);
      |          ^~~~~~~~~~~
/home/tasnim/ns-allinone-3.41/ns-3.41/src/network/helper/trace-helper.h:828:10: note:   candidate expects 2 arguments, 1 provided
/home/tasnim/ns-allinone-3.41/ns-3.41/src/network/helper/trace-helper.h:837:10: note: candidate: â€˜void ns3::AsciiTraceHelperForDevice::EnableAscii(std::string, ns3::NodeContainer)â€™
  837 |     void EnableAscii(std::string prefix, NodeContainer n);
      |          ^~~~~~~~~~~
/home/tasnim/ns-allinone-3.41/ns-3.41/src/network/helper/trace-helper.h:837:10: note:   candidate expects 2 arguments, 1 provided
/home/tasnim/ns-allinone-3.41/ns-3.41/src/network/helper/trace-helper.h:847:10: note: candidate: â€˜void ns3::AsciiTraceHelperForDevice::EnableAscii(ns3::Ptr<ns3::OutputStreamWrapper>, ns3::NodeContainer)â€™
  847 |     void EnableAscii(Ptr<OutputStreamWrapper> stream, NodeContainer n);
      |          ^~~~~~~~~~~
/home/tasnim/ns-allinone-3.41/ns-3.41/src/network/helper/trace-helper.h:847:10: note:   candidate expects 2 arguments, 1 provided
/home/tasnim/ns-allinone-3.41/ns-3.41/src/network/helper/trace-helper.h:877:10: note: candidate: â€˜void ns3::AsciiTraceHelperForDevice::EnableAscii(std::string, uint32_t, uint32_t, bool)â€™
  877 |     void EnableAscii(std::string prefix, uint32_t nodeid, uint32_t deviceid, bool explicitFilename);
      |          ^~~~~~~~~~~
/home/tasnim/ns-allinone-3.41/ns-3.41/src/network/helper/trace-helper.h:877:10: note:   candidate expects 4 arguments, 1 provided
/home/tasnim/ns-allinone-3.41/ns-3.41/src/network/helper/trace-helper.h:890:10: note: candidate: â€˜void ns3::AsciiTraceHelperForDevice::EnableAscii(ns3::Ptr<ns3::OutputStreamWrapper>, uint32_t, uint32_t)â€™
  890 |     void EnableAscii(Ptr<OutputStreamWrapper> stream, uint32_t nodeid, uint32_t deviceid);
      |          ^~~~~~~~~~~
/home/tasnim/ns-allinone-3.41/ns-3.41/src/network/helper/trace-helper.h:890:10: note:   candidate expects 3 arguments, 1 provided
/home/tasnim/ns-allinone-3.41/ns-3.41/scratch/sample_0121.cc:248:55: error: â€˜RxTraceâ€™ is not a member of â€˜ns3::CsmaNetDeviceâ€™
  248 |                    MakeBoundCallback (&CsmaNetDevice::RxTrace, stream1));
      |                                                       ^~~~~~~
ninja: build stopped: subcommand failed.
Finished executing the following commands:
/usr/bin/cmake --build /home/tasnim/ns-allinone-3.41/ns-3.41/cmake-cache -j 31 --target scratch_sample_0121
âœ— build failed (sample_0121)
