-- Using default output directory /home/tasnim/ns-allinone-3.41/ns-3.41/build
-- [33mProceeding without cmake-format[0m
-- find_external_library: SQLite3 was found.
-- GSL was found.
-- [33mdocs: doxygen documentation not enabled due to missing dependencies: doxygen dot dia[0m
-- Failed to locate sphinx-build executable (missing: SPHINX_EXECUTABLE) 
-- [33mdocs: sphinx documentation not enabled due to missing dependencies: Sphinx epstopdf pdflatex latexmk convert dvipng[0m
-- Precompiled headers were enabled
-- Processing src/antenna
-- Processing src/aodv
-- Processing src/applications
-- Processing src/bridge
-- Processing src/brite
-- [33mSkipping src/brite[0m
-- Processing src/buildings
-- Processing src/click
-- [33mSkipping src/click[0m
-- Processing src/config-store
-- Processing src/core
-- Boost Units have been found.
-- Processing src/csma
-- Processing src/csma-layout
-- Processing src/dsdv
-- Processing src/dsr
-- Processing src/energy
-- Processing src/fd-net-device
-- Checking for module 'libdpdk'
--   No package 'libdpdk' found
-- Processing src/flow-monitor
-- Processing src/internet
-- Processing src/internet-apps
-- Processing src/lr-wpan
-- Processing src/lte
-- Processing src/mesh
-- Processing src/mobility
-- Processing src/netanim
-- Processing src/network
-- Processing src/nix-vector-routing
-- Processing src/olsr
-- Processing src/openflow
-- [33mSkipping src/openflow[0m
-- Processing src/point-to-point
-- Processing src/point-to-point-layout
-- Processing src/propagation
-- Processing src/sixlowpan
-- Processing src/spectrum
-- Processing src/stats
-- Processing src/tap-bridge
-- Processing src/topology-read
-- Processing src/traffic-control
-- Processing src/uan
-- Processing src/virtual-net-device
-- Processing src/wifi
-- Processing src/wimax
-- ---- Summary of ns-3 settings:
Build profile                 : default
Build directory               : /home/tasnim/ns-allinone-3.41/ns-3.41/build
Build with runtime asserts    : [32mON[0m
Build with runtime logging    : [32mON[0m
Build version embedding       : OFF (not requested)
BRITE Integration             : [31mOFF (Missing headers: "Brite.h" and missing libraries: "brite")[0m
DES Metrics event collection  : OFF (not requested)
DPDK NetDevice                : OFF (not requested)
Emulation FdNetDevice         : [32mON[0m
Examples                      : OFF (not requested)
File descriptor NetDevice     : [32mON[0m
GNU Scientific Library (GSL)  : [32mON[0m
GtkConfigStore                : [32mON[0m
LibXml2 support               : [32mON[0m
MPI Support                   : OFF (not requested)
ns-3 Click Integration        : [31mOFF (Missing headers: "simclick.h" and missing libraries: "nsclick click")[0m
ns-3 OpenFlow Integration     : [31mOFF (Missing headers: "openflow.h" and missing libraries: "openflow")[0m
Netmap emulation FdNetDevice  : [31mOFF (missing dependency)[0m
PyViz visualizer              : [31mOFF (Python Bindings are disabled)[0m
Python Bindings               : OFF (not requested)
SQLite support                : [32mON[0m
Eigen3 support                : [32mON[0m
Tap Bridge                    : [32mON[0m
Tap FdNetDevice               : [32mON[0m
Tests                         : OFF (not requested)


Modules configured to be built:
antenna                   aodv                      applications              
bridge                    buildings                 config-store              
core                      csma                      csma-layout               
dsdv                      dsr                       energy                    
fd-net-device             flow-monitor              internet                  
internet-apps             lr-wpan                   lte                       
mesh                      mobility                  netanim                   
network                   nix-vector-routing        olsr                      
point-to-point            point-to-point-layout     propagation               
sixlowpan                 spectrum                  stats                     
tap-bridge                topology-read             traffic-control           
uan                       virtual-net-device        wifi                      
wimax                     

Modules that cannot be built:
brite                     click                     mpi                       
openflow                  test                      visualizer                



-- Configuring done
-- Generating done
-- Build files have been written to: /home/tasnim/ns-allinone-3.41/ns-3.41/cmake-cache
Warn about uninitialized values.
-- Using default output directory /home/tasnim/ns-allinone-3.41/ns-3.41/build
-- [33mProceeding without cmake-format[0m
-- find_external_library: SQLite3 was found.
-- GSL was found.
-- [33mdocs: doxygen documentation not enabled due to missing dependencies: doxygen dot dia[0m
-- Failed to locate sphinx-build executable (missing: SPHINX_EXECUTABLE) 
-- [33mdocs: sphinx documentation not enabled due to missing dependencies: Sphinx epstopdf pdflatex latexmk convert dvipng[0m
-- Precompiled headers were enabled
-- Processing src/antenna
-- Processing src/aodv
-- Processing src/applications
-- Processing src/bridge
-- Processing src/brite
-- [33mSkipping src/brite[0m
-- Processing src/buildings
-- Processing src/click
-- [33mSkipping src/click[0m
-- Processing src/config-store
-- Processing src/core
-- Boost Units have been found.
-- Processing src/csma
-- Processing src/csma-layout
-- Processing src/dsdv
-- Processing src/dsr
-- Processing src/energy
-- Processing src/fd-net-device
-- Checking for module 'libdpdk'
--   No package 'libdpdk' found
-- Processing src/flow-monitor
-- Processing src/internet
-- Processing src/internet-apps
-- Processing src/lr-wpan
-- Processing src/lte
-- Processing src/mesh
-- Processing src/mobility
-- Processing src/netanim
-- Processing src/network
-- Processing src/nix-vector-routing
-- Processing src/olsr
-- Processing src/openflow
-- [33mSkipping src/openflow[0m
-- Processing src/point-to-point
-- Processing src/point-to-point-layout
-- Processing src/propagation
-- Processing src/sixlowpan
-- Processing src/spectrum
-- Processing src/stats
-- Processing src/tap-bridge
-- Processing src/topology-read
-- Processing src/traffic-control
-- Processing src/uan
-- Processing src/virtual-net-device
-- Processing src/wifi
-- Processing src/wimax
-- ---- Summary of ns-3 settings:
Build profile                 : default
Build directory               : /home/tasnim/ns-allinone-3.41/ns-3.41/build
Build with runtime asserts    : [32mON[0m
Build with runtime logging    : [32mON[0m
Build version embedding       : OFF (not requested)
BRITE Integration             : [31mOFF (Missing headers: "Brite.h" and missing libraries: "brite")[0m
DES Metrics event collection  : OFF (not requested)
DPDK NetDevice                : OFF (not requested)
Emulation FdNetDevice         : [32mON[0m
Examples                      : OFF (not requested)
File descriptor NetDevice     : [32mON[0m
GNU Scientific Library (GSL)  : [32mON[0m
GtkConfigStore                : [32mON[0m
LibXml2 support               : [32mON[0m
MPI Support                   : OFF (not requested)
ns-3 Click Integration        : [31mOFF (Missing headers: "simclick.h" and missing libraries: "nsclick click")[0m
ns-3 OpenFlow Integration     : [31mOFF (Missing headers: "openflow.h" and missing libraries: "openflow")[0m
Netmap emulation FdNetDevice  : [31mOFF (missing dependency)[0m
PyViz visualizer              : [31mOFF (Python Bindings are disabled)[0m
Python Bindings               : OFF (not requested)
SQLite support                : [32mON[0m
Eigen3 support                : [32mON[0m
Tap Bridge                    : [32mON[0m
Tap FdNetDevice               : [32mON[0m
Tests                         : OFF (not requested)


Modules configured to be built:
antenna                   aodv                      applications              
bridge                    buildings                 config-store              
core                      csma                      csma-layout               
dsdv                      dsr                       energy                    
fd-net-device             flow-monitor              internet                  
internet-apps             lr-wpan                   lte                       
mesh                      mobility                  netanim                   
network                   nix-vector-routing        olsr                      
point-to-point            point-to-point-layout     propagation               
sixlowpan                 spectrum                  stats                     
tap-bridge                topology-read             traffic-control           
uan                       virtual-net-device        wifi                      
wimax                     

Modules that cannot be built:
brite                     click                     mpi                       
openflow                  test                      visualizer                



-- Configuring done
-- Generating done
-- Build files have been written to: /home/tasnim/ns-allinone-3.41/ns-3.41/cmake-cache
Finished executing the following commands:
/usr/bin/cmake -S /home/tasnim/ns-allinone-3.41/ns-3.41 -B /home/tasnim/ns-allinone-3.41/ns-3.41/cmake-cache --warn-uninitialized
[0/2] Re-checking globbed directories...
[1/2] Building CXX object scratch/CMakeFiles/scratch_sample_0050.dir/sample_0050.cc.o
FAILED: scratch/CMakeFiles/scratch_sample_0050.dir/sample_0050.cc.o 
/usr/bin/c++ -DEIGEN_MPL2_ONLY -DHAVE_BOOST -DHAVE_BOOST_UNITS -DHAVE_EIGEN3 -DHAVE_GSL -DHAVE_LIBXML2 -DHAVE_PACKET_H -DHAVE_SQLITE3 -DNS3_ASSERT_ENABLE -DNS3_BUILD_PROFILE_DEBUG -DNS3_LOG_ENABLE -DPROJECT_SOURCE_PATH=\"/home/tasnim/ns-allinone-3.41/ns-3.41\" -DRAW_SOCK_CREATOR=\"/home/tasnim/ns-allinone-3.41/ns-3.41/build/src/fd-net-device/ns3.41-raw-sock-creator-default\" -DTAP_DEV_CREATOR=\"/home/tasnim/ns-allinone-3.41/ns-3.41/build/src/fd-net-device/ns3.41-tap-device-creator-default\" -D__LINUX__ -I/home/tasnim/ns-allinone-3.41/ns-3.41/build/include -I/usr -I/usr/include/eigen3 -I/usr/include/freetype2 -I/usr/include/glib-2.0 -I/usr/lib/x86_64-linux-gnu/glib-2.0/include -I/usr/include/gdk-pixbuf-2.0 -I/usr/include/gtk-3.0 -I/usr/include/cairo -I/usr/include/pango-1.0 -I/usr/include/harfbuzz -I/usr/include/atk-1.0 -I/usr/include/libxml2 -O2 -g -DNDEBUG -fPIE   -fno-semantic-interposition -fdiagnostics-color=always -Wall -std=c++20 -Winvalid-pch -include /home/tasnim/ns-allinone-3.41/ns-3.41/cmake-cache/CMakeFiles/stdlib_pch_exec.dir/cmake_pch.hxx -MD -MT scratch/CMakeFiles/scratch_sample_0050.dir/sample_0050.cc.o -MF scratch/CMakeFiles/scratch_sample_0050.dir/sample_0050.cc.o.d -o scratch/CMakeFiles/scratch_sample_0050.dir/sample_0050.cc.o -c /home/tasnim/ns-allinone-3.41/ns-3.41/scratch/sample_0050.cc
/home/tasnim/ns-allinone-3.41/ns-3.41/scratch/sample_0050.cc: In function ‘int main(int, char**)’:
/home/tasnim/ns-allinone-3.41/ns-3.41/scratch/sample_0050.cc:190:26: warning: comparison of integer expressions of different signedness: ‘uint32_t’ {aka ‘unsigned int’} and ‘int’ [-Wsign-compare]
  190 |   for (uint32_t l = 0; l < n1; l++)
      |                        ~~^~~~
/home/tasnim/ns-allinone-3.41/ns-3.41/scratch/sample_0050.cc:200:26: warning: comparison of integer expressions of different signedness: ‘uint32_t’ {aka ‘unsigned int’} and ‘int’ [-Wsign-compare]
  200 |   for (uint32_t l = 0; l < n2; l++)
      |                        ~~^~~~
/home/tasnim/ns-allinone-3.41/ns-3.41/scratch/sample_0050.cc:210:26: warning: comparison of integer expressions of different signedness: ‘uint32_t’ {aka ‘unsigned int’} and ‘int’ [-Wsign-compare]
  210 |   for (uint32_t i = 0; i < n3; i++)
      |                        ~~^~~~
/home/tasnim/ns-allinone-3.41/ns-3.41/scratch/sample_0050.cc:220:26: warning: comparison of integer expressions of different signedness: ‘uint32_t’ {aka ‘unsigned int’} and ‘int’ [-Wsign-compare]
  220 |   for (uint32_t i = 0; i < vd; i++)
      |                        ~~^~~~
/home/tasnim/ns-allinone-3.41/ns-3.41/scratch/sample_0050.cc:299:28: error: ‘class ns3::ApplicationContainer’ has no member named ‘Install’
  299 |       sinkApps2 = sink_app.Install (routers.Get (0));
      |                            ^~~~~~~
/home/tasnim/ns-allinone-3.41/ns-3.41/scratch/sample_0050.cc:301:28: error: ‘class ns3::ApplicationContainer’ has no member named ‘Install’
  301 |       sinkApps2 = sink_app.Install (router2.Get (1));
      |                            ^~~~~~~
/home/tasnim/ns-allinone-3.41/ns-3.41/scratch/sample_0050.cc:342:26: warning: comparison of integer expressions of different signedness: ‘uint32_t’ {aka ‘unsigned int’} and ‘int’ [-Wsign-compare]
  342 |   for (uint32_t i = 0; i < n3; i++)
      |                        ~~^~~~
/home/tasnim/ns-allinone-3.41/ns-3.41/scratch/sample_0050.cc:344:75: error: ‘class ns3::PacketSinkHelper’ has no member named ‘GetNode’
  344 |       std::cout << "Received on Router a: " << std::to_string (packetSink.GetNode ()->GetId ()) << std::endl;
      |                                                                           ^~~~~~~
/home/tasnim/ns-allinone-3.41/ns-3.41/scratch/sample_0050.cc:345:73: error: ‘class ns3::ApplicationContainer’ has no member named ‘GetApplication’
  345 |       std::cout << "Received on Router a: " << std::to_string (sinkApps.GetApplication ()->GetNode ()->GetId ()) << std::endl;
      |                                                                         ^~~~~~~~~~~~~~
/home/tasnim/ns-allinone-3.41/ns-3.41/scratch/sample_0050.cc:347:26: warning: comparison of integer expressions of different signedness: ‘uint32_t’ {aka ‘unsigned int’} and ‘int’ [-Wsign-compare]
  347 |   for (uint32_t i = 0; i < n1; i++)
      |                        ~~^~~~
/home/tasnim/ns-allinone-3.41/ns-3.41/scratch/sample_0050.cc:349:75: error: ‘class ns3::PacketSinkHelper’ has no member named ‘GetNode’
  349 |       std::cout << "Received on Router b: " << std::to_string (packetSink.GetNode ()->GetId ()) << std::endl;
      |                                                                           ^~~~~~~
/home/tasnim/ns-allinone-3.41/ns-3.41/scratch/sample_0050.cc:350:73: error: ‘class ns3::ApplicationContainer’ has no member named ‘GetApplication’
  350 |       std::cout << "Received on Router b: " << std::to_string (sinkApps.GetApplication ()->GetNode ()->GetId ()) << std::endl;
      |                                                                         ^~~~~~~~~~~~~~
/home/tasnim/ns-allinone-3.41/ns-3.41/scratch/sample_0050.cc:352:26: warning: comparison of integer expressions of different signedness: ‘uint32_t’ {aka ‘unsigned int’} and ‘int’ [-Wsign-compare]
  352 |   for (uint32_t i = 0; i < n2; i++)
      |                        ~~^~~~
/home/tasnim/ns-allinone-3.41/ns-3.41/scratch/sample_0050.cc:354:75: error: ‘class ns3::PacketSinkHelper’ has no member named ‘GetNode’
  354 |       std::cout << "Received on Router c: " << std::to_string (packetSink.GetNode ()->GetId ()) << std::endl;
      |                                                                           ^~~~~~~
/home/tasnim/ns-allinone-3.41/ns-3.41/scratch/sample_0050.cc:355:73: error: ‘class ns3::ApplicationContainer’ has no member named ‘GetApplication’
  355 |       std::cout << "Received on Router c: " << std::to_string (sinkApps.GetApplication ()->GetNode ()->GetId ()) << std::endl;
      |                                                                         ^~~~~~~~~~~~~~
/home/tasnim/ns-allinone-3.41/ns-3.41/scratch/sample_0050.cc:359:75: error: ‘class ns3::PacketSinkHelper’ has no member named ‘GetNode’
  359 |       std::cout << "Received on Router C: " << std::to_string (packetSink.GetNode ()->GetId ()) << std::endl;
      |                                                                           ^~~~~~~
/home/tasnim/ns-allinone-3.41/ns-3.41/scratch/sample_0050.cc:360:73: error: ‘class ns3::ApplicationContainer’ has no member named ‘GetApplication’
  360 |       std::cout << "Received on Router C: " << std::to_string (sinkApps.GetApplication ()->GetNode ()->GetId ()) << std::endl;
      |                                                                         ^~~~~~~~~~~~~~
/home/tasnim/ns-allinone-3.41/ns-3.41/scratch/sample_0050.cc:364:75: error: ‘class ns3::PacketSinkHelper’ has no member named ‘GetNode’
  364 |       std::cout << "Received on Router A: " << std::to_string (packetSink.GetNode ()->GetId ()) << std::endl;
      |                                                                           ^~~~~~~
/home/tasnim/ns-allinone-3.41/ns-3.41/scratch/sample_0050.cc:365:73: error: ‘class ns3::ApplicationContainer’ has no member named ‘GetApplication’
  365 |       std::cout << "Received on Router A: " << std::to_string (sinkApps.GetApplication ()->GetNode ()->GetId ()) << std::endl;
      |                                                                         ^~~~~~~~~~~~~~
/home/tasnim/ns-allinone-3.41/ns-3.41/scratch/sample_0050.cc:369:75: error: ‘class ns3::PacketSinkHelper’ has no member named ‘GetNode’
  369 |       std::cout << "Received on Router D: " << std::to_string (packetSink.GetNode ()->GetId ()) << std::endl;
      |                                                                           ^~~~~~~
/home/tasnim/ns-allinone-3.41/ns-3.41/scratch/sample_0050.cc:370:73: error: ‘class ns3::ApplicationContainer’ has no member named ‘GetApplication’
  370 |       std::cout << "Received on Router D: " << std::to_string (sinkApps.GetApplication ()->GetNode ()->GetId ()) << std::endl;
      |                                                                         ^~~~~~~~~~~~~~
ninja: build stopped: subcommand failed.
Finished executing the following commands:
/usr/bin/cmake --build /home/tasnim/ns-allinone-3.41/ns-3.41/cmake-cache -j 31 --target scratch_sample_0050
✗ build failed (sample_0050)
