-- Using default output directory /home/tasnim/ns-allinone-3.41/ns-3.41/build
-- [33mProceeding without cmake-format[0m
-- find_external_library: SQLite3 was found.
-- GSL was found.
-- [33mdocs: doxygen documentation not enabled due to missing dependencies: doxygen dot dia[0m
-- Failed to locate sphinx-build executable (missing: SPHINX_EXECUTABLE) 
-- [33mdocs: sphinx documentation not enabled due to missing dependencies: Sphinx epstopdf pdflatex latexmk convert dvipng[0m
-- Precompiled headers were enabled
-- Processing src/antenna
-- Processing src/aodv
-- Processing src/applications
-- Processing src/bridge
-- Processing src/brite
-- [33mSkipping src/brite[0m
-- Processing src/buildings
-- Processing src/click
-- [33mSkipping src/click[0m
-- Processing src/config-store
-- Processing src/core
-- Boost Units have been found.
-- Processing src/csma
-- Processing src/csma-layout
-- Processing src/dsdv
-- Processing src/dsr
-- Processing src/energy
-- Processing src/fd-net-device
-- Checking for module 'libdpdk'
--   No package 'libdpdk' found
-- Processing src/flow-monitor
-- Processing src/internet
-- Processing src/internet-apps
-- Processing src/lr-wpan
-- Processing src/lte
-- Processing src/mesh
-- Processing src/mobility
-- Processing src/netanim
-- Processing src/network
-- Processing src/nix-vector-routing
-- Processing src/olsr
-- Processing src/openflow
-- [33mSkipping src/openflow[0m
-- Processing src/point-to-point
-- Processing src/point-to-point-layout
-- Processing src/propagation
-- Processing src/sixlowpan
-- Processing src/spectrum
-- Processing src/stats
-- Processing src/tap-bridge
-- Processing src/topology-read
-- Processing src/traffic-control
-- Processing src/uan
-- Processing src/virtual-net-device
-- Processing src/wifi
-- Processing src/wimax
-- ---- Summary of ns-3 settings:
Build profile                 : default
Build directory               : /home/tasnim/ns-allinone-3.41/ns-3.41/build
Build with runtime asserts    : [32mON[0m
Build with runtime logging    : [32mON[0m
Build version embedding       : OFF (not requested)
BRITE Integration             : [31mOFF (Missing headers: "Brite.h" and missing libraries: "brite")[0m
DES Metrics event collection  : OFF (not requested)
DPDK NetDevice                : OFF (not requested)
Emulation FdNetDevice         : [32mON[0m
Examples                      : OFF (not requested)
File descriptor NetDevice     : [32mON[0m
GNU Scientific Library (GSL)  : [32mON[0m
GtkConfigStore                : [32mON[0m
LibXml2 support               : [32mON[0m
MPI Support                   : OFF (not requested)
ns-3 Click Integration        : [31mOFF (Missing headers: "simclick.h" and missing libraries: "nsclick click")[0m
ns-3 OpenFlow Integration     : [31mOFF (Missing headers: "openflow.h" and missing libraries: "openflow")[0m
Netmap emulation FdNetDevice  : [31mOFF (missing dependency)[0m
PyViz visualizer              : [31mOFF (Python Bindings are disabled)[0m
Python Bindings               : OFF (not requested)
SQLite support                : [32mON[0m
Eigen3 support                : [32mON[0m
Tap Bridge                    : [32mON[0m
Tap FdNetDevice               : [32mON[0m
Tests                         : OFF (not requested)


Modules configured to be built:
antenna                   aodv                      applications              
bridge                    buildings                 config-store              
core                      csma                      csma-layout               
dsdv                      dsr                       energy                    
fd-net-device             flow-monitor              internet                  
internet-apps             lr-wpan                   lte                       
mesh                      mobility                  netanim                   
network                   nix-vector-routing        olsr                      
point-to-point            point-to-point-layout     propagation               
sixlowpan                 spectrum                  stats                     
tap-bridge                topology-read             traffic-control           
uan                       virtual-net-device        wifi                      
wimax                     

Modules that cannot be built:
brite                     click                     mpi                       
openflow                  test                      visualizer                



-- Configuring done
-- Generating done
-- Build files have been written to: /home/tasnim/ns-allinone-3.41/ns-3.41/cmake-cache
Warn about uninitialized values.
-- Using default output directory /home/tasnim/ns-allinone-3.41/ns-3.41/build
-- [33mProceeding without cmake-format[0m
-- find_external_library: SQLite3 was found.
-- GSL was found.
-- [33mdocs: doxygen documentation not enabled due to missing dependencies: doxygen dot dia[0m
-- Failed to locate sphinx-build executable (missing: SPHINX_EXECUTABLE) 
-- [33mdocs: sphinx documentation not enabled due to missing dependencies: Sphinx epstopdf pdflatex latexmk convert dvipng[0m
-- Precompiled headers were enabled
-- Processing src/antenna
-- Processing src/aodv
-- Processing src/applications
-- Processing src/bridge
-- Processing src/brite
-- [33mSkipping src/brite[0m
-- Processing src/buildings
-- Processing src/click
-- [33mSkipping src/click[0m
-- Processing src/config-store
-- Processing src/core
-- Boost Units have been found.
-- Processing src/csma
-- Processing src/csma-layout
-- Processing src/dsdv
-- Processing src/dsr
-- Processing src/energy
-- Processing src/fd-net-device
-- Checking for module 'libdpdk'
--   No package 'libdpdk' found
-- Processing src/flow-monitor
-- Processing src/internet
-- Processing src/internet-apps
-- Processing src/lr-wpan
-- Processing src/lte
-- Processing src/mesh
-- Processing src/mobility
-- Processing src/netanim
-- Processing src/network
-- Processing src/nix-vector-routing
-- Processing src/olsr
-- Processing src/openflow
-- [33mSkipping src/openflow[0m
-- Processing src/point-to-point
-- Processing src/point-to-point-layout
-- Processing src/propagation
-- Processing src/sixlowpan
-- Processing src/spectrum
-- Processing src/stats
-- Processing src/tap-bridge
-- Processing src/topology-read
-- Processing src/traffic-control
-- Processing src/uan
-- Processing src/virtual-net-device
-- Processing src/wifi
-- Processing src/wimax
-- ---- Summary of ns-3 settings:
Build profile                 : default
Build directory               : /home/tasnim/ns-allinone-3.41/ns-3.41/build
Build with runtime asserts    : [32mON[0m
Build with runtime logging    : [32mON[0m
Build version embedding       : OFF (not requested)
BRITE Integration             : [31mOFF (Missing headers: "Brite.h" and missing libraries: "brite")[0m
DES Metrics event collection  : OFF (not requested)
DPDK NetDevice                : OFF (not requested)
Emulation FdNetDevice         : [32mON[0m
Examples                      : OFF (not requested)
File descriptor NetDevice     : [32mON[0m
GNU Scientific Library (GSL)  : [32mON[0m
GtkConfigStore                : [32mON[0m
LibXml2 support               : [32mON[0m
MPI Support                   : OFF (not requested)
ns-3 Click Integration        : [31mOFF (Missing headers: "simclick.h" and missing libraries: "nsclick click")[0m
ns-3 OpenFlow Integration     : [31mOFF (Missing headers: "openflow.h" and missing libraries: "openflow")[0m
Netmap emulation FdNetDevice  : [31mOFF (missing dependency)[0m
PyViz visualizer              : [31mOFF (Python Bindings are disabled)[0m
Python Bindings               : OFF (not requested)
SQLite support                : [32mON[0m
Eigen3 support                : [32mON[0m
Tap Bridge                    : [32mON[0m
Tap FdNetDevice               : [32mON[0m
Tests                         : OFF (not requested)


Modules configured to be built:
antenna                   aodv                      applications              
bridge                    buildings                 config-store              
core                      csma                      csma-layout               
dsdv                      dsr                       energy                    
fd-net-device             flow-monitor              internet                  
internet-apps             lr-wpan                   lte                       
mesh                      mobility                  netanim                   
network                   nix-vector-routing        olsr                      
point-to-point            point-to-point-layout     propagation               
sixlowpan                 spectrum                  stats                     
tap-bridge                topology-read             traffic-control           
uan                       virtual-net-device        wifi                      
wimax                     

Modules that cannot be built:
brite                     click                     mpi                       
openflow                  test                      visualizer                



-- Configuring done
-- Generating done
-- Build files have been written to: /home/tasnim/ns-allinone-3.41/ns-3.41/cmake-cache
Finished executing the following commands:
/usr/bin/cmake -S /home/tasnim/ns-allinone-3.41/ns-3.41 -B /home/tasnim/ns-allinone-3.41/ns-3.41/cmake-cache --warn-uninitialized
[0/2] Re-checking globbed directories...
[1/2] Building CXX object scratch/CMakeFiles/scratch_sample_0070.dir/sample_0070.cc.o
FAILED: scratch/CMakeFiles/scratch_sample_0070.dir/sample_0070.cc.o 
/usr/bin/c++ -DEIGEN_MPL2_ONLY -DHAVE_BOOST -DHAVE_BOOST_UNITS -DHAVE_EIGEN3 -DHAVE_GSL -DHAVE_LIBXML2 -DHAVE_PACKET_H -DHAVE_SQLITE3 -DNS3_ASSERT_ENABLE -DNS3_BUILD_PROFILE_DEBUG -DNS3_LOG_ENABLE -DPROJECT_SOURCE_PATH=\"/home/tasnim/ns-allinone-3.41/ns-3.41\" -DRAW_SOCK_CREATOR=\"/home/tasnim/ns-allinone-3.41/ns-3.41/build/src/fd-net-device/ns3.41-raw-sock-creator-default\" -DTAP_DEV_CREATOR=\"/home/tasnim/ns-allinone-3.41/ns-3.41/build/src/fd-net-device/ns3.41-tap-device-creator-default\" -D__LINUX__ -I/home/tasnim/ns-allinone-3.41/ns-3.41/build/include -I/usr -I/usr/include/eigen3 -I/usr/include/freetype2 -I/usr/include/glib-2.0 -I/usr/lib/x86_64-linux-gnu/glib-2.0/include -I/usr/include/gdk-pixbuf-2.0 -I/usr/include/gtk-3.0 -I/usr/include/cairo -I/usr/include/pango-1.0 -I/usr/include/harfbuzz -I/usr/include/atk-1.0 -I/usr/include/libxml2 -O2 -g -DNDEBUG -fPIE   -fno-semantic-interposition -fdiagnostics-color=always -Wall -std=c++20 -Winvalid-pch -include /home/tasnim/ns-allinone-3.41/ns-3.41/cmake-cache/CMakeFiles/stdlib_pch_exec.dir/cmake_pch.hxx -MD -MT scratch/CMakeFiles/scratch_sample_0070.dir/sample_0070.cc.o -MF scratch/CMakeFiles/scratch_sample_0070.dir/sample_0070.cc.o.d -o scratch/CMakeFiles/scratch_sample_0070.dir/sample_0070.cc.o -c /home/tasnim/ns-allinone-3.41/ns-3.41/scratch/sample_0070.cc
/home/tasnim/ns-allinone-3.41/ns-3.41/scratch/sample_0070.cc: In function â€˜int main(int, char**)â€™:
/home/tasnim/ns-allinone-3.41/ns-3.41/scratch/sample_0070.cc:94:9: error: â€˜RateErrorModelâ€™ was not declared in this scope
   94 |     Ptr<RateErrorModel> em = CreateObject<RateErrorModel>();
      |         ^~~~~~~~~~~~~~
/home/tasnim/ns-allinone-3.41/ns-3.41/scratch/sample_0070.cc:94:23: error: template argument 1 is invalid
   94 |     Ptr<RateErrorModel> em = CreateObject<RateErrorModel>();
      |                       ^
/home/tasnim/ns-allinone-3.41/ns-3.41/scratch/sample_0070.cc:94:58: error: no matching function for call to â€˜CreateObject<RateErrorModel>()â€™
   94 |     Ptr<RateErrorModel> em = CreateObject<RateErrorModel>();
      |                              ~~~~~~~~~~~~~~~~~~~~~~~~~~~~^~
In file included from /home/tasnim/ns-allinone-3.41/ns-3.41/build/include/ns3/object.h:1,
                 from /home/tasnim/ns-allinone-3.41/ns-3.41/src/network/model/net-device.h:29,
                 from /home/tasnim/ns-allinone-3.41/ns-3.41/src/network/model/node.h:23,
                 from /home/tasnim/ns-allinone-3.41/ns-3.41/src/network/model/application.h:23,
                 from /home/tasnim/ns-allinone-3.41/ns-3.41/build/include/ns3/application.h:1,
                 from /home/tasnim/ns-allinone-3.41/ns-3.41/src/network/helper/application-container.h:23,
                 from /home/tasnim/ns-allinone-3.41/ns-3.41/build/include/ns3/application-container.h:1,
                 from /home/tasnim/ns-allinone-3.41/ns-3.41/src/applications/helper/bulk-send-helper.h:26,
                 from /home/tasnim/ns-allinone-3.41/ns-3.41/build/include/ns3/bulk-send-helper.h:1,
                 from /home/tasnim/ns-allinone-3.41/ns-3.41/build/include/ns3/applications-module.h:6,
                 from /home/tasnim/ns-allinone-3.41/ns-3.41/scratch/sample_0070.cc:14:
/home/tasnim/ns-allinone-3.41/ns-3.41/src/core/model/object.h:579:1: note: candidate: â€˜template<class T, class ... Args> ns3::Ptr<T> ns3::CreateObject(Args&& ...)â€™
  579 | CreateObject(Args&&... args)
      | ^~~~~~~~~~~~
/home/tasnim/ns-allinone-3.41/ns-3.41/src/core/model/object.h:579:1: note:   template argument deduction/substitution failed:
/home/tasnim/ns-allinone-3.41/ns-3.41/scratch/sample_0070.cc:95:7: error: base operand of â€˜->â€™ is not a pointer
   95 |     em->SetAttribute("ErrorRate", DoubleValue(0.00001));
      |       ^~
/home/tasnim/ns-allinone-3.41/ns-3.41/scratch/sample_0070.cc:96:66: error: no matching function for call to â€˜ns3::PointerValue::PointerValue(int&)â€™
   96 |     dev.Get(1)->SetAttribute("ReceiveErrorModel", PointerValue(em));
      |                                                                  ^
In file included from /home/tasnim/ns-allinone-3.41/ns-3.41/build/include/ns3/pointer.h:1,
                 from /home/tasnim/ns-allinone-3.41/ns-3.41/build/include/ns3/core-module.h:66,
                 from /home/tasnim/ns-allinone-3.41/ns-3.41/scratch/sample_0070.cc:15:
/home/tasnim/ns-allinone-3.41/ns-3.41/src/core/model/pointer.h:68:5: note: candidate: â€˜template<class T> ns3::PointerValue::PointerValue(const ns3::Ptr<T>&)â€™
   68 |     PointerValue(const Ptr<T>& object);
      |     ^~~~~~~~~~~~
/home/tasnim/ns-allinone-3.41/ns-3.41/src/core/model/pointer.h:68:5: note:   template argument deduction/substitution failed:
/home/tasnim/ns-allinone-3.41/ns-3.41/scratch/sample_0070.cc:96:66: note:   mismatched types â€˜const ns3::Ptr<T>â€™ and â€˜intâ€™
   96 |     dev.Get(1)->SetAttribute("ReceiveErrorModel", PointerValue(em));
      |                                                                  ^
In file included from /home/tasnim/ns-allinone-3.41/ns-3.41/build/include/ns3/pointer.h:1,
                 from /home/tasnim/ns-allinone-3.41/ns-3.41/build/include/ns3/core-module.h:66,
                 from /home/tasnim/ns-allinone-3.41/ns-3.41/scratch/sample_0070.cc:15:
/home/tasnim/ns-allinone-3.41/ns-3.41/src/core/model/pointer.h:46:5: note: candidate: â€˜ns3::PointerValue::PointerValue(ns3::Ptr<ns3::Object>)â€™
   46 |     PointerValue(Ptr<Object> object);
      |     ^~~~~~~~~~~~
/home/tasnim/ns-allinone-3.41/ns-3.41/src/core/model/pointer.h:46:30: note:   no known conversion for argument 1 from â€˜intâ€™ to â€˜ns3::Ptr<ns3::Object>â€™
   46 |     PointerValue(Ptr<Object> object);
      |                  ~~~~~~~~~~~~^~~~~~
/home/tasnim/ns-allinone-3.41/ns-3.41/src/core/model/pointer.h:39:5: note: candidate: â€˜ns3::PointerValue::PointerValue()â€™
   39 |     PointerValue();
      |     ^~~~~~~~~~~~
/home/tasnim/ns-allinone-3.41/ns-3.41/src/core/model/pointer.h:39:5: note:   candidate expects 0 arguments, 1 provided
/home/tasnim/ns-allinone-3.41/ns-3.41/src/core/model/pointer.h:36:7: note: candidate: â€˜ns3::PointerValue::PointerValue(const ns3::PointerValue&)â€™
   36 | class PointerValue : public AttributeValue
      |       ^~~~~~~~~~~~
/home/tasnim/ns-allinone-3.41/ns-3.41/src/core/model/pointer.h:36:7: note:   no known conversion for argument 1 from â€˜intâ€™ to â€˜const ns3::PointerValue&â€™
/home/tasnim/ns-allinone-3.41/ns-3.41/src/core/model/pointer.h:36:7: note: candidate: â€˜ns3::PointerValue::PointerValue(ns3::PointerValue&&)â€™
/home/tasnim/ns-allinone-3.41/ns-3.41/src/core/model/pointer.h:36:7: note:   no known conversion for argument 1 from â€˜intâ€™ to â€˜ns3::PointerValue&&â€™
/home/tasnim/ns-allinone-3.41/ns-3.41/scratch/sample_0070.cc:116:36: error: â€˜class ns3::NetDeviceContainerâ€™ has no member named â€˜GetAddressâ€™
  116 |     UdpEchoClientHelper client(dev.GetAddress(1, 0), 9);
      |                                    ^~~~~~~~~~
/home/tasnim/ns-allinone-3.41/ns-3.41/scratch/sample_0070.cc:128:24: error: no matching function for call to â€˜ns3::CsmaHelper::EnableAsciiAll(std::ofstream&)â€™
  128 |     csma.EnableAsciiAll(ascii);
      |     ~~~~~~~~~~~~~~~~~~~^~~~~~~
In file included from /home/tasnim/ns-allinone-3.41/ns-3.41/build/include/ns3/trace-helper.h:1,
                 from /home/tasnim/ns-allinone-3.41/ns-3.41/src/csma/helper/csma-helper.h:28,
                 from /home/tasnim/ns-allinone-3.41/ns-3.41/build/include/ns3/csma-helper.h:1,
                 from /home/tasnim/ns-allinone-3.41/ns-3.41/build/include/ns3/csma-module.h:6,
                 from /home/tasnim/ns-allinone-3.41/ns-3.41/scratch/sample_0070.cc:16:
/home/tasnim/ns-allinone-3.41/ns-3.41/src/network/helper/trace-helper.h:855:10: note: candidate: â€˜void ns3::AsciiTraceHelperForDevice::EnableAsciiAll(std::string)â€™
  855 |     void EnableAsciiAll(std::string prefix);
      |          ^~~~~~~~~~~~~~
/home/tasnim/ns-allinone-3.41/ns-3.41/src/network/helper/trace-helper.h:855:37: note:   no known conversion for argument 1 from â€˜std::ofstreamâ€™ {aka â€˜std::basic_ofstream<char>â€™} to â€˜std::stringâ€™ {aka â€˜std::__cxx11::basic_string<char>â€™}
  855 |     void EnableAsciiAll(std::string prefix);
      |                         ~~~~~~~~~~~~^~~~~~
/home/tasnim/ns-allinone-3.41/ns-3.41/src/network/helper/trace-helper.h:864:10: note: candidate: â€˜void ns3::AsciiTraceHelperForDevice::EnableAsciiAll(ns3::Ptr<ns3::OutputStreamWrapper>)â€™
  864 |     void EnableAsciiAll(Ptr<OutputStreamWrapper> stream);
      |          ^~~~~~~~~~~~~~
/home/tasnim/ns-allinone-3.41/ns-3.41/src/network/helper/trace-helper.h:864:50: note:   no known conversion for argument 1 from â€˜std::ofstreamâ€™ {aka â€˜std::basic_ofstream<char>â€™} to â€˜ns3::Ptr<ns3::OutputStreamWrapper>â€™
  864 |     void EnableAsciiAll(Ptr<OutputStreamWrapper> stream);
      |                         ~~~~~~~~~~~~~~~~~~~~~~~~~^~~~~~
/home/tasnim/ns-allinone-3.41/ns-3.41/scratch/sample_0070.cc:137:75: error: expected primary-expression before â€˜>â€™ token
  137 |         StaticCast<CsmaNetDevice>(n.Get(0)->GetDevice(0))->GetQueue<Packet>(0);
      |                                                                           ^
/home/tasnim/ns-allinone-3.41/ns-3.41/scratch/sample_0070.cc:141:72: error: no matching function for call to â€˜MakeCallback(<unresolved overloaded function type>)â€™
  141 |     queue->TraceConnectWithoutContext("DropBeforeEnqueue", MakeCallback(&MyDrop));
      |                                                            ~~~~~~~~~~~~^~~~~~~~~
In file included from /home/tasnim/ns-allinone-3.41/ns-3.41/src/core/model/type-id.h:25,
                 from /home/tasnim/ns-allinone-3.41/ns-3.41/build/include/ns3/type-id.h:1,
                 from /home/tasnim/ns-allinone-3.41/ns-3.41/src/network/model/byte-tag-list.h:25,
                 from /home/tasnim/ns-allinone-3.41/ns-3.41/src/network/model/packet.h:23,
                 from /home/tasnim/ns-allinone-3.41/ns-3.41/src/network/model/net-device.h:24,
                 from /home/tasnim/ns-allinone-3.41/ns-3.41/src/network/model/node.h:23,
                 from /home/tasnim/ns-allinone-3.41/ns-3.41/src/network/model/application.h:23,
                 from /home/tasnim/ns-allinone-3.41/ns-3.41/build/include/ns3/application.h:1,
                 from /home/tasnim/ns-allinone-3.41/ns-3.41/src/network/helper/application-container.h:23,
                 from /home/tasnim/ns-allinone-3.41/ns-3.41/build/include/ns3/application-container.h:1,
                 from /home/tasnim/ns-allinone-3.41/ns-3.41/src/applications/helper/bulk-send-helper.h:26,
                 from /home/tasnim/ns-allinone-3.41/ns-3.41/build/include/ns3/bulk-send-helper.h:1,
                 from /home/tasnim/ns-allinone-3.41/ns-3.41/build/include/ns3/applications-module.h:6,
                 from /home/tasnim/ns-allinone-3.41/ns-3.41/scratch/sample_0070.cc:14:
/home/tasnim/ns-allinone-3.41/ns-3.41/src/core/model/callback.h:704:1: note: candidate: â€˜template<class T, class OBJ, class R, class ... Args> ns3::Callback<R, Args ...> ns3::MakeCallback(R (T::*)(Args ...), OBJ)â€™
  704 | MakeCallback(R (T::*memPtr)(Args...), OBJ objPtr)
      | ^~~~~~~~~~~~
/home/tasnim/ns-allinone-3.41/ns-3.41/src/core/model/callback.h:704:1: note:   template argument deduction/substitution failed:
/home/tasnim/ns-allinone-3.41/ns-3.41/scratch/sample_0070.cc:141:72: note:   mismatched types â€˜R (T::*)(Args ...)â€™ and â€˜void (*)(const string&, const ns3::Ptr<const ns3::Packet>&)â€™ {aka â€˜void (*)(const std::__cxx11::basic_string<char>&, const ns3::Ptr<const ns3::Packet>&)â€™}
  141 |     queue->TraceConnectWithoutContext("DropBeforeEnqueue", MakeCallback(&MyDrop));
      |                                                            ~~~~~~~~~~~~^~~~~~~~~
/home/tasnim/ns-allinone-3.41/ns-3.41/scratch/sample_0070.cc:141:72: note:   mismatched types â€˜R (T::*)(Args ...)â€™ and â€˜void (*)(const ns3::Ptr<const ns3::Packet>&)â€™
/home/tasnim/ns-allinone-3.41/ns-3.41/scratch/sample_0070.cc:141:72: note:   candidate expects 2 arguments, 1 provided
In file included from /home/tasnim/ns-allinone-3.41/ns-3.41/src/core/model/type-id.h:25,
                 from /home/tasnim/ns-allinone-3.41/ns-3.41/build/include/ns3/type-id.h:1,
                 from /home/tasnim/ns-allinone-3.41/ns-3.41/src/network/model/byte-tag-list.h:25,
                 from /home/tasnim/ns-allinone-3.41/ns-3.41/src/network/model/packet.h:23,
                 from /home/tasnim/ns-allinone-3.41/ns-3.41/src/network/model/net-device.h:24,
                 from /home/tasnim/ns-allinone-3.41/ns-3.41/src/network/model/node.h:23,
                 from /home/tasnim/ns-allinone-3.41/ns-3.41/src/network/model/application.h:23,
                 from /home/tasnim/ns-allinone-3.41/ns-3.41/build/include/ns3/application.h:1,
                 from /home/tasnim/ns-allinone-3.41/ns-3.41/src/network/helper/application-container.h:23,
                 from /home/tasnim/ns-allinone-3.41/ns-3.41/build/include/ns3/application-container.h:1,
                 from /home/tasnim/ns-allinone-3.41/ns-3.41/src/applications/helper/bulk-send-helper.h:26,
                 from /home/tasnim/ns-allinone-3.41/ns-3.41/build/include/ns3/bulk-send-helper.h:1,
                 from /home/tasnim/ns-allinone-3.41/ns-3.41/build/include/ns3/applications-module.h:6,
                 from /home/tasnim/ns-allinone-3.41/ns-3.41/scratch/sample_0070.cc:14:
/home/tasnim/ns-allinone-3.41/ns-3.41/src/core/model/callback.h:711:1: note: candidate: â€˜template<class T, class OBJ, class R, class ... Args> ns3::Callback<R, Args ...> ns3::MakeCallback(R (T::*)(Args ...) const, OBJ)â€™
  711 | MakeCallback(R (T::*memPtr)(Args...) const, OBJ objPtr)
      | ^~~~~~~~~~~~
/home/tasnim/ns-allinone-3.41/ns-3.41/src/core/model/callback.h:711:1: note:   template argument deduction/substitution failed:
/home/tasnim/ns-allinone-3.41/ns-3.41/scratch/sample_0070.cc:141:72: note:   mismatched types â€˜R (T::*)(Args ...) constâ€™ and â€˜void (*)(const string&, const ns3::Ptr<const ns3::Packet>&)â€™ {aka â€˜void (*)(const std::__cxx11::basic_string<char>&, const ns3::Ptr<const ns3::Packet>&)â€™}
  141 |     queue->TraceConnectWithoutContext("DropBeforeEnqueue", MakeCallback(&MyDrop));
      |                                                            ~~~~~~~~~~~~^~~~~~~~~
/home/tasnim/ns-allinone-3.41/ns-3.41/scratch/sample_0070.cc:141:72: note:   mismatched types â€˜R (T::*)(Args ...) constâ€™ and â€˜void (*)(const ns3::Ptr<const ns3::Packet>&)â€™
/home/tasnim/ns-allinone-3.41/ns-3.41/scratch/sample_0070.cc:141:72: note:   candidate expects 2 arguments, 1 provided
In file included from /home/tasnim/ns-allinone-3.41/ns-3.41/src/core/model/type-id.h:25,
                 from /home/tasnim/ns-allinone-3.41/ns-3.41/build/include/ns3/type-id.h:1,
                 from /home/tasnim/ns-allinone-3.41/ns-3.41/src/network/model/byte-tag-list.h:25,
                 from /home/tasnim/ns-allinone-3.41/ns-3.41/src/network/model/packet.h:23,
                 from /home/tasnim/ns-allinone-3.41/ns-3.41/src/network/model/net-device.h:24,
                 from /home/tasnim/ns-allinone-3.41/ns-3.41/src/network/model/node.h:23,
                 from /home/tasnim/ns-allinone-3.41/ns-3.41/src/network/model/application.h:23,
                 from /home/tasnim/ns-allinone-3.41/ns-3.41/build/include/ns3/application.h:1,
                 from /home/tasnim/ns-allinone-3.41/ns-3.41/src/network/helper/application-container.h:23,
                 from /home/tasnim/ns-allinone-3.41/ns-3.41/build/include/ns3/application-container.h:1,
                 from /home/tasnim/ns-allinone-3.41/ns-3.41/src/applications/helper/bulk-send-helper.h:26,
                 from /home/tasnim/ns-allinone-3.41/ns-3.41/build/include/ns3/bulk-send-helper.h:1,
                 from /home/tasnim/ns-allinone-3.41/ns-3.41/build/include/ns3/applications-module.h:6,
                 from /home/tasnim/ns-allinone-3.41/ns-3.41/scratch/sample_0070.cc:14:
/home/tasnim/ns-allinone-3.41/ns-3.41/src/core/model/callback.h:730:1: note: candidate: â€˜template<class R, class ... Args> ns3::Callback<R, Args ...> ns3::MakeCallback(R (*)(Args ...))â€™
  730 | MakeCallback(R (*fnPtr)(Args...))
      | ^~~~~~~~~~~~
/home/tasnim/ns-allinone-3.41/ns-3.41/src/core/model/callback.h:730:1: note:   template argument deduction/substitution failed:
/home/tasnim/ns-allinone-3.41/ns-3.41/scratch/sample_0070.cc:141:72: note:   couldnâ€™t deduce template parameter â€˜Râ€™
  141 |     queue->TraceConnectWithoutContext("DropBeforeEnqueue", MakeCallback(&MyDrop));
      |                                                            ~~~~~~~~~~~~^~~~~~~~~
In file included from /home/tasnim/ns-allinone-3.41/ns-3.41/src/core/model/type-id.h:25,
                 from /home/tasnim/ns-allinone-3.41/ns-3.41/build/include/ns3/type-id.h:1,
                 from /home/tasnim/ns-allinone-3.41/ns-3.41/src/network/model/byte-tag-list.h:25,
                 from /home/tasnim/ns-allinone-3.41/ns-3.41/src/network/model/packet.h:23,
                 from /home/tasnim/ns-allinone-3.41/ns-3.41/src/network/model/net-device.h:24,
                 from /home/tasnim/ns-allinone-3.41/ns-3.41/src/network/model/node.h:23,
                 from /home/tasnim/ns-allinone-3.41/ns-3.41/src/network/model/application.h:23,
                 from /home/tasnim/ns-allinone-3.41/ns-3.41/build/include/ns3/application.h:1,
                 from /home/tasnim/ns-allinone-3.41/ns-3.41/src/network/helper/application-container.h:23,
                 from /home/tasnim/ns-allinone-3.41/ns-3.41/build/include/ns3/application-container.h:1,
                 from /home/tasnim/ns-allinone-3.41/ns-3.41/src/applications/helper/bulk-send-helper.h:26,
                 from /home/tasnim/ns-allinone-3.41/ns-3.41/build/include/ns3/bulk-send-helper.h:1,
                 from /home/tasnim/ns-allinone-3.41/ns-3.41/build/include/ns3/applications-module.h:6,
                 from /home/tasnim/ns-allinone-3.41/ns-3.41/scratch/sample_0070.cc:14:
/home/tasnim/ns-allinone-3.41/ns-3.41/src/core/model/callback.h:786:1: note: candidate: â€˜template<class T, class OBJ, class R, class ... Args, class ... BArgs> auto ns3::MakeCallback(R (T::*)(Args ...), OBJ, BArgs ...)â€™
  786 | MakeCallback(R (T::*memPtr)(Args...), OBJ objPtr, BArgs... bargs)
      | ^~~~~~~~~~~~
/home/tasnim/ns-allinone-3.41/ns-3.41/src/core/model/callback.h:786:1: note:   template argument deduction/substitution failed:
/home/tasnim/ns-allinone-3.41/ns-3.41/scratch/sample_0070.cc:141:72: note:   mismatched types â€˜R (T::*)(Args ...)â€™ and â€˜void (*)(const string&, const ns3::Ptr<const ns3::Packet>&)â€™ {aka â€˜void (*)(const std::__cxx11::basic_string<char>&, const ns3::Ptr<const ns3::Packet>&)â€™}
  141 |     queue->TraceConnectWithoutContext("DropBeforeEnqueue", MakeCallback(&MyDrop));
      |                                                            ~~~~~~~~~~~~^~~~~~~~~
/home/tasnim/ns-allinone-3.41/ns-3.41/scratch/sample_0070.cc:141:72: note:   mismatched types â€˜R (T::*)(Args ...)â€™ and â€˜void (*)(const ns3::Ptr<const ns3::Packet>&)â€™
/home/tasnim/ns-allinone-3.41/ns-3.41/scratch/sample_0070.cc:141:72: note:   candidate expects at least 2 arguments, 1 provided
In file included from /home/tasnim/ns-allinone-3.41/ns-3.41/src/core/model/type-id.h:25,
                 from /home/tasnim/ns-allinone-3.41/ns-3.41/build/include/ns3/type-id.h:1,
                 from /home/tasnim/ns-allinone-3.41/ns-3.41/src/network/model/byte-tag-list.h:25,
                 from /home/tasnim/ns-allinone-3.41/ns-3.41/src/network/model/packet.h:23,
                 from /home/tasnim/ns-allinone-3.41/ns-3.41/src/network/model/net-device.h:24,
                 from /home/tasnim/ns-allinone-3.41/ns-3.41/src/network/model/node.h:23,
                 from /home/tasnim/ns-allinone-3.41/ns-3.41/src/network/model/application.h:23,
                 from /home/tasnim/ns-allinone-3.41/ns-3.41/build/include/ns3/application.h:1,
                 from /home/tasnim/ns-allinone-3.41/ns-3.41/src/network/helper/application-container.h:23,
                 from /home/tasnim/ns-allinone-3.41/ns-3.41/build/include/ns3/application-container.h:1,
                 from /home/tasnim/ns-allinone-3.41/ns-3.41/src/applications/helper/bulk-send-helper.h:26,
                 from /home/tasnim/ns-allinone-3.41/ns-3.41/build/include/ns3/bulk-send-helper.h:1,
                 from /home/tasnim/ns-allinone-3.41/ns-3.41/build/include/ns3/applications-module.h:6,
                 from /home/tasnim/ns-allinone-3.41/ns-3.41/scratch/sample_0070.cc:14:
/home/tasnim/ns-allinone-3.41/ns-3.41/src/core/model/callback.h:793:1: note: candidate: â€˜template<class T, class OBJ, class R, class ... Args, class ... BArgs> auto ns3::MakeCallback(R (T::*)(Args ...) const, OBJ, BArgs ...)â€™
  793 | MakeCallback(R (T::*memPtr)(Args...) const, OBJ objPtr, BArgs... bargs)
      | ^~~~~~~~~~~~
/home/tasnim/ns-allinone-3.41/ns-3.41/src/core/model/callback.h:793:1: note:   template argument deduction/substitution failed:
/home/tasnim/ns-allinone-3.41/ns-3.41/scratch/sample_0070.cc:141:72: note:   mismatched types â€˜R (T::*)(Args ...) constâ€™ and â€˜void (*)(const string&, const ns3::Ptr<const ns3::Packet>&)â€™ {aka â€˜void (*)(const std::__cxx11::basic_string<char>&, const ns3::Ptr<const ns3::Packet>&)â€™}
  141 |     queue->TraceConnectWithoutContext("DropBeforeEnqueue", MakeCallback(&MyDrop));
      |                                                            ~~~~~~~~~~~~^~~~~~~~~
/home/tasnim/ns-allinone-3.41/ns-3.41/scratch/sample_0070.cc:141:72: note:   mismatched types â€˜R (T::*)(Args ...) constâ€™ and â€˜void (*)(const ns3::Ptr<const ns3::Packet>&)â€™
/home/tasnim/ns-allinone-3.41/ns-3.41/scratch/sample_0070.cc:141:72: note:   candidate expects at least 2 arguments, 1 provided
/home/tasnim/ns-allinone-3.41/ns-3.41/scratch/sample_0070.cc:142:71: error: no matching function for call to â€˜MakeCallback(<unresolved overloaded function type>)â€™
  142 |     queue->TraceConnectWithoutContext("DropAfterDequeue", MakeCallback(&MyDrop));
      |                                                           ~~~~~~~~~~~~^~~~~~~~~
In file included from /home/tasnim/ns-allinone-3.41/ns-3.41/src/core/model/type-id.h:25,
                 from /home/tasnim/ns-allinone-3.41/ns-3.41/build/include/ns3/type-id.h:1,
                 from /home/tasnim/ns-allinone-3.41/ns-3.41/src/network/model/byte-tag-list.h:25,
                 from /home/tasnim/ns-allinone-3.41/ns-3.41/src/network/model/packet.h:23,
                 from /home/tasnim/ns-allinone-3.41/ns-3.41/src/network/model/net-device.h:24,
                 from /home/tasnim/ns-allinone-3.41/ns-3.41/src/network/model/node.h:23,
                 from /home/tasnim/ns-allinone-3.41/ns-3.41/src/network/model/application.h:23,
                 from /home/tasnim/ns-allinone-3.41/ns-3.41/build/include/ns3/application.h:1,
                 from /home/tasnim/ns-allinone-3.41/ns-3.41/src/network/helper/application-container.h:23,
                 from /home/tasnim/ns-allinone-3.41/ns-3.41/build/include/ns3/application-container.h:1,
                 from /home/tasnim/ns-allinone-3.41/ns-3.41/src/applications/helper/bulk-send-helper.h:26,
                 from /home/tasnim/ns-allinone-3.41/ns-3.41/build/include/ns3/bulk-send-helper.h:1,
                 from /home/tasnim/ns-allinone-3.41/ns-3.41/build/include/ns3/applications-module.h:6,
                 from /home/tasnim/ns-allinone-3.41/ns-3.41/scratch/sample_0070.cc:14:
/home/tasnim/ns-allinone-3.41/ns-3.41/src/core/model/callback.h:704:1: note: candidate: â€˜template<class T, class OBJ, class R, class ... Args> ns3::Callback<R, Args ...> ns3::MakeCallback(R (T::*)(Args ...), OBJ)â€™
  704 | MakeCallback(R (T::*memPtr)(Args...), OBJ objPtr)
      | ^~~~~~~~~~~~
/home/tasnim/ns-allinone-3.41/ns-3.41/src/core/model/callback.h:704:1: note:   template argument deduction/substitution failed:
/home/tasnim/ns-allinone-3.41/ns-3.41/scratch/sample_0070.cc:142:71: note:   mismatched types â€˜R (T::*)(Args ...)â€™ and â€˜void (*)(const string&, const ns3::Ptr<const ns3::Packet>&)â€™ {aka â€˜void (*)(const std::__cxx11::basic_string<char>&, const ns3::Ptr<const ns3::Packet>&)â€™}
  142 |     queue->TraceConnectWithoutContext("DropAfterDequeue", MakeCallback(&MyDrop));
      |                                                           ~~~~~~~~~~~~^~~~~~~~~
/home/tasnim/ns-allinone-3.41/ns-3.41/scratch/sample_0070.cc:142:71: note:   mismatched types â€˜R (T::*)(Args ...)â€™ and â€˜void (*)(const ns3::Ptr<const ns3::Packet>&)â€™
/home/tasnim/ns-allinone-3.41/ns-3.41/scratch/sample_0070.cc:142:71: note:   candidate expects 2 arguments, 1 provided
In file included from /home/tasnim/ns-allinone-3.41/ns-3.41/src/core/model/type-id.h:25,
                 from /home/tasnim/ns-allinone-3.41/ns-3.41/build/include/ns3/type-id.h:1,
                 from /home/tasnim/ns-allinone-3.41/ns-3.41/src/network/model/byte-tag-list.h:25,
                 from /home/tasnim/ns-allinone-3.41/ns-3.41/src/network/model/packet.h:23,
                 from /home/tasnim/ns-allinone-3.41/ns-3.41/src/network/model/net-device.h:24,
                 from /home/tasnim/ns-allinone-3.41/ns-3.41/src/network/model/node.h:23,
                 from /home/tasnim/ns-allinone-3.41/ns-3.41/src/network/model/application.h:23,
                 from /home/tasnim/ns-allinone-3.41/ns-3.41/build/include/ns3/application.h:1,
                 from /home/tasnim/ns-allinone-3.41/ns-3.41/src/network/helper/application-container.h:23,
                 from /home/tasnim/ns-allinone-3.41/ns-3.41/build/include/ns3/application-container.h:1,
                 from /home/tasnim/ns-allinone-3.41/ns-3.41/src/applications/helper/bulk-send-helper.h:26,
                 from /home/tasnim/ns-allinone-3.41/ns-3.41/build/include/ns3/bulk-send-helper.h:1,
                 from /home/tasnim/ns-allinone-3.41/ns-3.41/build/include/ns3/applications-module.h:6,
                 from /home/tasnim/ns-allinone-3.41/ns-3.41/scratch/sample_0070.cc:14:
/home/tasnim/ns-allinone-3.41/ns-3.41/src/core/model/callback.h:711:1: note: candidate: â€˜template<class T, class OBJ, class R, class ... Args> ns3::Callback<R, Args ...> ns3::MakeCallback(R (T::*)(Args ...) const, OBJ)â€™
  711 | MakeCallback(R (T::*memPtr)(Args...) const, OBJ objPtr)
      | ^~~~~~~~~~~~
/home/tasnim/ns-allinone-3.41/ns-3.41/src/core/model/callback.h:711:1: note:   template argument deduction/substitution failed:
/home/tasnim/ns-allinone-3.41/ns-3.41/scratch/sample_0070.cc:142:71: note:   mismatched types â€˜R (T::*)(Args ...) constâ€™ and â€˜void (*)(const string&, const ns3::Ptr<const ns3::Packet>&)â€™ {aka â€˜void (*)(const std::__cxx11::basic_string<char>&, const ns3::Ptr<const ns3::Packet>&)â€™}
  142 |     queue->TraceConnectWithoutContext("DropAfterDequeue", MakeCallback(&MyDrop));
      |                                                           ~~~~~~~~~~~~^~~~~~~~~
/home/tasnim/ns-allinone-3.41/ns-3.41/scratch/sample_0070.cc:142:71: note:   mismatched types â€˜R (T::*)(Args ...) constâ€™ and â€˜void (*)(const ns3::Ptr<const ns3::Packet>&)â€™
/home/tasnim/ns-allinone-3.41/ns-3.41/scratch/sample_0070.cc:142:71: note:   candidate expects 2 arguments, 1 provided
In file included from /home/tasnim/ns-allinone-3.41/ns-3.41/src/core/model/type-id.h:25,
                 from /home/tasnim/ns-allinone-3.41/ns-3.41/build/include/ns3/type-id.h:1,
                 from /home/tasnim/ns-allinone-3.41/ns-3.41/src/network/model/byte-tag-list.h:25,
                 from /home/tasnim/ns-allinone-3.41/ns-3.41/src/network/model/packet.h:23,
                 from /home/tasnim/ns-allinone-3.41/ns-3.41/src/network/model/net-device.h:24,
                 from /home/tasnim/ns-allinone-3.41/ns-3.41/src/network/model/node.h:23,
                 from /home/tasnim/ns-allinone-3.41/ns-3.41/src/network/model/application.h:23,
                 from /home/tasnim/ns-allinone-3.41/ns-3.41/build/include/ns3/application.h:1,
                 from /home/tasnim/ns-allinone-3.41/ns-3.41/src/network/helper/application-container.h:23,
                 from /home/tasnim/ns-allinone-3.41/ns-3.41/build/include/ns3/application-container.h:1,
                 from /home/tasnim/ns-allinone-3.41/ns-3.41/src/applications/helper/bulk-send-helper.h:26,
                 from /home/tasnim/ns-allinone-3.41/ns-3.41/build/include/ns3/bulk-send-helper.h:1,
                 from /home/tasnim/ns-allinone-3.41/ns-3.41/build/include/ns3/applications-module.h:6,
                 from /home/tasnim/ns-allinone-3.41/ns-3.41/scratch/sample_0070.cc:14:
/home/tasnim/ns-allinone-3.41/ns-3.41/src/core/model/callback.h:730:1: note: candidate: â€˜template<class R, class ... Args> ns3::Callback<R, Args ...> ns3::MakeCallback(R (*)(Args ...))â€™
  730 | MakeCallback(R (*fnPtr)(Args...))
      | ^~~~~~~~~~~~
/home/tasnim/ns-allinone-3.41/ns-3.41/src/core/model/callback.h:730:1: note:   template argument deduction/substitution failed:
/home/tasnim/ns-allinone-3.41/ns-3.41/scratch/sample_0070.cc:142:71: note:   couldnâ€™t deduce template parameter â€˜Râ€™
  142 |     queue->TraceConnectWithoutContext("DropAfterDequeue", MakeCallback(&MyDrop));
      |                                                           ~~~~~~~~~~~~^~~~~~~~~
In file included from /home/tasnim/ns-allinone-3.41/ns-3.41/src/core/model/type-id.h:25,
                 from /home/tasnim/ns-allinone-3.41/ns-3.41/build/include/ns3/type-id.h:1,
                 from /home/tasnim/ns-allinone-3.41/ns-3.41/src/network/model/byte-tag-list.h:25,
                 from /home/tasnim/ns-allinone-3.41/ns-3.41/src/network/model/packet.h:23,
                 from /home/tasnim/ns-allinone-3.41/ns-3.41/src/network/model/net-device.h:24,
                 from /home/tasnim/ns-allinone-3.41/ns-3.41/src/network/model/node.h:23,
                 from /home/tasnim/ns-allinone-3.41/ns-3.41/src/network/model/application.h:23,
                 from /home/tasnim/ns-allinone-3.41/ns-3.41/build/include/ns3/application.h:1,
                 from /home/tasnim/ns-allinone-3.41/ns-3.41/src/network/helper/application-container.h:23,
                 from /home/tasnim/ns-allinone-3.41/ns-3.41/build/include/ns3/application-container.h:1,
                 from /home/tasnim/ns-allinone-3.41/ns-3.41/src/applications/helper/bulk-send-helper.h:26,
                 from /home/tasnim/ns-allinone-3.41/ns-3.41/build/include/ns3/bulk-send-helper.h:1,
                 from /home/tasnim/ns-allinone-3.41/ns-3.41/build/include/ns3/applications-module.h:6,
                 from /home/tasnim/ns-allinone-3.41/ns-3.41/scratch/sample_0070.cc:14:
/home/tasnim/ns-allinone-3.41/ns-3.41/src/core/model/callback.h:786:1: note: candidate: â€˜template<class T, class OBJ, class R, class ... Args, class ... BArgs> auto ns3::MakeCallback(R (T::*)(Args ...), OBJ, BArgs ...)â€™
  786 | MakeCallback(R (T::*memPtr)(Args...), OBJ objPtr, BArgs... bargs)
      | ^~~~~~~~~~~~
/home/tasnim/ns-allinone-3.41/ns-3.41/src/core/model/callback.h:786:1: note:   template argument deduction/substitution failed:
/home/tasnim/ns-allinone-3.41/ns-3.41/scratch/sample_0070.cc:142:71: note:   mismatched types â€˜R (T::*)(Args ...)â€™ and â€˜void (*)(const string&, const ns3::Ptr<const ns3::Packet>&)â€™ {aka â€˜void (*)(const std::__cxx11::basic_string<char>&, const ns3::Ptr<const ns3::Packet>&)â€™}
  142 |     queue->TraceConnectWithoutContext("DropAfterDequeue", MakeCallback(&MyDrop));
      |                                                           ~~~~~~~~~~~~^~~~~~~~~
/home/tasnim/ns-allinone-3.41/ns-3.41/scratch/sample_0070.cc:142:71: note:   mismatched types â€˜R (T::*)(Args ...)â€™ and â€˜void (*)(const ns3::Ptr<const ns3::Packet>&)â€™
/home/tasnim/ns-allinone-3.41/ns-3.41/scratch/sample_0070.cc:142:71: note:   candidate expects at least 2 arguments, 1 provided
In file included from /home/tasnim/ns-allinone-3.41/ns-3.41/src/core/model/type-id.h:25,
                 from /home/tasnim/ns-allinone-3.41/ns-3.41/build/include/ns3/type-id.h:1,
                 from /home/tasnim/ns-allinone-3.41/ns-3.41/src/network/model/byte-tag-list.h:25,
                 from /home/tasnim/ns-allinone-3.41/ns-3.41/src/network/model/packet.h:23,
                 from /home/tasnim/ns-allinone-3.41/ns-3.41/src/network/model/net-device.h:24,
                 from /home/tasnim/ns-allinone-3.41/ns-3.41/src/network/model/node.h:23,
                 from /home/tasnim/ns-allinone-3.41/ns-3.41/src/network/model/application.h:23,
                 from /home/tasnim/ns-allinone-3.41/ns-3.41/build/include/ns3/application.h:1,
                 from /home/tasnim/ns-allinone-3.41/ns-3.41/src/network/helper/application-container.h:23,
                 from /home/tasnim/ns-allinone-3.41/ns-3.41/build/include/ns3/application-container.h:1,
                 from /home/tasnim/ns-allinone-3.41/ns-3.41/src/applications/helper/bulk-send-helper.h:26,
                 from /home/tasnim/ns-allinone-3.41/ns-3.41/build/include/ns3/bulk-send-helper.h:1,
                 from /home/tasnim/ns-allinone-3.41/ns-3.41/build/include/ns3/applications-module.h:6,
                 from /home/tasnim/ns-allinone-3.41/ns-3.41/scratch/sample_0070.cc:14:
/home/tasnim/ns-allinone-3.41/ns-3.41/src/core/model/callback.h:793:1: note: candidate: â€˜template<class T, class OBJ, class R, class ... Args, class ... BArgs> auto ns3::MakeCallback(R (T::*)(Args ...) const, OBJ, BArgs ...)â€™
  793 | MakeCallback(R (T::*memPtr)(Args...) const, OBJ objPtr, BArgs... bargs)
      | ^~~~~~~~~~~~
/home/tasnim/ns-allinone-3.41/ns-3.41/src/core/model/callback.h:793:1: note:   template argument deduction/substitution failed:
/home/tasnim/ns-allinone-3.41/ns-3.41/scratch/sample_0070.cc:142:71: note:   mismatched types â€˜R (T::*)(Args ...) constâ€™ and â€˜void (*)(const string&, const ns3::Ptr<const ns3::Packet>&)â€™ {aka â€˜void (*)(const std::__cxx11::basic_string<char>&, const ns3::Ptr<const ns3::Packet>&)â€™}
  142 |     queue->TraceConnectWithoutContext("DropAfterDequeue", MakeCallback(&MyDrop));
      |                                                           ~~~~~~~~~~~~^~~~~~~~~
/home/tasnim/ns-allinone-3.41/ns-3.41/scratch/sample_0070.cc:142:71: note:   mismatched types â€˜R (T::*)(Args ...) constâ€™ and â€˜void (*)(const ns3::Ptr<const ns3::Packet>&)â€™
/home/tasnim/ns-allinone-3.41/ns-3.41/scratch/sample_0070.cc:142:71: note:   candidate expects at least 2 arguments, 1 provided
/home/tasnim/ns-allinone-3.41/ns-3.41/scratch/sample_0070.cc:146:47: error: no matching function for call to â€˜MakeCallback(<unresolved overloaded function type>)â€™
  146 |                                   MakeCallback(&MyDrop));
      |                                   ~~~~~~~~~~~~^~~~~~~~~
In file included from /home/tasnim/ns-allinone-3.41/ns-3.41/src/core/model/type-id.h:25,
                 from /home/tasnim/ns-allinone-3.41/ns-3.41/build/include/ns3/type-id.h:1,
                 from /home/tasnim/ns-allinone-3.41/ns-3.41/src/network/model/byte-tag-list.h:25,
                 from /home/tasnim/ns-allinone-3.41/ns-3.41/src/network/model/packet.h:23,
                 from /home/tasnim/ns-allinone-3.41/ns-3.41/src/network/model/net-device.h:24,
                 from /home/tasnim/ns-allinone-3.41/ns-3.41/src/network/model/node.h:23,
                 from /home/tasnim/ns-allinone-3.41/ns-3.41/src/network/model/application.h:23,
                 from /home/tasnim/ns-allinone-3.41/ns-3.41/build/include/ns3/application.h:1,
                 from /home/tasnim/ns-allinone-3.41/ns-3.41/src/network/helper/application-container.h:23,
                 from /home/tasnim/ns-allinone-3.41/ns-3.41/build/include/ns3/application-container.h:1,
                 from /home/tasnim/ns-allinone-3.41/ns-3.41/src/applications/helper/bulk-send-helper.h:26,
                 from /home/tasnim/ns-allinone-3.41/ns-3.41/build/include/ns3/bulk-send-helper.h:1,
                 from /home/tasnim/ns-allinone-3.41/ns-3.41/build/include/ns3/applications-module.h:6,
                 from /home/tasnim/ns-allinone-3.41/ns-3.41/scratch/sample_0070.cc:14:
/home/tasnim/ns-allinone-3.41/ns-3.41/src/core/model/callback.h:704:1: note: candidate: â€˜template<class T, class OBJ, class R, class ... Args> ns3::Callback<R, Args ...> ns3::MakeCallback(R (T::*)(Args ...), OBJ)â€™
  704 | MakeCallback(R (T::*memPtr)(Args...), OBJ objPtr)
      | ^~~~~~~~~~~~
/home/tasnim/ns-allinone-3.41/ns-3.41/src/core/model/callback.h:704:1: note:   template argument deduction/substitution failed:
/home/tasnim/ns-allinone-3.41/ns-3.41/scratch/sample_0070.cc:146:47: note:   mismatched types â€˜R (T::*)(Args ...)â€™ and â€˜void (*)(const string&, const ns3::Ptr<const ns3::Packet>&)â€™ {aka â€˜void (*)(const std::__cxx11::basic_string<char>&, const ns3::Ptr<const ns3::Packet>&)â€™}
  146 |                                   MakeCallback(&MyDrop));
      |                                   ~~~~~~~~~~~~^~~~~~~~~
/home/tasnim/ns-allinone-3.41/ns-3.41/scratch/sample_0070.cc:146:47: note:   mismatched types â€˜R (T::*)(Args ...)â€™ and â€˜void (*)(const ns3::Ptr<const ns3::Packet>&)â€™
/home/tasnim/ns-allinone-3.41/ns-3.41/scratch/sample_0070.cc:146:47: note:   candidate expects 2 arguments, 1 provided
In file included from /home/tasnim/ns-allinone-3.41/ns-3.41/src/core/model/type-id.h:25,
                 from /home/tasnim/ns-allinone-3.41/ns-3.41/build/include/ns3/type-id.h:1,
                 from /home/tasnim/ns-allinone-3.41/ns-3.41/src/network/model/byte-tag-list.h:25,
                 from /home/tasnim/ns-allinone-3.41/ns-3.41/src/network/model/packet.h:23,
                 from /home/tasnim/ns-allinone-3.41/ns-3.41/src/network/model/net-device.h:24,
                 from /home/tasnim/ns-allinone-3.41/ns-3.41/src/network/model/node.h:23,
                 from /home/tasnim/ns-allinone-3.41/ns-3.41/src/network/model/application.h:23,
                 from /home/tasnim/ns-allinone-3.41/ns-3.41/build/include/ns3/application.h:1,
                 from /home/tasnim/ns-allinone-3.41/ns-3.41/src/network/helper/application-container.h:23,
                 from /home/tasnim/ns-allinone-3.41/ns-3.41/build/include/ns3/application-container.h:1,
                 from /home/tasnim/ns-allinone-3.41/ns-3.41/src/applications/helper/bulk-send-helper.h:26,
                 from /home/tasnim/ns-allinone-3.41/ns-3.41/build/include/ns3/bulk-send-helper.h:1,
                 from /home/tasnim/ns-allinone-3.41/ns-3.41/build/include/ns3/applications-module.h:6,
                 from /home/tasnim/ns-allinone-3.41/ns-3.41/scratch/sample_0070.cc:14:
/home/tasnim/ns-allinone-3.41/ns-3.41/src/core/model/callback.h:711:1: note: candidate: â€˜template<class T, class OBJ, class R, class ... Args> ns3::Callback<R, Args ...> ns3::MakeCallback(R (T::*)(Args ...) const, OBJ)â€™
  711 | MakeCallback(R (T::*memPtr)(Args...) const, OBJ objPtr)
      | ^~~~~~~~~~~~
/home/tasnim/ns-allinone-3.41/ns-3.41/src/core/model/callback.h:711:1: note:   template argument deduction/substitution failed:
/home/tasnim/ns-allinone-3.41/ns-3.41/scratch/sample_0070.cc:146:47: note:   mismatched types â€˜R (T::*)(Args ...) constâ€™ and â€˜void (*)(const string&, const ns3::Ptr<const ns3::Packet>&)â€™ {aka â€˜void (*)(const std::__cxx11::basic_string<char>&, const ns3::Ptr<const ns3::Packet>&)â€™}
  146 |                                   MakeCallback(&MyDrop));
      |                                   ~~~~~~~~~~~~^~~~~~~~~
/home/tasnim/ns-allinone-3.41/ns-3.41/scratch/sample_0070.cc:146:47: note:   mismatched types â€˜R (T::*)(Args ...) constâ€™ and â€˜void (*)(const ns3::Ptr<const ns3::Packet>&)â€™
/home/tasnim/ns-allinone-3.41/ns-3.41/scratch/sample_0070.cc:146:47: note:   candidate expects 2 arguments, 1 provided
In file included from /home/tasnim/ns-allinone-3.41/ns-3.41/src/core/model/type-id.h:25,
                 from /home/tasnim/ns-allinone-3.41/ns-3.41/build/include/ns3/type-id.h:1,
                 from /home/tasnim/ns-allinone-3.41/ns-3.41/src/network/model/byte-tag-list.h:25,
                 from /home/tasnim/ns-allinone-3.41/ns-3.41/src/network/model/packet.h:23,
                 from /home/tasnim/ns-allinone-3.41/ns-3.41/src/network/model/net-device.h:24,
                 from /home/tasnim/ns-allinone-3.41/ns-3.41/src/network/model/node.h:23,
                 from /home/tasnim/ns-allinone-3.41/ns-3.41/src/network/model/application.h:23,
                 from /home/tasnim/ns-allinone-3.41/ns-3.41/build/include/ns3/application.h:1,
                 from /home/tasnim/ns-allinone-3.41/ns-3.41/src/network/helper/application-container.h:23,
                 from /home/tasnim/ns-allinone-3.41/ns-3.41/build/include/ns3/application-container.h:1,
                 from /home/tasnim/ns-allinone-3.41/ns-3.41/src/applications/helper/bulk-send-helper.h:26,
                 from /home/tasnim/ns-allinone-3.41/ns-3.41/build/include/ns3/bulk-send-helper.h:1,
                 from /home/tasnim/ns-allinone-3.41/ns-3.41/build/include/ns3/applications-module.h:6,
                 from /home/tasnim/ns-allinone-3.41/ns-3.41/scratch/sample_0070.cc:14:
/home/tasnim/ns-allinone-3.41/ns-3.41/src/core/model/callback.h:730:1: note: candidate: â€˜template<class R, class ... Args> ns3::Callback<R, Args ...> ns3::MakeCallback(R (*)(Args ...))â€™
  730 | MakeCallback(R (*fnPtr)(Args...))
      | ^~~~~~~~~~~~
/home/tasnim/ns-allinone-3.41/ns-3.41/src/core/model/callback.h:730:1: note:   template argument deduction/substitution failed:
/home/tasnim/ns-allinone-3.41/ns-3.41/scratch/sample_0070.cc:146:47: note:   couldnâ€™t deduce template parameter â€˜Râ€™
  146 |                                   MakeCallback(&MyDrop));
      |                                   ~~~~~~~~~~~~^~~~~~~~~
In file included from /home/tasnim/ns-allinone-3.41/ns-3.41/src/core/model/type-id.h:25,
                 from /home/tasnim/ns-allinone-3.41/ns-3.41/build/include/ns3/type-id.h:1,
                 from /home/tasnim/ns-allinone-3.41/ns-3.41/src/network/model/byte-tag-list.h:25,
                 from /home/tasnim/ns-allinone-3.41/ns-3.41/src/network/model/packet.h:23,
                 from /home/tasnim/ns-allinone-3.41/ns-3.41/src/network/model/net-device.h:24,
                 from /home/tasnim/ns-allinone-3.41/ns-3.41/src/network/model/node.h:23,
                 from /home/tasnim/ns-allinone-3.41/ns-3.41/src/network/model/application.h:23,
                 from /home/tasnim/ns-allinone-3.41/ns-3.41/build/include/ns3/application.h:1,
                 from /home/tasnim/ns-allinone-3.41/ns-3.41/src/network/helper/application-container.h:23,
                 from /home/tasnim/ns-allinone-3.41/ns-3.41/build/include/ns3/application-container.h:1,
                 from /home/tasnim/ns-allinone-3.41/ns-3.41/src/applications/helper/bulk-send-helper.h:26,
                 from /home/tasnim/ns-allinone-3.41/ns-3.41/build/include/ns3/bulk-send-helper.h:1,
                 from /home/tasnim/ns-allinone-3.41/ns-3.41/build/include/ns3/applications-module.h:6,
                 from /home/tasnim/ns-allinone-3.41/ns-3.41/scratch/sample_0070.cc:14:
/home/tasnim/ns-allinone-3.41/ns-3.41/src/core/model/callback.h:786:1: note: candidate: â€˜template<class T, class OBJ, class R, class ... Args, class ... BArgs> auto ns3::MakeCallback(R (T::*)(Args ...), OBJ, BArgs ...)â€™
  786 | MakeCallback(R (T::*memPtr)(Args...), OBJ objPtr, BArgs... bargs)
      | ^~~~~~~~~~~~
/home/tasnim/ns-allinone-3.41/ns-3.41/src/core/model/callback.h:786:1: note:   template argument deduction/substitution failed:
/home/tasnim/ns-allinone-3.41/ns-3.41/scratch/sample_0070.cc:146:47: note:   mismatched types â€˜R (T::*)(Args ...)â€™ and â€˜void (*)(const string&, const ns3::Ptr<const ns3::Packet>&)â€™ {aka â€˜void (*)(const std::__cxx11::basic_string<char>&, const ns3::Ptr<const ns3::Packet>&)â€™}
  146 |                                   MakeCallback(&MyDrop));
      |                                   ~~~~~~~~~~~~^~~~~~~~~
/home/tasnim/ns-allinone-3.41/ns-3.41/scratch/sample_0070.cc:146:47: note:   mismatched types â€˜R (T::*)(Args ...)â€™ and â€˜void (*)(const ns3::Ptr<const ns3::Packet>&)â€™
/home/tasnim/ns-allinone-3.41/ns-3.41/scratch/sample_0070.cc:146:47: note:   candidate expects at least 2 arguments, 1 provided
In file included from /home/tasnim/ns-allinone-3.41/ns-3.41/src/core/model/type-id.h:25,
                 from /home/tasnim/ns-allinone-3.41/ns-3.41/build/include/ns3/type-id.h:1,
                 from /home/tasnim/ns-allinone-3.41/ns-3.41/src/network/model/byte-tag-list.h:25,
                 from /home/tasnim/ns-allinone-3.41/ns-3.41/src/network/model/packet.h:23,
                 from /home/tasnim/ns-allinone-3.41/ns-3.41/src/network/model/net-device.h:24,
                 from /home/tasnim/ns-allinone-3.41/ns-3.41/src/network/model/node.h:23,
                 from /home/tasnim/ns-allinone-3.41/ns-3.41/src/network/model/application.h:23,
                 from /home/tasnim/ns-allinone-3.41/ns-3.41/build/include/ns3/application.h:1,
                 from /home/tasnim/ns-allinone-3.41/ns-3.41/src/network/helper/application-container.h:23,
                 from /home/tasnim/ns-allinone-3.41/ns-3.41/build/include/ns3/application-container.h:1,
                 from /home/tasnim/ns-allinone-3.41/ns-3.41/src/applications/helper/bulk-send-helper.h:26,
                 from /home/tasnim/ns-allinone-3.41/ns-3.41/build/include/ns3/bulk-send-helper.h:1,
                 from /home/tasnim/ns-allinone-3.41/ns-3.41/build/include/ns3/applications-module.h:6,
                 from /home/tasnim/ns-allinone-3.41/ns-3.41/scratch/sample_0070.cc:14:
/home/tasnim/ns-allinone-3.41/ns-3.41/src/core/model/callback.h:793:1: note: candidate: â€˜template<class T, class OBJ, class R, class ... Args, class ... BArgs> auto ns3::MakeCallback(R (T::*)(Args ...) const, OBJ, BArgs ...)â€™
  793 | MakeCallback(R (T::*memPtr)(Args...) const, OBJ objPtr, BArgs... bargs)
      | ^~~~~~~~~~~~
/home/tasnim/ns-allinone-3.41/ns-3.41/src/core/model/callback.h:793:1: note:   template argument deduction/substitution failed:
/home/tasnim/ns-allinone-3.41/ns-3.41/scratch/sample_0070.cc:146:47: note:   mismatched types â€˜R (T::*)(Args ...) constâ€™ and â€˜void (*)(const string&, const ns3::Ptr<const ns3::Packet>&)â€™ {aka â€˜void (*)(const std::__cxx11::basic_string<char>&, const ns3::Ptr<const ns3::Packet>&)â€™}
  146 |                                   MakeCallback(&MyDrop));
      |                                   ~~~~~~~~~~~~^~~~~~~~~
/home/tasnim/ns-allinone-3.41/ns-3.41/scratch/sample_0070.cc:146:47: note:   mismatched types â€˜R (T::*)(Args ...) constâ€™ and â€˜void (*)(const ns3::Ptr<const ns3::Packet>&)â€™
/home/tasnim/ns-allinone-3.41/ns-3.41/scratch/sample_0070.cc:146:47: note:   candidate expects at least 2 arguments, 1 provided
/home/tasnim/ns-allinone-3.41/ns-3.41/scratch/sample_0070.cc:149:47: error: no matching function for call to â€˜MakeCallback(<unresolved overloaded function type>)â€™
  149 |                                   MakeCallback(&MyDrop));
      |                                   ~~~~~~~~~~~~^~~~~~~~~
In file included from /home/tasnim/ns-allinone-3.41/ns-3.41/src/core/model/type-id.h:25,
                 from /home/tasnim/ns-allinone-3.41/ns-3.41/build/include/ns3/type-id.h:1,
                 from /home/tasnim/ns-allinone-3.41/ns-3.41/src/network/model/byte-tag-list.h:25,
                 from /home/tasnim/ns-allinone-3.41/ns-3.41/src/network/model/packet.h:23,
                 from /home/tasnim/ns-allinone-3.41/ns-3.41/src/network/model/net-device.h:24,
                 from /home/tasnim/ns-allinone-3.41/ns-3.41/src/network/model/node.h:23,
                 from /home/tasnim/ns-allinone-3.41/ns-3.41/src/network/model/application.h:23,
                 from /home/tasnim/ns-allinone-3.41/ns-3.41/build/include/ns3/application.h:1,
                 from /home/tasnim/ns-allinone-3.41/ns-3.41/src/network/helper/application-container.h:23,
                 from /home/tasnim/ns-allinone-3.41/ns-3.41/build/include/ns3/application-container.h:1,
                 from /home/tasnim/ns-allinone-3.41/ns-3.41/src/applications/helper/bulk-send-helper.h:26,
                 from /home/tasnim/ns-allinone-3.41/ns-3.41/build/include/ns3/bulk-send-helper.h:1,
                 from /home/tasnim/ns-allinone-3.41/ns-3.41/build/include/ns3/applications-module.h:6,
                 from /home/tasnim/ns-allinone-3.41/ns-3.41/scratch/sample_0070.cc:14:
/home/tasnim/ns-allinone-3.41/ns-3.41/src/core/model/callback.h:704:1: note: candidate: â€˜template<class T, class OBJ, class R, class ... Args> ns3::Callback<R, Args ...> ns3::MakeCallback(R (T::*)(Args ...), OBJ)â€™
  704 | MakeCallback(R (T::*memPtr)(Args...), OBJ objPtr)
      | ^~~~~~~~~~~~
/home/tasnim/ns-allinone-3.41/ns-3.41/src/core/model/callback.h:704:1: note:   template argument deduction/substitution failed:
/home/tasnim/ns-allinone-3.41/ns-3.41/scratch/sample_0070.cc:149:47: note:   mismatched types â€˜R (T::*)(Args ...)â€™ and â€˜void (*)(const string&, const ns3::Ptr<const ns3::Packet>&)â€™ {aka â€˜void (*)(const std::__cxx11::basic_string<char>&, const ns3::Ptr<const ns3::Packet>&)â€™}
  149 |                                   MakeCallback(&MyDrop));
      |                                   ~~~~~~~~~~~~^~~~~~~~~
/home/tasnim/ns-allinone-3.41/ns-3.41/scratch/sample_0070.cc:149:47: note:   mismatched types â€˜R (T::*)(Args ...)â€™ and â€˜void (*)(const ns3::Ptr<const ns3::Packet>&)â€™
/home/tasnim/ns-allinone-3.41/ns-3.41/scratch/sample_0070.cc:149:47: note:   candidate expects 2 arguments, 1 provided
In file included from /home/tasnim/ns-allinone-3.41/ns-3.41/src/core/model/type-id.h:25,
                 from /home/tasnim/ns-allinone-3.41/ns-3.41/build/include/ns3/type-id.h:1,
                 from /home/tasnim/ns-allinone-3.41/ns-3.41/src/network/model/byte-tag-list.h:25,
                 from /home/tasnim/ns-allinone-3.41/ns-3.41/src/network/model/packet.h:23,
                 from /home/tasnim/ns-allinone-3.41/ns-3.41/src/network/model/net-device.h:24,
                 from /home/tasnim/ns-allinone-3.41/ns-3.41/src/network/model/node.h:23,
                 from /home/tasnim/ns-allinone-3.41/ns-3.41/src/network/model/application.h:23,
                 from /home/tasnim/ns-allinone-3.41/ns-3.41/build/include/ns3/application.h:1,
                 from /home/tasnim/ns-allinone-3.41/ns-3.41/src/network/helper/application-container.h:23,
                 from /home/tasnim/ns-allinone-3.41/ns-3.41/build/include/ns3/application-container.h:1,
                 from /home/tasnim/ns-allinone-3.41/ns-3.41/src/applications/helper/bulk-send-helper.h:26,
                 from /home/tasnim/ns-allinone-3.41/ns-3.41/build/include/ns3/bulk-send-helper.h:1,
                 from /home/tasnim/ns-allinone-3.41/ns-3.41/build/include/ns3/applications-module.h:6,
                 from /home/tasnim/ns-allinone-3.41/ns-3.41/scratch/sample_0070.cc:14:
/home/tasnim/ns-allinone-3.41/ns-3.41/src/core/model/callback.h:711:1: note: candidate: â€˜template<class T, class OBJ, class R, class ... Args> ns3::Callback<R, Args ...> ns3::MakeCallback(R (T::*)(Args ...) const, OBJ)â€™
  711 | MakeCallback(R (T::*memPtr)(Args...) const, OBJ objPtr)
      | ^~~~~~~~~~~~
/home/tasnim/ns-allinone-3.41/ns-3.41/src/core/model/callback.h:711:1: note:   template argument deduction/substitution failed:
/home/tasnim/ns-allinone-3.41/ns-3.41/scratch/sample_0070.cc:149:47: note:   mismatched types â€˜R (T::*)(Args ...) constâ€™ and â€˜void (*)(const string&, const ns3::Ptr<const ns3::Packet>&)â€™ {aka â€˜void (*)(const std::__cxx11::basic_string<char>&, const ns3::Ptr<const ns3::Packet>&)â€™}
  149 |                                   MakeCallback(&MyDrop));
      |                                   ~~~~~~~~~~~~^~~~~~~~~
/home/tasnim/ns-allinone-3.41/ns-3.41/scratch/sample_0070.cc:149:47: note:   mismatched types â€˜R (T::*)(Args ...) constâ€™ and â€˜void (*)(const ns3::Ptr<const ns3::Packet>&)â€™
/home/tasnim/ns-allinone-3.41/ns-3.41/scratch/sample_0070.cc:149:47: note:   candidate expects 2 arguments, 1 provided
In file included from /home/tasnim/ns-allinone-3.41/ns-3.41/src/core/model/type-id.h:25,
                 from /home/tasnim/ns-allinone-3.41/ns-3.41/build/include/ns3/type-id.h:1,
                 from /home/tasnim/ns-allinone-3.41/ns-3.41/src/network/model/byte-tag-list.h:25,
                 from /home/tasnim/ns-allinone-3.41/ns-3.41/src/network/model/packet.h:23,
                 from /home/tasnim/ns-allinone-3.41/ns-3.41/src/network/model/net-device.h:24,
                 from /home/tasnim/ns-allinone-3.41/ns-3.41/src/network/model/node.h:23,
                 from /home/tasnim/ns-allinone-3.41/ns-3.41/src/network/model/application.h:23,
                 from /home/tasnim/ns-allinone-3.41/ns-3.41/build/include/ns3/application.h:1,
                 from /home/tasnim/ns-allinone-3.41/ns-3.41/src/network/helper/application-container.h:23,
                 from /home/tasnim/ns-allinone-3.41/ns-3.41/build/include/ns3/application-container.h:1,
                 from /home/tasnim/ns-allinone-3.41/ns-3.41/src/applications/helper/bulk-send-helper.h:26,
                 from /home/tasnim/ns-allinone-3.41/ns-3.41/build/include/ns3/bulk-send-helper.h:1,
                 from /home/tasnim/ns-allinone-3.41/ns-3.41/build/include/ns3/applications-module.h:6,
                 from /home/tasnim/ns-allinone-3.41/ns-3.41/scratch/sample_0070.cc:14:
/home/tasnim/ns-allinone-3.41/ns-3.41/src/core/model/callback.h:730:1: note: candidate: â€˜template<class R, class ... Args> ns3::Callback<R, Args ...> ns3::MakeCallback(R (*)(Args ...))â€™
  730 | MakeCallback(R (*fnPtr)(Args...))
      | ^~~~~~~~~~~~
/home/tasnim/ns-allinone-3.41/ns-3.41/src/core/model/callback.h:730:1: note:   template argument deduction/substitution failed:
/home/tasnim/ns-allinone-3.41/ns-3.41/scratch/sample_0070.cc:149:47: note:   couldnâ€™t deduce template parameter â€˜Râ€™
  149 |                                   MakeCallback(&MyDrop));
      |                                   ~~~~~~~~~~~~^~~~~~~~~
In file included from /home/tasnim/ns-allinone-3.41/ns-3.41/src/core/model/type-id.h:25,
                 from /home/tasnim/ns-allinone-3.41/ns-3.41/build/include/ns3/type-id.h:1,
                 from /home/tasnim/ns-allinone-3.41/ns-3.41/src/network/model/byte-tag-list.h:25,
                 from /home/tasnim/ns-allinone-3.41/ns-3.41/src/network/model/packet.h:23,
                 from /home/tasnim/ns-allinone-3.41/ns-3.41/src/network/model/net-device.h:24,
                 from /home/tasnim/ns-allinone-3.41/ns-3.41/src/network/model/node.h:23,
                 from /home/tasnim/ns-allinone-3.41/ns-3.41/src/network/model/application.h:23,
                 from /home/tasnim/ns-allinone-3.41/ns-3.41/build/include/ns3/application.h:1,
                 from /home/tasnim/ns-allinone-3.41/ns-3.41/src/network/helper/application-container.h:23,
                 from /home/tasnim/ns-allinone-3.41/ns-3.41/build/include/ns3/application-container.h:1,
                 from /home/tasnim/ns-allinone-3.41/ns-3.41/src/applications/helper/bulk-send-helper.h:26,
                 from /home/tasnim/ns-allinone-3.41/ns-3.41/build/include/ns3/bulk-send-helper.h:1,
                 from /home/tasnim/ns-allinone-3.41/ns-3.41/build/include/ns3/applications-module.h:6,
                 from /home/tasnim/ns-allinone-3.41/ns-3.41/scratch/sample_0070.cc:14:
/home/tasnim/ns-allinone-3.41/ns-3.41/src/core/model/callback.h:786:1: note: candidate: â€˜template<class T, class OBJ, class R, class ... Args, class ... BArgs> auto ns3::MakeCallback(R (T::*)(Args ...), OBJ, BArgs ...)â€™
  786 | MakeCallback(R (T::*memPtr)(Args...), OBJ objPtr, BArgs... bargs)
      | ^~~~~~~~~~~~
/home/tasnim/ns-allinone-3.41/ns-3.41/src/core/model/callback.h:786:1: note:   template argument deduction/substitution failed:
/home/tasnim/ns-allinone-3.41/ns-3.41/scratch/sample_0070.cc:149:47: note:   mismatched types â€˜R (T::*)(Args ...)â€™ and â€˜void (*)(const string&, const ns3::Ptr<const ns3::Packet>&)â€™ {aka â€˜void (*)(const std::__cxx11::basic_string<char>&, const ns3::Ptr<const ns3::Packet>&)â€™}
  149 |                                   MakeCallback(&MyDrop));
      |                                   ~~~~~~~~~~~~^~~~~~~~~
/home/tasnim/ns-allinone-3.41/ns-3.41/scratch/sample_0070.cc:149:47: note:   mismatched types â€˜R (T::*)(Args ...)â€™ and â€˜void (*)(const ns3::Ptr<const ns3::Packet>&)â€™
/home/tasnim/ns-allinone-3.41/ns-3.41/scratch/sample_0070.cc:149:47: note:   candidate expects at least 2 arguments, 1 provided
In file included from /home/tasnim/ns-allinone-3.41/ns-3.41/src/core/model/type-id.h:25,
                 from /home/tasnim/ns-allinone-3.41/ns-3.41/build/include/ns3/type-id.h:1,
                 from /home/tasnim/ns-allinone-3.41/ns-3.41/src/network/model/byte-tag-list.h:25,
                 from /home/tasnim/ns-allinone-3.41/ns-3.41/src/network/model/packet.h:23,
                 from /home/tasnim/ns-allinone-3.41/ns-3.41/src/network/model/net-device.h:24,
                 from /home/tasnim/ns-allinone-3.41/ns-3.41/src/network/model/node.h:23,
                 from /home/tasnim/ns-allinone-3.41/ns-3.41/src/network/model/application.h:23,
                 from /home/tasnim/ns-allinone-3.41/ns-3.41/build/include/ns3/application.h:1,
                 from /home/tasnim/ns-allinone-3.41/ns-3.41/src/network/helper/application-container.h:23,
                 from /home/tasnim/ns-allinone-3.41/ns-3.41/build/include/ns3/application-container.h:1,
                 from /home/tasnim/ns-allinone-3.41/ns-3.41/src/applications/helper/bulk-send-helper.h:26,
                 from /home/tasnim/ns-allinone-3.41/ns-3.41/build/include/ns3/bulk-send-helper.h:1,
                 from /home/tasnim/ns-allinone-3.41/ns-3.41/build/include/ns3/applications-module.h:6,
                 from /home/tasnim/ns-allinone-3.41/ns-3.41/scratch/sample_0070.cc:14:
/home/tasnim/ns-allinone-3.41/ns-3.41/src/core/model/callback.h:793:1: note: candidate: â€˜template<class T, class OBJ, class R, class ... Args, class ... BArgs> auto ns3::MakeCallback(R (T::*)(Args ...) const, OBJ, BArgs ...)â€™
  793 | MakeCallback(R (T::*memPtr)(Args...) const, OBJ objPtr, BArgs... bargs)
      | ^~~~~~~~~~~~
/home/tasnim/ns-allinone-3.41/ns-3.41/src/core/model/callback.h:793:1: note:   template argument deduction/substitution failed:
/home/tasnim/ns-allinone-3.41/ns-3.41/scratch/sample_0070.cc:149:47: note:   mismatched types â€˜R (T::*)(Args ...) constâ€™ and â€˜void (*)(const string&, const ns3::Ptr<const ns3::Packet>&)â€™ {aka â€˜void (*)(const std::__cxx11::basic_string<char>&, const ns3::Ptr<const ns3::Packet>&)â€™}
  149 |                                   MakeCallback(&MyDrop));
      |                                   ~~~~~~~~~~~~^~~~~~~~~
/home/tasnim/ns-allinone-3.41/ns-3.41/scratch/sample_0070.cc:149:47: note:   mismatched types â€˜R (T::*)(Args ...) constâ€™ and â€˜void (*)(const ns3::Ptr<const ns3::Packet>&)â€™
/home/tasnim/ns-allinone-3.41/ns-3.41/scratch/sample_0070.cc:149:47: note:   candidate expects at least 2 arguments, 1 provided
ninja: build stopped: subcommand failed.
Finished executing the following commands:
/usr/bin/cmake --build /home/tasnim/ns-allinone-3.41/ns-3.41/cmake-cache -j 31 --target scratch_sample_0070
âœ— build failed (sample_0070)
